15-Dec-2017 17:12:33.306 INFO [main] sun.reflect.NativeMethodAccessorImpl.invoke Server version:        Apache Tomcat (TomEE)/8.5.20 (7.0.4)
15-Dec-2017 17:12:33.307 INFO [main] sun.reflect.NativeMethodAccessorImpl.invoke Server built:          Aug 2 2017 21:35:49 UTC
15-Dec-2017 17:12:33.307 INFO [main] sun.reflect.NativeMethodAccessorImpl.invoke Server number:         8.5.20.0
15-Dec-2017 17:12:33.308 INFO [main] sun.reflect.NativeMethodAccessorImpl.invoke OS Name:               Windows 10
15-Dec-2017 17:12:33.308 INFO [main] sun.reflect.NativeMethodAccessorImpl.invoke OS Version:            10.0
15-Dec-2017 17:12:33.308 INFO [main] sun.reflect.NativeMethodAccessorImpl.invoke Architecture:          amd64
15-Dec-2017 17:12:33.308 INFO [main] sun.reflect.NativeMethodAccessorImpl.invoke Java Home:             C:\Java\jdk1.8.0_144\jre
15-Dec-2017 17:12:33.308 INFO [main] sun.reflect.NativeMethodAccessorImpl.invoke JVM Version:           1.8.0_144-b01
15-Dec-2017 17:12:33.309 INFO [main] sun.reflect.NativeMethodAccessorImpl.invoke JVM Vendor:            Oracle Corporation
15-Dec-2017 17:12:33.309 INFO [main] sun.reflect.NativeMethodAccessorImpl.invoke CATALINA_BASE:         E:\Projects\Java\Staiter\target\apache-tomee
15-Dec-2017 17:12:33.309 INFO [main] sun.reflect.NativeMethodAccessorImpl.invoke CATALINA_HOME:         E:\Projects\Java\Staiter\target\apache-tomee
15-Dec-2017 17:12:33.309 INFO [main] sun.reflect.NativeMethodAccessorImpl.invoke Command line argument: -XX:+HeapDumpOnOutOfMemoryError
15-Dec-2017 17:12:33.310 INFO [main] sun.reflect.NativeMethodAccessorImpl.invoke Command line argument: -Dorg.apache.catalina.STRICT_SERVLET_COMPLIANCE=false
15-Dec-2017 17:12:33.310 INFO [main] sun.reflect.NativeMethodAccessorImpl.invoke Command line argument: -Dopenejb.session.manager=org.apache.tomee.catalina.session.QuickSessionManager
15-Dec-2017 17:12:33.310 INFO [main] sun.reflect.NativeMethodAccessorImpl.invoke Command line argument: -Dtomee.remote.support=true
15-Dec-2017 17:12:33.314 INFO [main] sun.reflect.NativeMethodAccessorImpl.invoke Command line argument: -Dtomee.jsp-development=true
15-Dec-2017 17:12:33.314 INFO [main] sun.reflect.DelegatingMethodAccessorImpl.invoke Command line argument: -Djava.util.logging.config.file=E:\projects\java\staiter\target\apache-tomee\conf\logging.properties
15-Dec-2017 17:12:33.314 INFO [main] sun.reflect.DelegatingMethodAccessorImpl.invoke Command line argument: -javaagent:E:\projects\java\staiter\target\apache-tomee\lib\openejb-javaagent.jar
15-Dec-2017 17:12:33.314 INFO [main] sun.reflect.DelegatingMethodAccessorImpl.invoke Command line argument: -Djava.util.logging.manager=org.apache.juli.ClassLoaderLogManager
15-Dec-2017 17:12:33.314 INFO [main] sun.reflect.DelegatingMethodAccessorImpl.invoke Command line argument: -Djava.io.tmpdir=E:\projects\java\staiter\target\apache-tomee\temp
15-Dec-2017 17:12:33.314 INFO [main] sun.reflect.DelegatingMethodAccessorImpl.invoke Command line argument: -Dcatalina.base=E:\projects\java\staiter\target\apache-tomee
15-Dec-2017 17:12:33.314 INFO [main] sun.reflect.DelegatingMethodAccessorImpl.invoke Command line argument: -Dcatalina.home=E:\projects\java\staiter\target\apache-tomee
15-Dec-2017 17:12:33.315 INFO [main] sun.reflect.DelegatingMethodAccessorImpl.invoke Command line argument: -Dcatalina.ext.dirs=E:\projects\java\staiter\target\apache-tomee\lib
15-Dec-2017 17:12:33.315 INFO [main] sun.reflect.DelegatingMethodAccessorImpl.invoke Command line argument: -Dorg.apache.tomcat.util.http.ServerCookie.ALLOW_HTTP_SEPARATORS_IN_V0=true
15-Dec-2017 17:12:33.315 INFO [main] sun.reflect.DelegatingMethodAccessorImpl.invoke Command line argument: -ea
15-Dec-2017 17:12:33.315 INFO [main] sun.reflect.DelegatingMethodAccessorImpl.invoke The APR based Apache Tomcat Native library which allows optimal performance in production environments was not found on the java.library.path: [C:\Java\jdk1.8.0_144\jre\bin;C:\WINDOWS\Sun\Java\bin;C:\WINDOWS\system32;C:\WINDOWS;C:\Users\Bren\bin;C:\Git\mingw64\bin;C:\Git\usr\local\bin;C:\Git\usr\bin;C:\Git\usr\bin;C:\Git\mingw64\bin;C:\Git\usr\bin;C:\Users\Bren\bin;C:\ProgramData\Oracle\Java\javapath;C:\WINDOWS\system32;C:\WINDOWS;C:\WINDOWS\System32\Wbem;C:\WINDOWS\System32\WindowsPowerShell\v1.0;C:\xampp\php;C:\apache-maven-3.5.0\bin;C:\Git\cmd;C:\OpenVPN\bin;C:\WINDOWS\system32\config\systemprofile\.dnx\bin;C:\Program Files\Microsoft DNX\Dnvm;C:\Program Files\Microsoft SQL Server\130\Tools\Binn;C:\Program Files (x86)\Microsoft SQL Server\140\Tools\Binn;C:\Program Files\Microsoft SQL Server\140\Tools\Binn;C:\Program Files (x86)\Microsoft SQL Server\140\DTS\Binn;C:\Program Files\Microsoft SQL Server\140\DTS\Binn;C:\Program Files\Microsoft SQL Server\Client SDK\ODBC\130\Tools\Binn;C:\Program Files (x86)\Microsoft SQL Server\Client SDK\ODBC\130\Tools\Binn;C:\Program Files (x86)\Microsoft SQL Server\140\Tools\Binn\ManagementStudio;C:\ProgramData\ComposerSetup\bin;C:\Fiddler;C:\Users\Bren\AppData\Local\Microsoft\WindowsApps;C:\Users\Bren\AppData\Roaming\Composer\vendor\bin;C:\Git\usr\bin\vendor_perl;C:\Git\usr\bin\core_perl;.]
15-Dec-2017 17:12:33.775 INFO [main] sun.reflect.DelegatingMethodAccessorImpl.invoke Initializing ProtocolHandler ["http-nio-8080"]
15-Dec-2017 17:12:34.290 INFO [main] sun.reflect.DelegatingMethodAccessorImpl.invoke Using a shared selector for servlet write/read
15-Dec-2017 17:12:34.298 INFO [main] sun.reflect.DelegatingMethodAccessorImpl.invoke Initializing ProtocolHandler ["ajp-nio-8009"]
15-Dec-2017 17:12:34.313 INFO [main] sun.reflect.DelegatingMethodAccessorImpl.invoke Using a shared selector for servlet write/read
15-Dec-2017 17:12:35.415 INFO [main] org.apache.openejb.util.OptionsLog.info Using 'tomee.remote.support=true'
15-Dec-2017 17:12:35.466 INFO [main] org.apache.openejb.util.OptionsLog.info Using 'openejb.jdbc.datasource-creator=org.apache.tomee.jdbc.TomEEDataSourceCreator'
15-Dec-2017 17:12:35.761 INFO [main] org.apache.openejb.OpenEJB$Instance.<init> ********************************************************************************
15-Dec-2017 17:12:35.761 INFO [main] org.apache.openejb.OpenEJB$Instance.<init> OpenEJB http://tomee.apache.org/
15-Dec-2017 17:12:35.762 INFO [main] org.apache.openejb.OpenEJB$Instance.<init> Startup: Fri Dec 15 17:12:35 ART 2017
15-Dec-2017 17:12:35.762 INFO [main] org.apache.openejb.OpenEJB$Instance.<init> Copyright 1999-2017 (C) Apache OpenEJB Project, All Rights Reserved.
15-Dec-2017 17:12:35.762 INFO [main] org.apache.openejb.OpenEJB$Instance.<init> Version: 7.0.4
15-Dec-2017 17:12:35.762 INFO [main] org.apache.openejb.OpenEJB$Instance.<init> Build date: 20170926
15-Dec-2017 17:12:35.762 INFO [main] org.apache.openejb.OpenEJB$Instance.<init> Build time: 12:10
15-Dec-2017 17:12:35.763 INFO [main] org.apache.openejb.OpenEJB$Instance.<init> ********************************************************************************
15-Dec-2017 17:12:35.764 INFO [main] org.apache.openejb.OpenEJB$Instance.<init> openejb.home = E:\Projects\Java\Staiter\target\apache-tomee
15-Dec-2017 17:12:35.764 INFO [main] org.apache.openejb.OpenEJB$Instance.<init> openejb.base = E:\Projects\Java\Staiter\target\apache-tomee
15-Dec-2017 17:12:35.767 INFO [main] org.apache.openejb.cdi.CdiBuilder.initializeOWB Created new singletonService org.apache.openejb.cdi.ThreadSingletonServiceImpl@6b4a4e18
15-Dec-2017 17:12:35.767 INFO [main] org.apache.openejb.cdi.CdiBuilder.initializeOWB Succeeded in installing singleton service
15-Dec-2017 17:12:35.878 INFO [main] org.apache.openejb.config.ConfigurationFactory.init TomEE configuration file is 'E:\Projects\Java\Staiter\target\apache-tomee\conf\tomee.xml'
15-Dec-2017 17:12:35.981 INFO [main] org.apache.openejb.config.ConfigurationFactory.configureService Configuring Service(id=Tomcat Security Service, type=SecurityService, provider-id=Tomcat Security Service)
15-Dec-2017 17:12:35.984 INFO [main] org.apache.openejb.config.ConfigurationFactory.configureService Configuring Service(id=Default Transaction Manager, type=TransactionManager, provider-id=Default Transaction Manager)
15-Dec-2017 17:12:35.987 INFO [main] org.apache.openejb.config.ConfigurationFactory.configureService Configuring Service(id=StaiterDB, type=Resource, provider-id=Default JDBC Database)
15-Dec-2017 17:12:35.993 INFO [main] org.apache.openejb.util.OptionsLog.info Using 'openejb.deployments.classpath=false'
15-Dec-2017 17:12:35.999 INFO [main] org.apache.openejb.assembler.classic.Assembler.createRecipe Creating TransactionManager(id=Default Transaction Manager)
15-Dec-2017 17:12:36.105 INFO [main] org.apache.openejb.assembler.classic.Assembler.createRecipe Creating SecurityService(id=Tomcat Security Service)
15-Dec-2017 17:12:36.148 INFO [main] org.apache.openejb.assembler.classic.Assembler.createRecipe Creating Resource(id=StaiterDB)
15-Dec-2017 17:12:37.314 INFO [main] org.apache.openejb.server.ServiceManager.initServer Creating ServerService(id=cxf-rs)
15-Dec-2017 17:12:37.736 INFO [main] org.apache.openejb.server.SimpleServiceManager.start   ** Bound Services **
15-Dec-2017 17:12:37.737 INFO [main] org.apache.openejb.server.SimpleServiceManager.printRow   NAME                 IP              PORT  
15-Dec-2017 17:12:37.737 INFO [main] org.apache.openejb.server.SimpleServiceManager.start -------
15-Dec-2017 17:12:37.737 INFO [main] org.apache.openejb.server.SimpleServiceManager.start Ready!
15-Dec-2017 17:12:37.737 INFO [main] sun.reflect.DelegatingMethodAccessorImpl.invoke Initialization processed in 5449 ms
15-Dec-2017 17:12:37.832 INFO [main] org.apache.tomee.catalina.OpenEJBNamingContextListener.bindResource Importing a Tomcat Resource with id 'UserDatabase' of type 'org.apache.catalina.UserDatabase'.
15-Dec-2017 17:12:37.833 INFO [main] org.apache.openejb.assembler.classic.Assembler.createRecipe Creating Resource(id=UserDatabase)
15-Dec-2017 17:12:37.836 INFO [main] sun.reflect.DelegatingMethodAccessorImpl.invoke Starting service [Catalina]
15-Dec-2017 17:12:37.836 INFO [main] sun.reflect.DelegatingMethodAccessorImpl.invoke Starting Servlet Engine: Apache Tomcat (TomEE)/8.5.20 (7.0.4)
15-Dec-2017 17:12:37.887 INFO [localhost-startStop-1] sun.reflect.DelegatingMethodAccessorImpl.invoke Deploying web application archive [E:\Projects\Java\Staiter\target\apache-tomee\webapps\ROOT.war]
15-Dec-2017 17:12:37.906 INFO [localhost-startStop-1] org.apache.tomee.catalina.TomcatWebAppBuilder.init ------------------------- localhost -> /
15-Dec-2017 17:12:37.911 INFO [localhost-startStop-1] org.apache.openejb.util.JarExtractor.extract Extracting jar: E:\Projects\Java\Staiter\target\apache-tomee\webapps\ROOT.war
15-Dec-2017 17:12:42.538 INFO [localhost-startStop-1] org.apache.openejb.util.JarExtractor.extract Extracted path: E:\Projects\Java\Staiter\target\apache-tomee\webapps\ROOT
15-Dec-2017 17:12:42.539 INFO [localhost-startStop-1] org.apache.openejb.util.OptionsLog.info Using 'openejb.session.manager=org.apache.tomee.catalina.session.QuickSessionManager'
15-Dec-2017 17:12:43.505 INFO [localhost-startStop-1] org.apache.openejb.config.ConfigurationFactory.configureApplication Configuring enterprise application: E:\Projects\Java\Staiter\target\apache-tomee\webapps\ROOT
15-Dec-2017 17:12:43.823 INFO [localhost-startStop-1] org.apache.openejb.config.InitEjbDeployments.deploy Auto-deploying ejb PostController: EjbDeployment(deployment-id=PostController)
15-Dec-2017 17:12:43.824 INFO [localhost-startStop-1] org.apache.openejb.config.InitEjbDeployments.deploy Auto-deploying ejb ImageController: EjbDeployment(deployment-id=ImageController)
15-Dec-2017 17:12:43.824 INFO [localhost-startStop-1] org.apache.openejb.config.InitEjbDeployments.deploy Auto-deploying ejb CommentController: EjbDeployment(deployment-id=CommentController)
15-Dec-2017 17:12:43.824 INFO [localhost-startStop-1] org.apache.openejb.config.InitEjbDeployments.deploy Auto-deploying ejb UserController: EjbDeployment(deployment-id=UserController)
15-Dec-2017 17:12:43.835 INFO [localhost-startStop-1] org.apache.openejb.config.ConfigurationFactory.configureService Configuring Service(id=Default Stateless Container, type=Container, provider-id=Default Stateless Container)
15-Dec-2017 17:12:43.836 INFO [localhost-startStop-1] org.apache.openejb.config.AutoConfig.createContainer Auto-creating a container for bean PostController: Container(type=STATELESS, id=Default Stateless Container)
15-Dec-2017 17:12:43.836 INFO [localhost-startStop-1] org.apache.openejb.assembler.classic.Assembler.createRecipe Creating Container(id=Default Stateless Container)
15-Dec-2017 17:12:43.870 INFO [localhost-startStop-1] org.apache.openejb.config.ConfigurationFactory.configureService Configuring Service(id=Default Managed Container, type=Container, provider-id=Default Managed Container)
15-Dec-2017 17:12:43.870 INFO [localhost-startStop-1] org.apache.openejb.config.AutoConfig.createContainer Auto-creating a container for bean .Comp298237852: Container(type=MANAGED, id=Default Managed Container)
15-Dec-2017 17:12:43.871 INFO [localhost-startStop-1] org.apache.openejb.assembler.classic.Assembler.createRecipe Creating Container(id=Default Managed Container)
15-Dec-2017 17:12:43.893 INFO [localhost-startStop-1] org.apache.openejb.core.managed.SimplePassivater.init Using directory E:\projects\java\staiter\target\apache-tomee\temp for stateful session passivation
15-Dec-2017 17:12:43.924 INFO [localhost-startStop-1] org.apache.openejb.config.AutoConfig.deploy Configuring PersistenceUnit(name=staiter-pu)
15-Dec-2017 17:12:43.927 INFO [localhost-startStop-1] org.apache.openejb.config.AutoConfig.logAutoCreateResource Auto-creating a Resource with id 'StaiterDBNonJta' of type 'DataSource for 'staiter-pu'.
15-Dec-2017 17:12:43.928 INFO [localhost-startStop-1] org.apache.openejb.config.AutoConfig.deploy Configuring Service(id=StaiterDBNonJta, type=Resource, provider-id=StaiterDB)
15-Dec-2017 17:12:43.929 INFO [localhost-startStop-1] org.apache.openejb.assembler.classic.Assembler.createRecipe Creating Resource(id=StaiterDBNonJta)
15-Dec-2017 17:12:44.673 INFO [localhost-startStop-1] org.apache.openejb.config.AutoConfig.setNonJtaDataSource Adjusting PersistenceUnit staiter-pu <non-jta-data-source> to Resource ID 'StaiterDBNonJta' from 'null'
15-Dec-2017 17:12:44.730 INFO [localhost-startStop-1] org.apache.openejb.config.AppInfoBuilder.build Enterprise application "E:\Projects\Java\Staiter\target\apache-tomee\webapps\ROOT" loaded.
15-Dec-2017 17:12:44.738 INFO [localhost-startStop-1] org.apache.openejb.assembler.classic.Assembler.createApplication Assembling app: E:\Projects\Java\Staiter\target\apache-tomee\webapps\ROOT
15-Dec-2017 17:12:45.362 INFO [localhost-startStop-1] org.apache.openejb.assembler.classic.ReloadableEntityManagerFactory.createDelegate PersistenceUnit(name=staiter-pu, provider=org.apache.openjpa.persistence.PersistenceProviderImpl) - provider time 581ms
15-Dec-2017 17:12:45.496 INFO [localhost-startStop-1] org.apache.openejb.assembler.classic.JndiBuilder.bind Jndi(name=PostControllerLocalBean) --> Ejb(deployment-id=PostController)
15-Dec-2017 17:12:45.497 INFO [localhost-startStop-1] org.apache.openejb.assembler.classic.JndiBuilder.bind Jndi(name=global/PostController!controller.PostController) --> Ejb(deployment-id=PostController)
15-Dec-2017 17:12:45.499 INFO [localhost-startStop-1] org.apache.openejb.assembler.classic.JndiBuilder.bind Jndi(name=global/PostController) --> Ejb(deployment-id=PostController)
15-Dec-2017 17:12:45.502 INFO [localhost-startStop-1] org.apache.openejb.assembler.classic.JndiBuilder.bind Jndi(name=ImageControllerLocalBean) --> Ejb(deployment-id=ImageController)
15-Dec-2017 17:12:45.502 INFO [localhost-startStop-1] org.apache.openejb.assembler.classic.JndiBuilder.bind Jndi(name=global/ImageController!controller.ImageController) --> Ejb(deployment-id=ImageController)
15-Dec-2017 17:12:45.503 INFO [localhost-startStop-1] org.apache.openejb.assembler.classic.JndiBuilder.bind Jndi(name=global/ImageController) --> Ejb(deployment-id=ImageController)
15-Dec-2017 17:12:45.504 INFO [localhost-startStop-1] org.apache.openejb.assembler.classic.JndiBuilder.bind Jndi(name=CommentControllerLocalBean) --> Ejb(deployment-id=CommentController)
15-Dec-2017 17:12:45.504 INFO [localhost-startStop-1] org.apache.openejb.assembler.classic.JndiBuilder.bind Jndi(name=global/CommentController!controller.CommentController) --> Ejb(deployment-id=CommentController)
15-Dec-2017 17:12:45.505 INFO [localhost-startStop-1] org.apache.openejb.assembler.classic.JndiBuilder.bind Jndi(name=global/CommentController) --> Ejb(deployment-id=CommentController)
15-Dec-2017 17:12:45.506 INFO [localhost-startStop-1] org.apache.openejb.assembler.classic.JndiBuilder.bind Jndi(name=UserControllerLocalBean) --> Ejb(deployment-id=UserController)
15-Dec-2017 17:12:45.507 INFO [localhost-startStop-1] org.apache.openejb.assembler.classic.JndiBuilder.bind Jndi(name=global/UserController!controller.UserController) --> Ejb(deployment-id=UserController)
15-Dec-2017 17:12:45.507 INFO [localhost-startStop-1] org.apache.openejb.assembler.classic.JndiBuilder.bind Jndi(name=global/UserController) --> Ejb(deployment-id=UserController)
15-Dec-2017 17:12:45.578 INFO [localhost-startStop-1] org.apache.openejb.cdi.CdiBuilder.initSingleton Existing thread singleton service in SystemInstance(): org.apache.openejb.cdi.ThreadSingletonServiceImpl@6b4a4e18
15-Dec-2017 17:12:45.746 INFO [localhost-startStop-1] org.apache.openejb.cdi.OpenEJBLifecycle.startApplication OpenWebBeans Container is starting...
15-Dec-2017 17:12:45.758 INFO [localhost-startStop-1] org.apache.webbeans.plugins.PluginLoader.startUp Adding OpenWebBeansPlugin : [CdiPlugin]
15-Dec-2017 17:12:46.454 INFO [localhost-startStop-1] org.apache.webbeans.config.BeansDeployer.validateInjectionPoints All injection points were validated successfully.
15-Dec-2017 17:12:46.463 INFO [localhost-startStop-1] org.apache.openejb.cdi.OpenEJBLifecycle.startApplication OpenWebBeans Container has started, it took 717 ms.
15-Dec-2017 17:12:46.467 INFO [localhost-startStop-1] org.apache.openejb.assembler.classic.Assembler.startEjbs Created Ejb(deployment-id=PostController, ejb-name=PostController, container=Default Stateless Container)
15-Dec-2017 17:12:46.473 INFO [localhost-startStop-1] org.apache.openejb.assembler.classic.Assembler.startEjbs Created Ejb(deployment-id=UserController, ejb-name=UserController, container=Default Stateless Container)
15-Dec-2017 17:12:46.474 INFO [localhost-startStop-1] org.apache.openejb.assembler.classic.Assembler.startEjbs Created Ejb(deployment-id=CommentController, ejb-name=CommentController, container=Default Stateless Container)
15-Dec-2017 17:12:46.474 INFO [localhost-startStop-1] org.apache.openejb.assembler.classic.Assembler.startEjbs Created Ejb(deployment-id=ImageController, ejb-name=ImageController, container=Default Stateless Container)
15-Dec-2017 17:12:46.513 INFO [localhost-startStop-1] org.apache.openejb.assembler.classic.Assembler.startEjbs Started Ejb(deployment-id=PostController, ejb-name=PostController, container=Default Stateless Container)
15-Dec-2017 17:12:46.521 INFO [localhost-startStop-1] org.apache.openejb.assembler.classic.Assembler.startEjbs Started Ejb(deployment-id=UserController, ejb-name=UserController, container=Default Stateless Container)
15-Dec-2017 17:12:46.528 INFO [localhost-startStop-1] org.apache.openejb.assembler.classic.Assembler.startEjbs Started Ejb(deployment-id=CommentController, ejb-name=CommentController, container=Default Stateless Container)
15-Dec-2017 17:12:46.535 INFO [localhost-startStop-1] org.apache.openejb.assembler.classic.Assembler.startEjbs Started Ejb(deployment-id=ImageController, ejb-name=ImageController, container=Default Stateless Container)
15-Dec-2017 17:12:46.543 INFO [localhost-startStop-1] org.apache.openejb.assembler.classic.Assembler.createApplication Deployed Application(path=E:\Projects\Java\Staiter\target\apache-tomee\webapps\ROOT)
15-Dec-2017 17:12:46.920 INFO [localhost-startStop-1] org.apache.tomee.myfaces.TomEEMyFacesContainerInitializer.addListener Installing <listener>org.apache.myfaces.webapp.StartupServletContextListener</listener>
15-Dec-2017 17:12:47.084 INFO [localhost-startStop-1] org.apache.myfaces.config.DefaultFacesConfigurationProvider.getStandardFacesConfig Reading standard config META-INF/standard-faces-config.xml
15-Dec-2017 17:12:47.634 INFO [localhost-startStop-1] org.apache.myfaces.config.DefaultFacesConfigurationProvider.getWebAppFacesConfig Reading config /WEB-INF/faces-config.xml
15-Dec-2017 17:12:47.711 INFO [localhost-startStop-1] org.apache.myfaces.config.DefaultFacesConfigurationProvider.getClassloaderFacesConfig Reading config : jar:file:/E:/Projects/Java/Staiter/target/apache-tomee/lib/openwebbeans-el22-1.7.4.jar!/META-INF/faces-config.xml
15-Dec-2017 17:12:47.713 INFO [localhost-startStop-1] org.apache.myfaces.config.DefaultFacesConfigurationProvider.getClassloaderFacesConfig Reading config : jar:file:/E:/Projects/Java/Staiter/target/apache-tomee/lib/openwebbeans-jsf-1.7.4.jar!/META-INF/faces-config.xml
15-Dec-2017 17:12:47.989 INFO [localhost-startStop-1] org.apache.myfaces.config.LogMetaInfUtils.logArtifact Artifact 'myfaces-api' was found in version '2.2.12' from path 'file:/E:/Projects/Java/Staiter/target/apache-tomee/lib/myfaces-api-2.2.12.jar'
15-Dec-2017 17:12:47.990 INFO [localhost-startStop-1] org.apache.myfaces.config.LogMetaInfUtils.logArtifact Artifact 'myfaces-impl' was found in version '2.2.12' from path 'file:/E:/Projects/Java/Staiter/target/apache-tomee/lib/myfaces-impl-2.2.12.jar'
15-Dec-2017 17:12:48.034 INFO [localhost-startStop-1] org.apache.myfaces.util.ExternalSpecifications.isCDIAvailable MyFaces CDI support enabled
15-Dec-2017 17:12:48.039 INFO [localhost-startStop-1] org.apache.myfaces.spi.impl.DefaultInjectionProviderFactory.getInjectionProvider Using InjectionProvider org.apache.myfaces.spi.impl.CDIAnnotationDelegateInjectionProvider
15-Dec-2017 17:12:48.190 INFO [localhost-startStop-1] org.apache.myfaces.util.ExternalSpecifications.isBeanValidationAvailable MyFaces Bean Validation support enabled
15-Dec-2017 17:12:48.570 INFO [localhost-startStop-1] org.apache.myfaces.application.ApplicationImpl.getProjectStage Couldn't discover the current project stage, using Production
15-Dec-2017 17:12:48.571 INFO [localhost-startStop-1] org.apache.myfaces.config.FacesConfigurator.handleSerialFactory Serialization provider : class org.apache.myfaces.shared_impl.util.serial.DefaultSerialFactory
15-Dec-2017 17:12:48.586 INFO [localhost-startStop-1] org.apache.myfaces.config.annotation.DefaultLifecycleProviderFactory.getLifecycleProvider Using LifecycleProvider org.apache.myfaces.config.annotation.Tomcat7AnnotationLifecycleProvider
15-Dec-2017 17:12:49.502 INFO [localhost-startStop-1] org.apache.myfaces.webapp.AbstractFacesInitializer.initFaces ServletContext initialized.
15-Dec-2017 17:12:49.514 INFO [localhost-startStop-1] org.apache.myfaces.util.ExternalSpecifications.isUnifiedELAvailable MyFaces Unified EL support enabled
15-Dec-2017 17:12:49.527 INFO [localhost-startStop-1] org.apache.myfaces.view.facelets.ViewPoolProcessor.initialize org.apache.myfaces.CACHE_EL_EXPRESSIONS web config parameter is set to "noCache". To enable view pooling this param must be set to "alwaysRecompile". View Pooling disabled.
15-Dec-2017 17:12:49.595 INFO [localhost-startStop-1] org.apache.myfaces.webapp.StartupServletContextListener.contextInitialized MyFaces Core has started, it took [2658] ms.
15-Dec-2017 17:12:49.867 INFO [localhost-startStop-1] sun.reflect.DelegatingMethodAccessorImpl.invoke Deployment of web application archive [E:\Projects\Java\Staiter\target\apache-tomee\webapps\ROOT.war] has finished in [11,977] ms
15-Dec-2017 17:12:49.892 INFO [Catalina-startStop-1] org.apache.catalina.core.StandardContext.setClassLoaderProperty Unable to set the web application class loader property [clearReferencesRmiTargets] to [true] as the property does not exist.
15-Dec-2017 17:12:49.916 INFO [main] sun.reflect.DelegatingMethodAccessorImpl.invoke Starting ProtocolHandler ["http-nio-8080"]
15-Dec-2017 17:12:49.938 INFO [main] sun.reflect.DelegatingMethodAccessorImpl.invoke Starting ProtocolHandler ["ajp-nio-8009"]
15-Dec-2017 17:12:49.942 INFO [main] sun.reflect.DelegatingMethodAccessorImpl.invoke Server startup in 12204 ms
15-Dec-2017 17:13:47.493 INFO [http-nio-8080-exec-1] org.apache.myfaces.el.unified.ResolverBuilderBase.sortELResolvers Chain of EL resolvers for JSP sorted with: org.apache.myfaces.el.unified.OpenWebBeansELResolverComparator@309cd64c and the result order is [org.apache.myfaces.el.unified.resolver.implicitobject.ImplicitObjectResolver@3e5b2e2f, org.apache.myfaces.el.FlashELResolver@3a64bd3c, org.apache.myfaces.el.unified.resolver.ManagedBeanResolver@7f662414, org.apache.myfaces.el.unified.resolver.ResourceBundleResolver@299ea302, org.apache.myfaces.el.unified.resolver.ResourceResolver@4ed3da48, org.apache.webbeans.el22.WebBeansELResolver@51c103f3, org.apache.myfaces.el.convert.VariableResolverToELResolver@1f49db5b, org.apache.myfaces.el.convert.PropertyResolverToELResolver@4313ed03]
15-Dec-2017 17:13:47.710 INFO [http-nio-8080-exec-1] org.apache.myfaces.el.unified.ResolverBuilderBase.sortELResolvers Chain of EL resolvers for Faces sorted with: org.apache.myfaces.el.unified.OpenWebBeansELResolverComparator@309cd64c and the result order is [org.apache.myfaces.el.unified.resolver.implicitobject.ImplicitObjectResolver@13c26eb3, org.apache.myfaces.el.unified.resolver.CompositeComponentELResolver@4ac529a3, org.apache.webbeans.el22.WebBeansELResolver@51c103f3, org.apache.myfaces.el.convert.VariableResolverToELResolver@1b07a0a3, org.apache.myfaces.el.convert.PropertyResolverToELResolver@47203d35, org.apache.myfaces.el.FlashELResolver@47976494, org.apache.myfaces.el.unified.resolver.ManagedBeanResolver@24fcc5f4, org.apache.myfaces.el.unified.resolver.ResourceResolver@2587b70, javax.el.ResourceBundleELResolver@4457379b, org.apache.myfaces.el.unified.resolver.ResourceBundleResolver@38984841, org.apache.el.stream.StreamELResolverImpl@7a89f9c3, javax.el.StaticFieldELResolver@3b4b9e19, javax.el.MapELResolver@465d8d04, javax.el.ListELResolver@3c7d1fce, javax.el.ArrayELResolver@98fae63, javax.el.BeanELResolver@6ed3421d]
15-Dec-2017 17:13:48.172 INFO [http-nio-8080-exec-1] javax.faces.component._ExternalSpecifications.isBeanValidationAvailable MyFaces Bean Validation support enabled
