Nov 02, 2017 10:17:34 AM org.apache.catalina.core.AprLifecycleListener init
INFO: The APR based Apache Tomcat Native library which allows optimal performance in production environments was not found on the java.library.path: C:\Java\jdk1.8.0_144\jre\bin;C:\WINDOWS\Sun\Java\bin;C:\WINDOWS\system32;C:\WINDOWS;C:\ProgramData\Oracle\Java\javapath;C:\WINDOWS\system32;C:\WINDOWS;C:\WINDOWS\System32\Wbem;C:\WINDOWS\System32\WindowsPowerShell\v1.0\;C:\OpenVPN\bin;C:\xampp\php;C:\apache-maven-3.5.0\bin;C:\Fiddler;%USERPROFILE%\AppData\Local\Microsoft\WindowsApps;;.
Nov 02, 2017 10:17:35 AM org.apache.coyote.AbstractProtocol init
INFO: Initializing ProtocolHandler ["http-bio-8080"]
Nov 02, 2017 10:17:35 AM org.apache.coyote.AbstractProtocol init
INFO: Initializing ProtocolHandler ["ajp-bio-8009"]
Nov 02, 2017 10:17:37 AM org.apache.openejb.util.OptionsLog info
INFO: Using 'tomee.remote.support=true'
Nov 02, 2017 10:17:37 AM org.apache.openejb.util.OptionsLog info
INFO: Using 'openejb.jdbc.datasource-creator=org.apache.tomee.jdbc.TomEEDataSourceCreator'
Nov 02, 2017 10:17:37 AM org.apache.openejb.OpenEJB$Instance <init>
INFO: ********************************************************************************
Nov 02, 2017 10:17:37 AM org.apache.openejb.OpenEJB$Instance <init>
INFO: OpenEJB http://openejb.apache.org/
Nov 02, 2017 10:17:37 AM org.apache.openejb.OpenEJB$Instance <init>
INFO: Startup: Thu Nov 02 10:17:37 ART 2017
Nov 02, 2017 10:17:37 AM org.apache.openejb.OpenEJB$Instance <init>
INFO: Copyright 1999-2013 (C) Apache OpenEJB Project, All Rights Reserved.
Nov 02, 2017 10:17:37 AM org.apache.openejb.OpenEJB$Instance <init>
INFO: Version: 4.7.0
Nov 02, 2017 10:17:37 AM org.apache.openejb.OpenEJB$Instance <init>
INFO: Build date: 20140810
Nov 02, 2017 10:17:37 AM org.apache.openejb.OpenEJB$Instance <init>
INFO: Build time: 12:40
Nov 02, 2017 10:17:37 AM org.apache.openejb.OpenEJB$Instance <init>
INFO: ********************************************************************************
Nov 02, 2017 10:17:37 AM org.apache.openejb.OpenEJB$Instance <init>
INFO: openejb.home = E:\Projects\Java\Staiter\target\apache-tomee
Nov 02, 2017 10:17:37 AM org.apache.openejb.OpenEJB$Instance <init>
INFO: openejb.base = E:\Projects\Java\Staiter\target\apache-tomee
Nov 02, 2017 10:17:37 AM org.apache.openejb.cdi.CdiBuilder initializeOWB
INFO: Created new singletonService org.apache.openejb.cdi.ThreadSingletonServiceImpl@73d4cc9e
Nov 02, 2017 10:17:37 AM org.apache.openejb.cdi.CdiBuilder initializeOWB
INFO: Succeeded in installing singleton service
Nov 02, 2017 10:17:37 AM org.apache.openejb.config.ConfigurationFactory init
INFO: openejb configuration file is 'E:\Projects\Java\Staiter\target\apache-tomee\conf\tomee.xml'
Nov 02, 2017 10:17:37 AM org.apache.openejb.config.ConfigurationFactory configureService
INFO: Configuring Service(id=Tomcat Security Service, type=SecurityService, provider-id=Tomcat Security Service)
Nov 02, 2017 10:17:37 AM org.apache.openejb.config.ConfigurationFactory configureService
INFO: Configuring Service(id=Default Transaction Manager, type=TransactionManager, provider-id=Default Transaction Manager)
Nov 02, 2017 10:17:37 AM org.apache.openejb.config.ConfigurationFactory configureService
INFO: Configuring Service(id=StaiterDB, type=Resource, provider-id=Default JDBC Database)
Nov 02, 2017 10:17:37 AM org.apache.openejb.util.OptionsLog info
INFO: Using 'openejb.system.apps=true'
Nov 02, 2017 10:17:37 AM org.apache.openejb.config.ConfigurationFactory configureApplication
INFO: Configuring enterprise application: openejb
Nov 02, 2017 10:17:38 AM org.apache.openejb.config.InitEjbDeployments deploy
INFO: Using openejb.deploymentId.format '{ejbName}'
Nov 02, 2017 10:17:38 AM org.apache.openejb.config.InitEjbDeployments deploy
INFO: Auto-deploying ejb openejb/Deployer: EjbDeployment(deployment-id=openejb/Deployer)
Nov 02, 2017 10:17:38 AM org.apache.openejb.config.InitEjbDeployments deploy
INFO: Auto-deploying ejb openejb/ConfigurationInfo: EjbDeployment(deployment-id=openejb/ConfigurationInfo)
Nov 02, 2017 10:17:38 AM org.apache.openejb.config.InitEjbDeployments deploy
INFO: Auto-deploying ejb MEJB: EjbDeployment(deployment-id=MEJB)
Nov 02, 2017 10:17:38 AM org.apache.openejb.config.ConfigurationFactory configureService
INFO: Configuring Service(id=Default Stateless Container, type=Container, provider-id=Default Stateless Container)
Nov 02, 2017 10:17:38 AM org.apache.openejb.config.AutoConfig createContainer
INFO: Auto-creating a container for bean openejb/Deployer: Container(type=STATELESS, id=Default Stateless Container)
Nov 02, 2017 10:17:39 AM org.apache.openejb.config.AppInfoBuilder build
INFO: Enterprise application "openejb" loaded.
Nov 02, 2017 10:17:39 AM org.apache.openejb.assembler.classic.Assembler createRecipe
INFO: Creating TransactionManager(id=Default Transaction Manager)
Nov 02, 2017 10:17:39 AM org.apache.openejb.assembler.classic.Assembler createRecipe
INFO: Creating SecurityService(id=Tomcat Security Service)
Nov 02, 2017 10:17:39 AM org.apache.openejb.assembler.classic.Assembler createRecipe
INFO: Creating Resource(id=StaiterDB)
Nov 02, 2017 10:17:39 AM org.apache.tomee.jdbc.TomEEDataSourceCreator$TomEEDataSource readOnly
INFO: Disabling testOnBorrow since no validation query is provided
Nov 02, 2017 10:17:39 AM org.apache.openejb.assembler.classic.Assembler createRecipe
INFO: Creating Container(id=Default Stateless Container)
Nov 02, 2017 10:17:39 AM org.apache.openejb.assembler.classic.Assembler createApplication
INFO: Assembling app: openejb
Nov 02, 2017 10:17:39 AM org.apache.openejb.util.OptionsLog info
INFO: Using 'openejb.jndiname.format={deploymentId}{interfaceType.openejbLegacyName}'
Nov 02, 2017 10:17:39 AM org.apache.openejb.assembler.classic.JndiBuilder bind
INFO: Jndi(name=openejb/DeployerBusinessRemote) --> Ejb(deployment-id=openejb/Deployer)
Nov 02, 2017 10:17:39 AM org.apache.openejb.assembler.classic.JndiBuilder bind
INFO: Jndi(name=global/openejb/openejb/Deployer!org.apache.openejb.assembler.Deployer) --> Ejb(deployment-id=openejb/Deployer)
Nov 02, 2017 10:17:39 AM org.apache.openejb.assembler.classic.JndiBuilder bind
INFO: Jndi(name=global/openejb/openejb/Deployer) --> Ejb(deployment-id=openejb/Deployer)
Nov 02, 2017 10:17:39 AM org.apache.openejb.assembler.classic.JndiBuilder bind
INFO: Jndi(name=openejb/ConfigurationInfoBusinessRemote) --> Ejb(deployment-id=openejb/ConfigurationInfo)
Nov 02, 2017 10:17:39 AM org.apache.openejb.assembler.classic.JndiBuilder bind
INFO: Jndi(name=global/openejb/openejb/ConfigurationInfo!org.apache.openejb.assembler.classic.cmd.ConfigurationInfo) --> Ejb(deployment-id=openejb/ConfigurationInfo)
Nov 02, 2017 10:17:39 AM org.apache.openejb.assembler.classic.JndiBuilder bind
INFO: Jndi(name=global/openejb/openejb/ConfigurationInfo) --> Ejb(deployment-id=openejb/ConfigurationInfo)
Nov 02, 2017 10:17:39 AM org.apache.openejb.assembler.classic.JndiBuilder bind
INFO: Jndi(name=MEJB) --> Ejb(deployment-id=MEJB)
Nov 02, 2017 10:17:39 AM org.apache.openejb.assembler.classic.JndiBuilder bind
INFO: Jndi(name=global/openejb/MEJB!javax.management.j2ee.ManagementHome) --> Ejb(deployment-id=MEJB)
Nov 02, 2017 10:17:39 AM org.apache.openejb.assembler.classic.JndiBuilder bind
INFO: Jndi(name=global/openejb/MEJB) --> Ejb(deployment-id=MEJB)
Nov 02, 2017 10:17:39 AM org.apache.openejb.assembler.classic.Assembler startEjbs
INFO: Created Ejb(deployment-id=MEJB, ejb-name=MEJB, container=Default Stateless Container)
Nov 02, 2017 10:17:39 AM org.apache.openejb.assembler.classic.Assembler startEjbs
INFO: Created Ejb(deployment-id=openejb/ConfigurationInfo, ejb-name=openejb/ConfigurationInfo, container=Default Stateless Container)
Nov 02, 2017 10:17:39 AM org.apache.openejb.assembler.classic.Assembler startEjbs
INFO: Created Ejb(deployment-id=openejb/Deployer, ejb-name=openejb/Deployer, container=Default Stateless Container)
Nov 02, 2017 10:17:39 AM org.apache.openejb.assembler.classic.Assembler startEjbs
INFO: Started Ejb(deployment-id=MEJB, ejb-name=MEJB, container=Default Stateless Container)
Nov 02, 2017 10:17:39 AM org.apache.openejb.assembler.classic.Assembler startEjbs
INFO: Started Ejb(deployment-id=openejb/ConfigurationInfo, ejb-name=openejb/ConfigurationInfo, container=Default Stateless Container)
Nov 02, 2017 10:17:39 AM org.apache.openejb.assembler.classic.Assembler startEjbs
INFO: Started Ejb(deployment-id=openejb/Deployer, ejb-name=openejb/Deployer, container=Default Stateless Container)
Nov 02, 2017 10:17:39 AM org.apache.openejb.assembler.classic.Assembler deployMBean
INFO: Deployed MBean(openejb.user.mbeans:application=openejb,group=org.apache.openejb.assembler.monitoring,name=JMXDeployer)
Nov 02, 2017 10:17:39 AM org.apache.openejb.assembler.classic.Assembler createApplication
INFO: Deployed Application(path=openejb)
Nov 02, 2017 10:17:39 AM org.apache.openejb.server.SimpleServiceManager start
INFO:   ** Bound Services **
Nov 02, 2017 10:17:39 AM org.apache.openejb.server.SimpleServiceManager printRow
INFO:   NAME                 IP              PORT  
Nov 02, 2017 10:17:39 AM org.apache.openejb.server.SimpleServiceManager start
INFO: -------
Nov 02, 2017 10:17:39 AM org.apache.openejb.server.SimpleServiceManager start
INFO: Ready!
Nov 02, 2017 10:17:39 AM org.apache.catalina.startup.Catalina load
INFO: Initialization processed in 5466 ms
Nov 02, 2017 10:17:39 AM org.apache.tomee.catalina.OpenEJBNamingContextListener bindResource
INFO: Importing a Tomcat Resource with id 'UserDatabase' of type 'org.apache.catalina.UserDatabase'.
Nov 02, 2017 10:17:39 AM org.apache.openejb.assembler.classic.Assembler createRecipe
INFO: Creating Resource(id=UserDatabase)
Nov 02, 2017 10:17:39 AM org.apache.catalina.core.StandardService startInternal
INFO: Starting service Catalina
Nov 02, 2017 10:17:39 AM org.apache.catalina.core.StandardEngine startInternal
INFO: Starting Servlet Engine: Apache Tomcat (TomEE)/7.0.55 (1.7.0)
Nov 02, 2017 10:17:39 AM org.apache.catalina.startup.HostConfig deployWAR
INFO: Deploying web application archive E:\Projects\Java\Staiter\target\apache-tomee\webapps\ROOT.war
Nov 02, 2017 10:17:39 AM org.apache.tomee.catalina.TomcatWebAppBuilder init
INFO: ------------------------- localhost -> /
Nov 02, 2017 10:17:39 AM org.apache.openejb.util.JarExtractor extract
INFO: Extracting jar: E:\Projects\Java\Staiter\target\apache-tomee\webapps\ROOT.war
Nov 02, 2017 10:18:00 AM org.apache.openejb.util.JarExtractor extract
INFO: Extracted path: E:\Projects\Java\Staiter\target\apache-tomee\webapps\ROOT
Nov 02, 2017 10:18:00 AM org.apache.openejb.util.OptionsLog info
INFO: Using 'openejb.session.manager=org.apache.tomee.catalina.session.QuickSessionManager'
Nov 02, 2017 10:18:00 AM org.apache.openejb.config.ConfigurationFactory configureApplication
INFO: Configuring enterprise application: E:\Projects\Java\Staiter\target\apache-tomee\webapps\ROOT
Nov 02, 2017 10:18:01 AM org.apache.openejb.config.InitEjbDeployments deploy
INFO: Auto-deploying ejb PostController: EjbDeployment(deployment-id=PostController)
Nov 02, 2017 10:18:01 AM org.apache.openejb.config.InitEjbDeployments deploy
INFO: Auto-deploying ejb UserController: EjbDeployment(deployment-id=UserController)
Nov 02, 2017 10:18:01 AM org.apache.openejb.config.ConfigurationFactory configureService
INFO: Configuring Service(id=Default Managed Container, type=Container, provider-id=Default Managed Container)
Nov 02, 2017 10:18:01 AM org.apache.openejb.config.AutoConfig createContainer
INFO: Auto-creating a container for bean .Comp652258676: Container(type=MANAGED, id=Default Managed Container)
Nov 02, 2017 10:18:01 AM org.apache.openejb.assembler.classic.Assembler createRecipe
INFO: Creating Container(id=Default Managed Container)
Nov 02, 2017 10:18:01 AM org.apache.openejb.core.managed.SimplePassivater init
INFO: Using directory E:\Projects\Java\Staiter\target\apache-tomee\temp for stateful session passivation
Nov 02, 2017 10:18:01 AM org.apache.openejb.config.AutoConfig deploy
INFO: Configuring PersistenceUnit(name=staiter-pu)
Nov 02, 2017 10:18:01 AM org.apache.openejb.config.AutoConfig logAutoCreateResource
INFO: Auto-creating a Resource with id 'StaiterDBNonJta' of type 'DataSource for 'staiter-pu'.
Nov 02, 2017 10:18:01 AM org.apache.openejb.config.AutoConfig deploy
INFO: Configuring Service(id=StaiterDBNonJta, type=Resource, provider-id=StaiterDB)
Nov 02, 2017 10:18:01 AM org.apache.openejb.assembler.classic.Assembler createRecipe
INFO: Creating Resource(id=StaiterDBNonJta)
Nov 02, 2017 10:18:01 AM org.apache.tomee.jdbc.TomEEDataSourceCreator$TomEEDataSource readOnly
INFO: Disabling testOnBorrow since no validation query is provided
Nov 02, 2017 10:18:01 AM org.apache.openejb.config.AutoConfig setNonJtaDataSource
INFO: Adjusting PersistenceUnit staiter-pu <non-jta-data-source> to Resource ID 'StaiterDBNonJta' from 'null'
Nov 02, 2017 10:18:01 AM org.apache.openejb.config.AppInfoBuilder build
INFO: Enterprise application "E:\Projects\Java\Staiter\target\apache-tomee\webapps\ROOT" loaded.
Nov 02, 2017 10:18:01 AM org.apache.openejb.assembler.classic.Assembler createApplication
INFO: Assembling app: E:\Projects\Java\Staiter\target\apache-tomee\webapps\ROOT
Nov 02, 2017 10:18:02 AM org.apache.openejb.assembler.classic.ReloadableEntityManagerFactory createDelegate
INFO: PersistenceUnit(name=staiter-pu, provider=org.apache.openjpa.persistence.PersistenceProviderImpl) - provider time 505ms
Nov 02, 2017 10:18:02 AM org.apache.openejb.assembler.classic.JndiBuilder bind
INFO: Jndi(name=PostControllerLocalBean) --> Ejb(deployment-id=PostController)
Nov 02, 2017 10:18:02 AM org.apache.openejb.assembler.classic.JndiBuilder bind
INFO: Jndi(name=global//PostController!controller.PostController) --> Ejb(deployment-id=PostController)
Nov 02, 2017 10:18:02 AM org.apache.openejb.assembler.classic.JndiBuilder bind
INFO: Jndi(name=global//PostController) --> Ejb(deployment-id=PostController)
Nov 02, 2017 10:18:02 AM org.apache.openejb.assembler.classic.JndiBuilder bind
INFO: Jndi(name=UserControllerLocalBean) --> Ejb(deployment-id=UserController)
Nov 02, 2017 10:18:02 AM org.apache.openejb.assembler.classic.JndiBuilder bind
INFO: Jndi(name=global//UserController!controller.UserController) --> Ejb(deployment-id=UserController)
Nov 02, 2017 10:18:02 AM org.apache.openejb.assembler.classic.JndiBuilder bind
INFO: Jndi(name=global//UserController) --> Ejb(deployment-id=UserController)
Nov 02, 2017 10:18:02 AM org.apache.openejb.cdi.CdiBuilder initSingleton
INFO: Existing thread singleton service in SystemInstance(): org.apache.openejb.cdi.ThreadSingletonServiceImpl@73d4cc9e
Nov 02, 2017 10:18:02 AM org.apache.openejb.cdi.OpenEJBLifecycle startApplication
INFO: OpenWebBeans Container is starting...
Nov 02, 2017 10:18:02 AM org.apache.webbeans.plugins.PluginLoader startUp
INFO: Adding OpenWebBeansPlugin : [CdiPlugin]
Nov 02, 2017 10:18:02 AM org.apache.webbeans.plugins.PluginLoader startUp
INFO: Adding OpenWebBeansPlugin : [OpenWebBeansJsfPlugin]
Nov 02, 2017 10:18:02 AM org.apache.webbeans.config.BeansDeployer validateInjectionPoints
INFO: All injection points were validated successfully.
Nov 02, 2017 10:18:02 AM org.apache.openejb.cdi.OpenEJBLifecycle startApplication
INFO: OpenWebBeans Container has started, it took 329 ms.
Nov 02, 2017 10:18:02 AM org.apache.openejb.assembler.classic.Assembler startEjbs
INFO: Created Ejb(deployment-id=PostController, ejb-name=PostController, container=Default Stateless Container)
Nov 02, 2017 10:18:02 AM org.apache.openejb.assembler.classic.Assembler startEjbs
INFO: Created Ejb(deployment-id=UserController, ejb-name=UserController, container=Default Stateless Container)
Nov 02, 2017 10:18:02 AM org.apache.openejb.assembler.classic.Assembler startEjbs
INFO: Started Ejb(deployment-id=PostController, ejb-name=PostController, container=Default Stateless Container)
Nov 02, 2017 10:18:02 AM org.apache.openejb.assembler.classic.Assembler startEjbs
INFO: Started Ejb(deployment-id=UserController, ejb-name=UserController, container=Default Stateless Container)
Nov 02, 2017 10:18:02 AM org.apache.openejb.assembler.classic.Assembler createApplication
INFO: Deployed Application(path=E:\Projects\Java\Staiter\target\apache-tomee\webapps\ROOT)
Nov 02, 2017 10:18:02 AM org.apache.catalina.deploy.WebXml setVersion
WARNING: Unknown version string [3.1]. Default version will be used.
Nov 02, 2017 10:18:02 AM org.apache.tomee.myfaces.TomEEMyFacesContainerInitializer addListener
INFO: Installing <listener>org.apache.myfaces.webapp.StartupServletContextListener</listener>
Nov 02, 2017 10:18:03 AM org.apache.myfaces.config.DefaultFacesConfigurationProvider getStandardFacesConfig
INFO: Reading standard config META-INF/standard-faces-config.xml
Nov 02, 2017 10:18:03 AM org.apache.myfaces.config.DefaultFacesConfigurationProvider getWebAppFacesConfig
INFO: Reading config /WEB-INF/faces-config.xml
Nov 02, 2017 10:18:03 AM org.apache.myfaces.config.DefaultFacesConfigurationProvider getClassloaderFacesConfig
INFO: Reading config : jar:file:/E:/Projects/Java/Staiter/target/apache-tomee/lib/openwebbeans-el22-1.2.6.jar!/META-INF/faces-config.xml
Nov 02, 2017 10:18:03 AM org.apache.myfaces.config.DefaultFacesConfigurationProvider getClassloaderFacesConfig
INFO: Reading config : jar:file:/E:/Projects/Java/Staiter/target/apache-tomee/lib/openwebbeans-jsf-1.2.6.jar!/META-INF/faces-config.xml
Nov 02, 2017 10:18:03 AM org.apache.myfaces.config.LogMetaInfUtils logArtifact
INFO: Artifact 'myfaces-api' was found in version '2.1.15' from path 'file:/E:/Projects/Java/Staiter/target/apache-tomee/lib/myfaces-api-2.1.15.jar'
Nov 02, 2017 10:18:03 AM org.apache.myfaces.config.LogMetaInfUtils logArtifact
INFO: Artifact 'myfaces-impl' was found in version '2.1.15' from path 'file:/E:/Projects/Java/Staiter/target/apache-tomee/lib/myfaces-impl-2.1.15.jar'
Nov 02, 2017 10:18:03 AM org.apache.myfaces.util.ExternalSpecifications isBeanValidationAvailable
INFO: MyFaces Bean Validation support enabled
Nov 02, 2017 10:18:04 AM org.apache.myfaces.application.ApplicationImpl getProjectStage
INFO: Couldn't discover the current project stage, using Production
Nov 02, 2017 10:18:04 AM org.apache.myfaces.config.FacesConfigurator handleSerialFactory
INFO: Serialization provider : class org.apache.myfaces.shared_impl.util.serial.DefaultSerialFactory
Nov 02, 2017 10:18:04 AM org.apache.myfaces.config.annotation.DefaultLifecycleProviderFactory getLifecycleProvider
INFO: Using LifecycleProvider org.apache.myfaces.config.annotation.Tomcat7AnnotationLifecycleProvider
Nov 02, 2017 10:18:05 AM org.apache.myfaces.webapp.AbstractFacesInitializer initFaces
INFO: ServletContext initialized.
Nov 02, 2017 10:18:05 AM org.apache.myfaces.util.ExternalSpecifications isUnifiedELAvailable
INFO: MyFaces Unified EL support enabled
Nov 02, 2017 10:18:05 AM org.apache.catalina.startup.HostConfig deployWAR
INFO: Deployment of web application archive E:\Projects\Java\Staiter\target\apache-tomee\webapps\ROOT.war has finished in 25,368 ms
Nov 02, 2017 10:18:05 AM org.apache.coyote.AbstractProtocol start
INFO: Starting ProtocolHandler ["http-bio-8080"]
Nov 02, 2017 10:18:05 AM org.apache.coyote.AbstractProtocol start
INFO: Starting ProtocolHandler ["ajp-bio-8009"]
Nov 02, 2017 10:18:05 AM org.apache.catalina.startup.Catalina start
INFO: Server startup in 25495 ms
Nov 02, 2017 10:18:15 AM org.apache.myfaces.renderkit.html.HtmlStylesheetRenderer encodeEnd
WARNING: Resource referenced by resourceName style.css and libraryName css not found in call to ResourceHandler.createResource. It will be silenty ignored.
Nov 02, 2017 10:18:21 AM org.apache.myfaces.renderkit.html.HtmlStylesheetRenderer encodeEnd
WARNING: Resource referenced by resourceName style.css and libraryName css not found in call to ResourceHandler.createResource. It will be silenty ignored.
Nov 02, 2017 10:18:21 AM org.apache.myfaces.renderkit.html.HtmlStylesheetRenderer encodeEnd
WARNING: Resource referenced by resourceName style.css and libraryName css not found in call to ResourceHandler.createResource. It will be silenty ignored.
Nov 02, 2017 10:18:26 AM org.apache.myfaces.renderkit.html.HtmlStylesheetRenderer encodeEnd
WARNING: Resource referenced by resourceName style.css and libraryName css not found in call to ResourceHandler.createResource. It will be silenty ignored.
Nov 02, 2017 10:18:31 AM org.apache.myfaces.renderkit.html.HtmlStylesheetRenderer encodeEnd
WARNING: Resource referenced by resourceName style.css and libraryName css not found in call to ResourceHandler.createResource. It will be silenty ignored.
Nov 02, 2017 10:20:54 AM org.apache.myfaces.renderkit.html.HtmlStylesheetRenderer encodeEnd
WARNING: Resource referenced by resourceName style.css and libraryName css not found in call to ResourceHandler.createResource. It will be silenty ignored.
Nov 02, 2017 10:20:57 AM org.apache.myfaces.renderkit.html.HtmlStylesheetRenderer encodeEnd
WARNING: Resource referenced by resourceName style.css and libraryName css not found in call to ResourceHandler.createResource. It will be silenty ignored.
Nov 02, 2017 10:20:57 AM org.apache.myfaces.renderkit.html.HtmlStylesheetRenderer encodeEnd
WARNING: Resource referenced by resourceName style.css and libraryName css not found in call to ResourceHandler.createResource. It will be silenty ignored.
Nov 02, 2017 10:21:03 AM org.apache.myfaces.renderkit.html.HtmlStylesheetRenderer encodeEnd
WARNING: Resource referenced by resourceName style.css and libraryName css not found in call to ResourceHandler.createResource. It will be silenty ignored.
Nov 02, 2017 10:21:08 AM org.apache.myfaces.renderkit.html.HtmlStylesheetRenderer encodeEnd
WARNING: Resource referenced by resourceName style.css and libraryName css not found in call to ResourceHandler.createResource. It will be silenty ignored.
Nov 02, 2017 10:21:15 AM org.apache.myfaces.renderkit.html.HtmlStylesheetRenderer encodeEnd
WARNING: Resource referenced by resourceName style.css and libraryName css not found in call to ResourceHandler.createResource. It will be silenty ignored.
Nov 02, 2017 10:21:17 AM org.apache.myfaces.renderkit.html.HtmlStylesheetRenderer encodeEnd
WARNING: Resource referenced by resourceName style.css and libraryName css not found in call to ResourceHandler.createResource. It will be silenty ignored.
Nov 02, 2017 10:21:18 AM org.apache.myfaces.renderkit.html.HtmlStylesheetRenderer encodeEnd
WARNING: Resource referenced by resourceName style.css and libraryName css not found in call to ResourceHandler.createResource. It will be silenty ignored.
Nov 02, 2017 11:26:04 AM org.apache.catalina.core.StandardServer await
INFO: A valid shutdown command was received via the shutdown port. Stopping the Server instance.
Nov 02, 2017 11:26:05 AM org.apache.coyote.AbstractProtocol pause
INFO: Pausing ProtocolHandler ["http-bio-8080"]
Nov 02, 2017 11:26:06 AM org.apache.coyote.AbstractProtocol pause
INFO: Pausing ProtocolHandler ["ajp-bio-8009"]
Nov 02, 2017 11:26:06 AM org.apache.catalina.core.StandardService stopInternal
INFO: Stopping service Catalina
Nov 02, 2017 11:26:08 AM org.apache.openejb.assembler.classic.Assembler destroyApplication
INFO: Undeploying app: E:\Projects\Java\Staiter\target\apache-tomee\webapps\ROOT
Nov 02, 2017 11:26:13 AM org.apache.catalina.loader.WebappClassLoader clearReferencesJdbc
SEVERE: The web application [] registered the JDBC driver [com.mysql.jdbc.Driver] but failed to unregister it when the web application was stopped. To prevent a memory leak, the JDBC Driver has been forcibly unregistered.
Nov 02, 2017 11:26:13 AM org.apache.catalina.loader.WebappClassLoader clearReferencesThreads
SEVERE: The web application [] appears to have started a thread named [MySQL Statement Cancellation Timer] but has failed to stop it. This is very likely to create a memory leak.
Nov 02, 2017 11:26:13 AM org.apache.coyote.AbstractProtocol stop
INFO: Stopping ProtocolHandler ["http-bio-8080"]
Nov 02, 2017 11:26:13 AM org.apache.coyote.AbstractProtocol stop
INFO: Stopping ProtocolHandler ["ajp-bio-8009"]
Nov 02, 2017 11:26:13 AM org.apache.openejb.server.SimpleServiceManager stop
INFO: Stopping server services
Nov 02, 2017 11:26:13 AM org.apache.openejb.assembler.classic.Assembler destroyApplication
INFO: Undeploying app: openejb
Nov 02, 2017 11:26:13 AM org.apache.openejb.assembler.classic.Assembler destroyResource
INFO: Closing DataSource: StaiterDB
Nov 02, 2017 11:26:13 AM org.apache.catalina.loader.WebappClassLoader loadClass
INFO: Illegal access: this web application instance has been stopped already.  Could not load com.mysql.jdbc.SQLError.  The eventual following stack trace is caused by an error thrown for debugging purposes as well as to attempt to terminate the thread which caused the illegal access, and has no functional impact.
java.lang.IllegalStateException
	at org.apache.catalina.loader.WebappClassLoader.loadClass(WebappClassLoader.java:1612)
	at org.apache.catalina.loader.WebappClassLoader.loadClass(WebappClassLoader.java:1571)
	at org.apache.tomee.catalina.LazyStopWebappClassLoader.loadClass(LazyStopWebappClassLoader.java:129)
	at com.mysql.jdbc.MysqlIO.send(MysqlIO.java:3246)
	at com.mysql.jdbc.MysqlIO.quit(MysqlIO.java:1656)
	at com.mysql.jdbc.ConnectionImpl.realClose(ConnectionImpl.java:4261)
	at com.mysql.jdbc.ConnectionImpl.close(ConnectionImpl.java:1444)
	at org.apache.tomcat.jdbc.pool.PooledConnection.disconnect(PooledConnection.java:331)
	at org.apache.tomcat.jdbc.pool.PooledConnection.release(PooledConnection.java:495)
	at org.apache.tomcat.jdbc.pool.ConnectionPool.release(ConnectionPool.java:582)
	at org.apache.tomcat.jdbc.pool.ConnectionPool.close(ConnectionPool.java:383)
	at org.apache.tomcat.jdbc.pool.DataSourceProxy.close(DataSourceProxy.java:198)
	at org.apache.tomee.jdbc.TomEEDataSourceCreator.doDestroy(TomEEDataSourceCreator.java:202)
	at org.apache.openejb.resource.jdbc.pool.PoolDataSourceCreator.destroy(PoolDataSourceCreator.java:84)
	at org.apache.openejb.resource.jdbc.DataSourceFactory.destroy(DataSourceFactory.java:339)
	at org.apache.openejb.assembler.classic.Assembler.destroyResource(Assembler.java:1471)
	at org.apache.openejb.assembler.classic.Assembler.destroyResourceTree(Assembler.java:1444)
	at org.apache.openejb.assembler.classic.Assembler.destroy(Assembler.java:1397)
	at org.apache.openejb.OpenEJB.destroy(OpenEJB.java:266)
	at org.apache.tomee.catalina.TomcatLoader.destroy(TomcatLoader.java:400)
	at org.apache.tomee.catalina.TomcatWebAppBuilder.afterStop(TomcatWebAppBuilder.java:1981)
	at org.apache.tomee.catalina.GlobalListenerSupport.lifecycleEvent(GlobalListenerSupport.java:157)
	at org.apache.catalina.util.LifecycleSupport.fireLifecycleEvent(LifecycleSupport.java:117)
	at org.apache.catalina.util.LifecycleBase.fireLifecycleEvent(LifecycleBase.java:90)
	at org.apache.catalina.util.LifecycleBase.setStateInternal(LifecycleBase.java:402)
	at org.apache.catalina.util.LifecycleBase.stop(LifecycleBase.java:252)
	at org.apache.catalina.startup.Catalina.stop(Catalina.java:762)
	at org.apache.catalina.startup.Catalina.start(Catalina.java:724)
	at sun.reflect.NativeMethodAccessorImpl.invoke0(Native Method)
	at sun.reflect.NativeMethodAccessorImpl.invoke(NativeMethodAccessorImpl.java:62)
	at sun.reflect.DelegatingMethodAccessorImpl.invoke(DelegatingMethodAccessorImpl.java:43)
	at java.lang.reflect.Method.invoke(Method.java:498)
	at org.apache.catalina.startup.Bootstrap.start(Bootstrap.java:321)
	at org.apache.catalina.startup.Bootstrap.main(Bootstrap.java:455)

Nov 02, 2017 11:26:13 AM org.apache.catalina.loader.WebappClassLoader loadClass
INFO: Illegal access: this web application instance has been stopped already.  Could not load com.mysql.jdbc.profiler.ProfilerEventHandlerFactory.  The eventual following stack trace is caused by an error thrown for debugging purposes as well as to attempt to terminate the thread which caused the illegal access, and has no functional impact.
java.lang.IllegalStateException
	at org.apache.catalina.loader.WebappClassLoader.loadClass(WebappClassLoader.java:1612)
	at org.apache.catalina.loader.WebappClassLoader.loadClass(WebappClassLoader.java:1571)
	at org.apache.tomee.catalina.LazyStopWebappClassLoader.loadClass(LazyStopWebappClassLoader.java:129)
	at com.mysql.jdbc.ConnectionImpl.realClose(ConnectionImpl.java:4273)
	at com.mysql.jdbc.ConnectionImpl.close(ConnectionImpl.java:1444)
	at org.apache.tomcat.jdbc.pool.PooledConnection.disconnect(PooledConnection.java:331)
	at org.apache.tomcat.jdbc.pool.PooledConnection.release(PooledConnection.java:495)
	at org.apache.tomcat.jdbc.pool.ConnectionPool.release(ConnectionPool.java:582)
	at org.apache.tomcat.jdbc.pool.ConnectionPool.close(ConnectionPool.java:383)
	at org.apache.tomcat.jdbc.pool.DataSourceProxy.close(DataSourceProxy.java:198)
	at org.apache.tomee.jdbc.TomEEDataSourceCreator.doDestroy(TomEEDataSourceCreator.java:202)
	at org.apache.openejb.resource.jdbc.pool.PoolDataSourceCreator.destroy(PoolDataSourceCreator.java:84)
	at org.apache.openejb.resource.jdbc.DataSourceFactory.destroy(DataSourceFactory.java:339)
	at org.apache.openejb.assembler.classic.Assembler.destroyResource(Assembler.java:1471)
	at org.apache.openejb.assembler.classic.Assembler.destroyResourceTree(Assembler.java:1444)
	at org.apache.openejb.assembler.classic.Assembler.destroy(Assembler.java:1397)
	at org.apache.openejb.OpenEJB.destroy(OpenEJB.java:266)
	at org.apache.tomee.catalina.TomcatLoader.destroy(TomcatLoader.java:400)
	at org.apache.tomee.catalina.TomcatWebAppBuilder.afterStop(TomcatWebAppBuilder.java:1981)
	at org.apache.tomee.catalina.GlobalListenerSupport.lifecycleEvent(GlobalListenerSupport.java:157)
	at org.apache.catalina.util.LifecycleSupport.fireLifecycleEvent(LifecycleSupport.java:117)
	at org.apache.catalina.util.LifecycleBase.fireLifecycleEvent(LifecycleBase.java:90)
	at org.apache.catalina.util.LifecycleBase.setStateInternal(LifecycleBase.java:402)
	at org.apache.catalina.util.LifecycleBase.stop(LifecycleBase.java:252)
	at org.apache.catalina.startup.Catalina.stop(Catalina.java:762)
	at org.apache.catalina.startup.Catalina.start(Catalina.java:724)
	at sun.reflect.NativeMethodAccessorImpl.invoke0(Native Method)
	at sun.reflect.NativeMethodAccessorImpl.invoke(NativeMethodAccessorImpl.java:62)
	at sun.reflect.DelegatingMethodAccessorImpl.invoke(DelegatingMethodAccessorImpl.java:43)
	at java.lang.reflect.Method.invoke(Method.java:498)
	at org.apache.catalina.startup.Bootstrap.start(Bootstrap.java:321)
	at org.apache.catalina.startup.Bootstrap.main(Bootstrap.java:455)

Nov 02, 2017 11:26:13 AM org.apache.openejb.assembler.classic.Assembler destroyResource
INFO: Closing DataSource: StaiterDBNonJta
Nov 02, 2017 11:26:13 AM org.apache.coyote.AbstractProtocol destroy
INFO: Destroying ProtocolHandler ["http-bio-8080"]
Nov 02, 2017 11:26:13 AM org.apache.coyote.AbstractProtocol destroy
INFO: Destroying ProtocolHandler ["ajp-bio-8009"]
