27-Nov-2017 14:24:56.661 INFO [http-nio-8080-exec-2] org.apache.catalina.core.ApplicationContext.log No state saving method defined, assuming default server state saving
27-Nov-2017 14:30:49.039 INFO [http-nio-8080-exec-1] org.apache.catalina.core.ApplicationContext.log No state saving method defined, assuming default server state saving
27-Nov-2017 14:42:25.858 INFO [http-nio-8080-exec-2] org.apache.catalina.core.ApplicationContext.log No state saving method defined, assuming default server state saving
27-Nov-2017 15:00:26.175 INFO [http-nio-8080-exec-2] org.apache.catalina.core.ApplicationContext.log No state saving method defined, assuming default server state saving
27-Nov-2017 15:04:16.528 WARNING [localhost-startStop-2] org.apache.catalina.session.StandardSession.doWriteObject Cannot serialize session attribute [openWebBeansSessionContext] for session [2B55AC0AB6466A371A3ED88014CF7608]
 java.io.NotSerializableException: model.User
	at java.io.ObjectOutputStream.writeObject0(ObjectOutputStream.java:1184)
	at java.io.ObjectOutputStream.defaultWriteFields(ObjectOutputStream.java:1548)
	at java.io.ObjectOutputStream.writeSerialData(ObjectOutputStream.java:1509)
	at java.io.ObjectOutputStream.writeOrdinaryObject(ObjectOutputStream.java:1432)
	at java.io.ObjectOutputStream.writeObject0(ObjectOutputStream.java:1178)
	at java.io.ObjectOutputStream.defaultWriteFields(ObjectOutputStream.java:1548)
	at java.io.ObjectOutputStream.writeSerialData(ObjectOutputStream.java:1509)
	at java.io.ObjectOutputStream.writeOrdinaryObject(ObjectOutputStream.java:1432)
	at java.io.ObjectOutputStream.writeObject0(ObjectOutputStream.java:1178)
	at java.io.ObjectOutputStream.writeObject(ObjectOutputStream.java:348)
	at java.util.HashMap.internalWriteEntries(HashMap.java:1785)
	at java.util.HashMap.writeObject(HashMap.java:1362)
	at sun.reflect.NativeMethodAccessorImpl.invoke0(Native Method)
	at sun.reflect.NativeMethodAccessorImpl.invoke(NativeMethodAccessorImpl.java:62)
	at sun.reflect.DelegatingMethodAccessorImpl.invoke(DelegatingMethodAccessorImpl.java:43)
	at java.lang.reflect.Method.invoke(Method.java:498)
	at java.io.ObjectStreamClass.invokeWriteObject(ObjectStreamClass.java:1028)
	at java.io.ObjectOutputStream.writeSerialData(ObjectOutputStream.java:1496)
	at java.io.ObjectOutputStream.writeOrdinaryObject(ObjectOutputStream.java:1432)
	at java.io.ObjectOutputStream.writeObject0(ObjectOutputStream.java:1178)
	at java.io.ObjectOutputStream.writeObject(ObjectOutputStream.java:348)
	at org.apache.webbeans.context.PassivatingContext.writeExternal(PassivatingContext.java:88)
	at java.io.ObjectOutputStream.writeExternalData(ObjectOutputStream.java:1459)
	at java.io.ObjectOutputStream.writeOrdinaryObject(ObjectOutputStream.java:1430)
	at java.io.ObjectOutputStream.writeObject0(ObjectOutputStream.java:1178)
	at java.io.ObjectOutputStream.writeObject(ObjectOutputStream.java:348)
	at org.apache.catalina.session.StandardSession.doWriteObject(StandardSession.java:1702)
	at org.apache.catalina.session.StandardSession.writeObjectData(StandardSession.java:1094)
	at org.apache.catalina.session.StandardManager.doUnload(StandardManager.java:315)
	at org.apache.catalina.session.StandardManager.unload(StandardManager.java:265)
	at org.apache.catalina.session.StandardManager.stopInternal(StandardManager.java:384)
	at org.apache.catalina.util.LifecycleBase.stop(LifecycleBase.java:226)
	at org.apache.catalina.core.StandardContext.stopInternal(StandardContext.java:5425)
	at org.apache.catalina.util.LifecycleBase.stop(LifecycleBase.java:226)
	at org.apache.catalina.core.ContainerBase$StopChild.call(ContainerBase.java:1435)
	at org.apache.catalina.core.ContainerBase$StopChild.call(ContainerBase.java:1424)
	at java.util.concurrent.FutureTask.run(FutureTask.java:266)
	at java.util.concurrent.ThreadPoolExecutor.runWorker(ThreadPoolExecutor.java:1149)
	at java.util.concurrent.ThreadPoolExecutor$Worker.run(ThreadPoolExecutor.java:624)
	at java.lang.Thread.run(Thread.java:748)

27-Nov-2017 15:07:56.827 WARNING [localhost-startStop-1] org.apache.catalina.session.StandardSession.doReadObject Cannot deserialize session attribute [openWebBeansSessionContext] for session [2B55AC0AB6466A371A3ED88014CF7608]
27-Nov-2017 15:09:13.372 INFO [http-nio-8080-exec-2] org.apache.catalina.core.ApplicationContext.log No state saving method defined, assuming default server state saving
27-Nov-2017 15:15:07.870 WARNING [ContainerBackgroundProcessor[StandardEngine[Catalina]]] org.apache.catalina.session.StandardSession.doWriteObject Cannot serialize session attribute [openWebBeansSessionContext] for session [2FB18B15133F8931EF5420D4C4BE0906]
 java.io.NotSerializableException: model.User
	at java.io.ObjectOutputStream.writeObject0(ObjectOutputStream.java:1184)
	at java.io.ObjectOutputStream.defaultWriteFields(ObjectOutputStream.java:1548)
	at java.io.ObjectOutputStream.writeSerialData(ObjectOutputStream.java:1509)
	at java.io.ObjectOutputStream.writeOrdinaryObject(ObjectOutputStream.java:1432)
	at java.io.ObjectOutputStream.writeObject0(ObjectOutputStream.java:1178)
	at java.io.ObjectOutputStream.defaultWriteFields(ObjectOutputStream.java:1548)
	at java.io.ObjectOutputStream.writeSerialData(ObjectOutputStream.java:1509)
	at java.io.ObjectOutputStream.writeOrdinaryObject(ObjectOutputStream.java:1432)
	at java.io.ObjectOutputStream.writeObject0(ObjectOutputStream.java:1178)
	at java.io.ObjectOutputStream.writeObject(ObjectOutputStream.java:348)
	at java.util.HashMap.internalWriteEntries(HashMap.java:1785)
	at java.util.HashMap.writeObject(HashMap.java:1362)
	at sun.reflect.NativeMethodAccessorImpl.invoke0(Native Method)
	at sun.reflect.NativeMethodAccessorImpl.invoke(NativeMethodAccessorImpl.java:62)
	at sun.reflect.DelegatingMethodAccessorImpl.invoke(DelegatingMethodAccessorImpl.java:43)
	at java.lang.reflect.Method.invoke(Method.java:498)
	at java.io.ObjectStreamClass.invokeWriteObject(ObjectStreamClass.java:1028)
	at java.io.ObjectOutputStream.writeSerialData(ObjectOutputStream.java:1496)
	at java.io.ObjectOutputStream.writeOrdinaryObject(ObjectOutputStream.java:1432)
	at java.io.ObjectOutputStream.writeObject0(ObjectOutputStream.java:1178)
	at java.io.ObjectOutputStream.writeObject(ObjectOutputStream.java:348)
	at org.apache.webbeans.context.PassivatingContext.writeExternal(PassivatingContext.java:88)
	at java.io.ObjectOutputStream.writeExternalData(ObjectOutputStream.java:1459)
	at java.io.ObjectOutputStream.writeOrdinaryObject(ObjectOutputStream.java:1430)
	at java.io.ObjectOutputStream.writeObject0(ObjectOutputStream.java:1178)
	at java.io.ObjectOutputStream.writeObject(ObjectOutputStream.java:348)
	at org.apache.catalina.session.StandardSession.doWriteObject(StandardSession.java:1702)
	at org.apache.catalina.session.StandardSession.writeObjectData(StandardSession.java:1094)
	at org.apache.catalina.session.StandardManager.doUnload(StandardManager.java:315)
	at org.apache.catalina.session.StandardManager.unload(StandardManager.java:265)
	at org.apache.catalina.session.StandardManager.stopInternal(StandardManager.java:384)
	at org.apache.catalina.util.LifecycleBase.stop(LifecycleBase.java:226)
	at org.apache.catalina.core.StandardContext.stopInternal(StandardContext.java:5425)
	at org.apache.catalina.util.LifecycleBase.stop(LifecycleBase.java:226)
	at org.apache.catalina.core.StandardContext.reload(StandardContext.java:3793)
	at org.apache.catalina.startup.HostConfig.reload(HostConfig.java:1414)
	at org.apache.catalina.startup.HostConfig.checkResources(HostConfig.java:1387)
	at org.apache.catalina.startup.HostConfig.check(HostConfig.java:1623)
	at org.apache.catalina.startup.HostConfig.lifecycleEvent(HostConfig.java:314)
	at org.apache.catalina.util.LifecycleBase.fireLifecycleEvent(LifecycleBase.java:94)
	at org.apache.catalina.core.ContainerBase.backgroundProcess(ContainerBase.java:1164)
	at org.apache.catalina.core.ContainerBase$ContainerBackgroundProcessor.processChildren(ContainerBase.java:1388)
	at org.apache.catalina.core.ContainerBase$ContainerBackgroundProcessor.processChildren(ContainerBase.java:1392)
	at org.apache.catalina.core.ContainerBase$ContainerBackgroundProcessor.run(ContainerBase.java:1360)
	at java.lang.Thread.run(Thread.java:748)

27-Nov-2017 15:17:41.409 INFO [http-nio-8080-exec-2] org.apache.catalina.core.ApplicationContext.log No state saving method defined, assuming default server state saving
27-Nov-2017 15:21:11.366 WARNING [localhost-startStop-2] org.apache.catalina.session.StandardSession.doWriteObject Cannot serialize session attribute [openWebBeansSessionContext] for session [BF7BC44FFC1BDB8DB0E28A8971C63E84]
 java.io.NotSerializableException: model.User
	at java.io.ObjectOutputStream.writeObject0(ObjectOutputStream.java:1184)
	at java.io.ObjectOutputStream.defaultWriteFields(ObjectOutputStream.java:1548)
	at java.io.ObjectOutputStream.writeSerialData(ObjectOutputStream.java:1509)
	at java.io.ObjectOutputStream.writeOrdinaryObject(ObjectOutputStream.java:1432)
	at java.io.ObjectOutputStream.writeObject0(ObjectOutputStream.java:1178)
	at java.io.ObjectOutputStream.defaultWriteFields(ObjectOutputStream.java:1548)
	at java.io.ObjectOutputStream.writeSerialData(ObjectOutputStream.java:1509)
	at java.io.ObjectOutputStream.writeOrdinaryObject(ObjectOutputStream.java:1432)
	at java.io.ObjectOutputStream.writeObject0(ObjectOutputStream.java:1178)
	at java.io.ObjectOutputStream.writeObject(ObjectOutputStream.java:348)
	at java.util.HashMap.internalWriteEntries(HashMap.java:1785)
	at java.util.HashMap.writeObject(HashMap.java:1362)
	at sun.reflect.NativeMethodAccessorImpl.invoke0(Native Method)
	at sun.reflect.NativeMethodAccessorImpl.invoke(NativeMethodAccessorImpl.java:62)
	at sun.reflect.DelegatingMethodAccessorImpl.invoke(DelegatingMethodAccessorImpl.java:43)
	at java.lang.reflect.Method.invoke(Method.java:498)
	at java.io.ObjectStreamClass.invokeWriteObject(ObjectStreamClass.java:1028)
	at java.io.ObjectOutputStream.writeSerialData(ObjectOutputStream.java:1496)
	at java.io.ObjectOutputStream.writeOrdinaryObject(ObjectOutputStream.java:1432)
	at java.io.ObjectOutputStream.writeObject0(ObjectOutputStream.java:1178)
	at java.io.ObjectOutputStream.writeObject(ObjectOutputStream.java:348)
	at org.apache.webbeans.context.PassivatingContext.writeExternal(PassivatingContext.java:88)
	at java.io.ObjectOutputStream.writeExternalData(ObjectOutputStream.java:1459)
	at java.io.ObjectOutputStream.writeOrdinaryObject(ObjectOutputStream.java:1430)
	at java.io.ObjectOutputStream.writeObject0(ObjectOutputStream.java:1178)
	at java.io.ObjectOutputStream.writeObject(ObjectOutputStream.java:348)
	at org.apache.catalina.session.StandardSession.doWriteObject(StandardSession.java:1702)
	at org.apache.catalina.session.StandardSession.writeObjectData(StandardSession.java:1094)
	at org.apache.catalina.session.StandardManager.doUnload(StandardManager.java:315)
	at org.apache.catalina.session.StandardManager.unload(StandardManager.java:265)
	at org.apache.catalina.session.StandardManager.stopInternal(StandardManager.java:384)
	at org.apache.catalina.util.LifecycleBase.stop(LifecycleBase.java:226)
	at org.apache.catalina.core.StandardContext.stopInternal(StandardContext.java:5425)
	at org.apache.catalina.util.LifecycleBase.stop(LifecycleBase.java:226)
	at org.apache.catalina.core.ContainerBase$StopChild.call(ContainerBase.java:1435)
	at org.apache.catalina.core.ContainerBase$StopChild.call(ContainerBase.java:1424)
	at java.util.concurrent.FutureTask.run(FutureTask.java:266)
	at java.util.concurrent.ThreadPoolExecutor.runWorker(ThreadPoolExecutor.java:1149)
	at java.util.concurrent.ThreadPoolExecutor$Worker.run(ThreadPoolExecutor.java:624)
	at java.lang.Thread.run(Thread.java:748)

27-Nov-2017 15:24:05.347 WARNING [localhost-startStop-1] org.apache.catalina.session.StandardSession.doReadObject Cannot deserialize session attribute [openWebBeansSessionContext] for session [BF7BC44FFC1BDB8DB0E28A8971C63E84]
27-Nov-2017 15:24:32.643 INFO [http-nio-8080-exec-3] org.apache.catalina.core.ApplicationContext.log No state saving method defined, assuming default server state saving
27-Nov-2017 15:29:44.290 WARNING [localhost-startStop-2] org.apache.catalina.session.StandardSession.doWriteObject Cannot serialize session attribute [openWebBeansSessionContext] for session [2588CCD07D71B1091D3C7C51A4CEF8F1]
 java.io.NotSerializableException: model.User
	at java.io.ObjectOutputStream.writeObject0(ObjectOutputStream.java:1184)
	at java.io.ObjectOutputStream.defaultWriteFields(ObjectOutputStream.java:1548)
	at java.io.ObjectOutputStream.writeSerialData(ObjectOutputStream.java:1509)
	at java.io.ObjectOutputStream.writeOrdinaryObject(ObjectOutputStream.java:1432)
	at java.io.ObjectOutputStream.writeObject0(ObjectOutputStream.java:1178)
	at java.io.ObjectOutputStream.defaultWriteFields(ObjectOutputStream.java:1548)
	at java.io.ObjectOutputStream.writeSerialData(ObjectOutputStream.java:1509)
	at java.io.ObjectOutputStream.writeOrdinaryObject(ObjectOutputStream.java:1432)
	at java.io.ObjectOutputStream.writeObject0(ObjectOutputStream.java:1178)
	at java.io.ObjectOutputStream.writeObject(ObjectOutputStream.java:348)
	at java.util.HashMap.internalWriteEntries(HashMap.java:1785)
	at java.util.HashMap.writeObject(HashMap.java:1362)
	at sun.reflect.NativeMethodAccessorImpl.invoke0(Native Method)
	at sun.reflect.NativeMethodAccessorImpl.invoke(NativeMethodAccessorImpl.java:62)
	at sun.reflect.DelegatingMethodAccessorImpl.invoke(DelegatingMethodAccessorImpl.java:43)
	at java.lang.reflect.Method.invoke(Method.java:498)
	at java.io.ObjectStreamClass.invokeWriteObject(ObjectStreamClass.java:1028)
	at java.io.ObjectOutputStream.writeSerialData(ObjectOutputStream.java:1496)
	at java.io.ObjectOutputStream.writeOrdinaryObject(ObjectOutputStream.java:1432)
	at java.io.ObjectOutputStream.writeObject0(ObjectOutputStream.java:1178)
	at java.io.ObjectOutputStream.writeObject(ObjectOutputStream.java:348)
	at org.apache.webbeans.context.PassivatingContext.writeExternal(PassivatingContext.java:88)
	at java.io.ObjectOutputStream.writeExternalData(ObjectOutputStream.java:1459)
	at java.io.ObjectOutputStream.writeOrdinaryObject(ObjectOutputStream.java:1430)
	at java.io.ObjectOutputStream.writeObject0(ObjectOutputStream.java:1178)
	at java.io.ObjectOutputStream.writeObject(ObjectOutputStream.java:348)
	at org.apache.catalina.session.StandardSession.doWriteObject(StandardSession.java:1702)
	at org.apache.catalina.session.StandardSession.writeObjectData(StandardSession.java:1094)
	at org.apache.catalina.session.StandardManager.doUnload(StandardManager.java:315)
	at org.apache.catalina.session.StandardManager.unload(StandardManager.java:265)
	at org.apache.catalina.session.StandardManager.stopInternal(StandardManager.java:384)
	at org.apache.catalina.util.LifecycleBase.stop(LifecycleBase.java:226)
	at org.apache.catalina.core.StandardContext.stopInternal(StandardContext.java:5425)
	at org.apache.catalina.util.LifecycleBase.stop(LifecycleBase.java:226)
	at org.apache.catalina.core.ContainerBase$StopChild.call(ContainerBase.java:1435)
	at org.apache.catalina.core.ContainerBase$StopChild.call(ContainerBase.java:1424)
	at java.util.concurrent.FutureTask.run(FutureTask.java:266)
	at java.util.concurrent.ThreadPoolExecutor.runWorker(ThreadPoolExecutor.java:1149)
	at java.util.concurrent.ThreadPoolExecutor$Worker.run(ThreadPoolExecutor.java:624)
	at java.lang.Thread.run(Thread.java:748)

27-Nov-2017 15:34:24.351 WARNING [localhost-startStop-1] org.apache.catalina.session.StandardSession.doReadObject Cannot deserialize session attribute [openWebBeansSessionContext] for session [2588CCD07D71B1091D3C7C51A4CEF8F1]
27-Nov-2017 15:34:45.394 INFO [http-nio-8080-exec-1] org.apache.catalina.core.ApplicationContext.log No state saving method defined, assuming default server state saving
27-Nov-2017 15:39:19.839 INFO [http-nio-8080-exec-2] org.apache.catalina.core.ApplicationContext.log No state saving method defined, assuming default server state saving
27-Nov-2017 15:41:49.111 INFO [http-nio-8080-exec-2] org.apache.catalina.core.ApplicationContext.log No state saving method defined, assuming default server state saving
27-Nov-2017 16:02:52.915 INFO [http-nio-8080-exec-1] org.apache.catalina.core.ApplicationContext.log No state saving method defined, assuming default server state saving
27-Nov-2017 16:38:59.694 INFO [http-nio-8080-exec-2] org.apache.catalina.core.ApplicationContext.log No state saving method defined, assuming default server state saving
27-Nov-2017 16:39:36.488 WARNING [localhost-startStop-2] org.apache.catalina.session.StandardSession.doWriteObject Cannot serialize session attribute [openWebBeansSessionContext] for session [48E536E4AE04C222CA0BED14D84CCC64]
 java.io.NotSerializableException: model.User
	at java.io.ObjectOutputStream.writeObject0(ObjectOutputStream.java:1184)
	at java.io.ObjectOutputStream.defaultWriteFields(ObjectOutputStream.java:1548)
	at java.io.ObjectOutputStream.writeSerialData(ObjectOutputStream.java:1509)
	at java.io.ObjectOutputStream.writeOrdinaryObject(ObjectOutputStream.java:1432)
	at java.io.ObjectOutputStream.writeObject0(ObjectOutputStream.java:1178)
	at java.io.ObjectOutputStream.defaultWriteFields(ObjectOutputStream.java:1548)
	at java.io.ObjectOutputStream.writeSerialData(ObjectOutputStream.java:1509)
	at java.io.ObjectOutputStream.writeOrdinaryObject(ObjectOutputStream.java:1432)
	at java.io.ObjectOutputStream.writeObject0(ObjectOutputStream.java:1178)
	at java.io.ObjectOutputStream.writeObject(ObjectOutputStream.java:348)
	at java.util.HashMap.internalWriteEntries(HashMap.java:1785)
	at java.util.HashMap.writeObject(HashMap.java:1362)
	at sun.reflect.NativeMethodAccessorImpl.invoke0(Native Method)
	at sun.reflect.NativeMethodAccessorImpl.invoke(NativeMethodAccessorImpl.java:62)
	at sun.reflect.DelegatingMethodAccessorImpl.invoke(DelegatingMethodAccessorImpl.java:43)
	at java.lang.reflect.Method.invoke(Method.java:498)
	at java.io.ObjectStreamClass.invokeWriteObject(ObjectStreamClass.java:1028)
	at java.io.ObjectOutputStream.writeSerialData(ObjectOutputStream.java:1496)
	at java.io.ObjectOutputStream.writeOrdinaryObject(ObjectOutputStream.java:1432)
	at java.io.ObjectOutputStream.writeObject0(ObjectOutputStream.java:1178)
	at java.io.ObjectOutputStream.writeObject(ObjectOutputStream.java:348)
	at org.apache.webbeans.context.PassivatingContext.writeExternal(PassivatingContext.java:88)
	at java.io.ObjectOutputStream.writeExternalData(ObjectOutputStream.java:1459)
	at java.io.ObjectOutputStream.writeOrdinaryObject(ObjectOutputStream.java:1430)
	at java.io.ObjectOutputStream.writeObject0(ObjectOutputStream.java:1178)
	at java.io.ObjectOutputStream.writeObject(ObjectOutputStream.java:348)
	at org.apache.catalina.session.StandardSession.doWriteObject(StandardSession.java:1702)
	at org.apache.catalina.session.StandardSession.writeObjectData(StandardSession.java:1094)
	at org.apache.catalina.session.StandardManager.doUnload(StandardManager.java:315)
	at org.apache.catalina.session.StandardManager.unload(StandardManager.java:265)
	at org.apache.catalina.session.StandardManager.stopInternal(StandardManager.java:384)
	at org.apache.catalina.util.LifecycleBase.stop(LifecycleBase.java:226)
	at org.apache.catalina.core.StandardContext.stopInternal(StandardContext.java:5425)
	at org.apache.catalina.util.LifecycleBase.stop(LifecycleBase.java:226)
	at org.apache.catalina.core.ContainerBase$StopChild.call(ContainerBase.java:1435)
	at org.apache.catalina.core.ContainerBase$StopChild.call(ContainerBase.java:1424)
	at java.util.concurrent.FutureTask.run(FutureTask.java:266)
	at java.util.concurrent.ThreadPoolExecutor.runWorker(ThreadPoolExecutor.java:1149)
	at java.util.concurrent.ThreadPoolExecutor$Worker.run(ThreadPoolExecutor.java:624)
	at java.lang.Thread.run(Thread.java:748)

27-Nov-2017 16:46:38.676 WARNING [localhost-startStop-1] org.apache.catalina.session.StandardSession.doReadObject Cannot deserialize session attribute [openWebBeansSessionContext] for session [48E536E4AE04C222CA0BED14D84CCC64]
27-Nov-2017 16:47:00.001 INFO [http-nio-8080-exec-2] org.apache.catalina.core.ApplicationContext.log No state saving method defined, assuming default server state saving
27-Nov-2017 16:48:07.366 WARNING [localhost-startStop-2] org.apache.catalina.session.StandardSession.doWriteObject Cannot serialize session attribute [openWebBeansSessionContext] for session [5D561164076F88E5BE844474ACFD0431]
 java.io.NotSerializableException: model.User
	at java.io.ObjectOutputStream.writeObject0(ObjectOutputStream.java:1184)
	at java.io.ObjectOutputStream.defaultWriteFields(ObjectOutputStream.java:1548)
	at java.io.ObjectOutputStream.writeSerialData(ObjectOutputStream.java:1509)
	at java.io.ObjectOutputStream.writeOrdinaryObject(ObjectOutputStream.java:1432)
	at java.io.ObjectOutputStream.writeObject0(ObjectOutputStream.java:1178)
	at java.io.ObjectOutputStream.defaultWriteFields(ObjectOutputStream.java:1548)
	at java.io.ObjectOutputStream.writeSerialData(ObjectOutputStream.java:1509)
	at java.io.ObjectOutputStream.writeOrdinaryObject(ObjectOutputStream.java:1432)
	at java.io.ObjectOutputStream.writeObject0(ObjectOutputStream.java:1178)
	at java.io.ObjectOutputStream.writeObject(ObjectOutputStream.java:348)
	at java.util.HashMap.internalWriteEntries(HashMap.java:1785)
	at java.util.HashMap.writeObject(HashMap.java:1362)
	at sun.reflect.NativeMethodAccessorImpl.invoke0(Native Method)
	at sun.reflect.NativeMethodAccessorImpl.invoke(NativeMethodAccessorImpl.java:62)
	at sun.reflect.DelegatingMethodAccessorImpl.invoke(DelegatingMethodAccessorImpl.java:43)
	at java.lang.reflect.Method.invoke(Method.java:498)
	at java.io.ObjectStreamClass.invokeWriteObject(ObjectStreamClass.java:1028)
	at java.io.ObjectOutputStream.writeSerialData(ObjectOutputStream.java:1496)
	at java.io.ObjectOutputStream.writeOrdinaryObject(ObjectOutputStream.java:1432)
	at java.io.ObjectOutputStream.writeObject0(ObjectOutputStream.java:1178)
	at java.io.ObjectOutputStream.writeObject(ObjectOutputStream.java:348)
	at org.apache.webbeans.context.PassivatingContext.writeExternal(PassivatingContext.java:88)
	at java.io.ObjectOutputStream.writeExternalData(ObjectOutputStream.java:1459)
	at java.io.ObjectOutputStream.writeOrdinaryObject(ObjectOutputStream.java:1430)
	at java.io.ObjectOutputStream.writeObject0(ObjectOutputStream.java:1178)
	at java.io.ObjectOutputStream.writeObject(ObjectOutputStream.java:348)
	at org.apache.catalina.session.StandardSession.doWriteObject(StandardSession.java:1702)
	at org.apache.catalina.session.StandardSession.writeObjectData(StandardSession.java:1094)
	at org.apache.catalina.session.StandardManager.doUnload(StandardManager.java:315)
	at org.apache.catalina.session.StandardManager.unload(StandardManager.java:265)
	at org.apache.catalina.session.StandardManager.stopInternal(StandardManager.java:384)
	at org.apache.catalina.util.LifecycleBase.stop(LifecycleBase.java:226)
	at org.apache.catalina.core.StandardContext.stopInternal(StandardContext.java:5425)
	at org.apache.catalina.util.LifecycleBase.stop(LifecycleBase.java:226)
	at org.apache.catalina.core.ContainerBase$StopChild.call(ContainerBase.java:1435)
	at org.apache.catalina.core.ContainerBase$StopChild.call(ContainerBase.java:1424)
	at java.util.concurrent.FutureTask.run(FutureTask.java:266)
	at java.util.concurrent.ThreadPoolExecutor.runWorker(ThreadPoolExecutor.java:1149)
	at java.util.concurrent.ThreadPoolExecutor$Worker.run(ThreadPoolExecutor.java:624)
	at java.lang.Thread.run(Thread.java:748)

27-Nov-2017 16:50:03.153 WARNING [localhost-startStop-1] org.apache.catalina.session.StandardSession.doReadObject Cannot deserialize session attribute [openWebBeansSessionContext] for session [5D561164076F88E5BE844474ACFD0431]
27-Nov-2017 16:50:14.895 INFO [http-nio-8080-exec-2] org.apache.catalina.core.ApplicationContext.log No state saving method defined, assuming default server state saving
27-Nov-2017 16:52:52.789 INFO [http-nio-8080-exec-2] org.apache.catalina.core.ApplicationContext.log No state saving method defined, assuming default server state saving
27-Nov-2017 16:54:44.168 WARNING [localhost-startStop-2] org.apache.catalina.session.StandardSession.doWriteObject Cannot serialize session attribute [openWebBeansSessionContext] for session [1A0BDFD3AB5A07B124FCA9E5CFB8424F]
 java.io.NotSerializableException: model.User
	at java.io.ObjectOutputStream.writeObject0(ObjectOutputStream.java:1184)
	at java.io.ObjectOutputStream.defaultWriteFields(ObjectOutputStream.java:1548)
	at java.io.ObjectOutputStream.writeSerialData(ObjectOutputStream.java:1509)
	at java.io.ObjectOutputStream.writeOrdinaryObject(ObjectOutputStream.java:1432)
	at java.io.ObjectOutputStream.writeObject0(ObjectOutputStream.java:1178)
	at java.io.ObjectOutputStream.defaultWriteFields(ObjectOutputStream.java:1548)
	at java.io.ObjectOutputStream.writeSerialData(ObjectOutputStream.java:1509)
	at java.io.ObjectOutputStream.writeOrdinaryObject(ObjectOutputStream.java:1432)
	at java.io.ObjectOutputStream.writeObject0(ObjectOutputStream.java:1178)
	at java.io.ObjectOutputStream.writeObject(ObjectOutputStream.java:348)
	at java.util.HashMap.internalWriteEntries(HashMap.java:1785)
	at java.util.HashMap.writeObject(HashMap.java:1362)
	at sun.reflect.NativeMethodAccessorImpl.invoke0(Native Method)
	at sun.reflect.NativeMethodAccessorImpl.invoke(NativeMethodAccessorImpl.java:62)
	at sun.reflect.DelegatingMethodAccessorImpl.invoke(DelegatingMethodAccessorImpl.java:43)
	at java.lang.reflect.Method.invoke(Method.java:498)
	at java.io.ObjectStreamClass.invokeWriteObject(ObjectStreamClass.java:1028)
	at java.io.ObjectOutputStream.writeSerialData(ObjectOutputStream.java:1496)
	at java.io.ObjectOutputStream.writeOrdinaryObject(ObjectOutputStream.java:1432)
	at java.io.ObjectOutputStream.writeObject0(ObjectOutputStream.java:1178)
	at java.io.ObjectOutputStream.writeObject(ObjectOutputStream.java:348)
	at org.apache.webbeans.context.PassivatingContext.writeExternal(PassivatingContext.java:88)
	at java.io.ObjectOutputStream.writeExternalData(ObjectOutputStream.java:1459)
	at java.io.ObjectOutputStream.writeOrdinaryObject(ObjectOutputStream.java:1430)
	at java.io.ObjectOutputStream.writeObject0(ObjectOutputStream.java:1178)
	at java.io.ObjectOutputStream.writeObject(ObjectOutputStream.java:348)
	at org.apache.catalina.session.StandardSession.doWriteObject(StandardSession.java:1702)
	at org.apache.catalina.session.StandardSession.writeObjectData(StandardSession.java:1094)
	at org.apache.catalina.session.StandardManager.doUnload(StandardManager.java:315)
	at org.apache.catalina.session.StandardManager.unload(StandardManager.java:265)
	at org.apache.catalina.session.StandardManager.stopInternal(StandardManager.java:384)
	at org.apache.catalina.util.LifecycleBase.stop(LifecycleBase.java:226)
	at org.apache.catalina.core.StandardContext.stopInternal(StandardContext.java:5425)
	at org.apache.catalina.util.LifecycleBase.stop(LifecycleBase.java:226)
	at org.apache.catalina.core.ContainerBase$StopChild.call(ContainerBase.java:1435)
	at org.apache.catalina.core.ContainerBase$StopChild.call(ContainerBase.java:1424)
	at java.util.concurrent.FutureTask.run(FutureTask.java:266)
	at java.util.concurrent.ThreadPoolExecutor.runWorker(ThreadPoolExecutor.java:1149)
	at java.util.concurrent.ThreadPoolExecutor$Worker.run(ThreadPoolExecutor.java:624)
	at java.lang.Thread.run(Thread.java:748)

27-Nov-2017 16:55:46.371 WARNING [localhost-startStop-1] org.apache.catalina.session.StandardSession.doReadObject Cannot deserialize session attribute [openWebBeansSessionContext] for session [1A0BDFD3AB5A07B124FCA9E5CFB8424F]
27-Nov-2017 16:55:52.998 INFO [http-nio-8080-exec-2] org.apache.catalina.core.ApplicationContext.log No state saving method defined, assuming default server state saving
27-Nov-2017 16:57:06.585 WARNING [localhost-startStop-2] org.apache.catalina.session.StandardSession.doWriteObject Cannot serialize session attribute [openWebBeansSessionContext] for session [526BA379E4423FDDF939BD10FBFEE75E]
 java.io.NotSerializableException: model.User
	at java.io.ObjectOutputStream.writeObject0(ObjectOutputStream.java:1184)
	at java.io.ObjectOutputStream.defaultWriteFields(ObjectOutputStream.java:1548)
	at java.io.ObjectOutputStream.writeSerialData(ObjectOutputStream.java:1509)
	at java.io.ObjectOutputStream.writeOrdinaryObject(ObjectOutputStream.java:1432)
	at java.io.ObjectOutputStream.writeObject0(ObjectOutputStream.java:1178)
	at java.io.ObjectOutputStream.defaultWriteFields(ObjectOutputStream.java:1548)
	at java.io.ObjectOutputStream.writeSerialData(ObjectOutputStream.java:1509)
	at java.io.ObjectOutputStream.writeOrdinaryObject(ObjectOutputStream.java:1432)
	at java.io.ObjectOutputStream.writeObject0(ObjectOutputStream.java:1178)
	at java.io.ObjectOutputStream.writeObject(ObjectOutputStream.java:348)
	at java.util.HashMap.internalWriteEntries(HashMap.java:1785)
	at java.util.HashMap.writeObject(HashMap.java:1362)
	at sun.reflect.NativeMethodAccessorImpl.invoke0(Native Method)
	at sun.reflect.NativeMethodAccessorImpl.invoke(NativeMethodAccessorImpl.java:62)
	at sun.reflect.DelegatingMethodAccessorImpl.invoke(DelegatingMethodAccessorImpl.java:43)
	at java.lang.reflect.Method.invoke(Method.java:498)
	at java.io.ObjectStreamClass.invokeWriteObject(ObjectStreamClass.java:1028)
	at java.io.ObjectOutputStream.writeSerialData(ObjectOutputStream.java:1496)
	at java.io.ObjectOutputStream.writeOrdinaryObject(ObjectOutputStream.java:1432)
	at java.io.ObjectOutputStream.writeObject0(ObjectOutputStream.java:1178)
	at java.io.ObjectOutputStream.writeObject(ObjectOutputStream.java:348)
	at org.apache.webbeans.context.PassivatingContext.writeExternal(PassivatingContext.java:88)
	at java.io.ObjectOutputStream.writeExternalData(ObjectOutputStream.java:1459)
	at java.io.ObjectOutputStream.writeOrdinaryObject(ObjectOutputStream.java:1430)
	at java.io.ObjectOutputStream.writeObject0(ObjectOutputStream.java:1178)
	at java.io.ObjectOutputStream.writeObject(ObjectOutputStream.java:348)
	at org.apache.catalina.session.StandardSession.doWriteObject(StandardSession.java:1702)
	at org.apache.catalina.session.StandardSession.writeObjectData(StandardSession.java:1094)
	at org.apache.catalina.session.StandardManager.doUnload(StandardManager.java:315)
	at org.apache.catalina.session.StandardManager.unload(StandardManager.java:265)
	at org.apache.catalina.session.StandardManager.stopInternal(StandardManager.java:384)
	at org.apache.catalina.util.LifecycleBase.stop(LifecycleBase.java:226)
	at org.apache.catalina.core.StandardContext.stopInternal(StandardContext.java:5425)
	at org.apache.catalina.util.LifecycleBase.stop(LifecycleBase.java:226)
	at org.apache.catalina.core.ContainerBase$StopChild.call(ContainerBase.java:1435)
	at org.apache.catalina.core.ContainerBase$StopChild.call(ContainerBase.java:1424)
	at java.util.concurrent.FutureTask.run(FutureTask.java:266)
	at java.util.concurrent.ThreadPoolExecutor.runWorker(ThreadPoolExecutor.java:1149)
	at java.util.concurrent.ThreadPoolExecutor$Worker.run(ThreadPoolExecutor.java:624)
	at java.lang.Thread.run(Thread.java:748)

27-Nov-2017 16:58:04.905 WARNING [localhost-startStop-1] org.apache.catalina.session.StandardSession.doReadObject Cannot deserialize session attribute [openWebBeansSessionContext] for session [526BA379E4423FDDF939BD10FBFEE75E]
27-Nov-2017 16:58:28.162 INFO [http-nio-8080-exec-1] org.apache.catalina.core.ApplicationContext.log No state saving method defined, assuming default server state saving
27-Nov-2017 17:14:31.868 WARNING [localhost-startStop-2] org.apache.catalina.session.StandardSession.doWriteObject Cannot serialize session attribute [openWebBeansSessionContext] for session [AE28A909258A6412E87FB2F7E8933885]
 java.io.NotSerializableException: model.User
	at java.io.ObjectOutputStream.writeObject0(ObjectOutputStream.java:1184)
	at java.io.ObjectOutputStream.defaultWriteFields(ObjectOutputStream.java:1548)
	at java.io.ObjectOutputStream.writeSerialData(ObjectOutputStream.java:1509)
	at java.io.ObjectOutputStream.writeOrdinaryObject(ObjectOutputStream.java:1432)
	at java.io.ObjectOutputStream.writeObject0(ObjectOutputStream.java:1178)
	at java.io.ObjectOutputStream.defaultWriteFields(ObjectOutputStream.java:1548)
	at java.io.ObjectOutputStream.writeSerialData(ObjectOutputStream.java:1509)
	at java.io.ObjectOutputStream.writeOrdinaryObject(ObjectOutputStream.java:1432)
	at java.io.ObjectOutputStream.writeObject0(ObjectOutputStream.java:1178)
	at java.io.ObjectOutputStream.writeObject(ObjectOutputStream.java:348)
	at java.util.HashMap.internalWriteEntries(HashMap.java:1785)
	at java.util.HashMap.writeObject(HashMap.java:1362)
	at sun.reflect.NativeMethodAccessorImpl.invoke0(Native Method)
	at sun.reflect.NativeMethodAccessorImpl.invoke(NativeMethodAccessorImpl.java:62)
	at sun.reflect.DelegatingMethodAccessorImpl.invoke(DelegatingMethodAccessorImpl.java:43)
	at java.lang.reflect.Method.invoke(Method.java:498)
	at java.io.ObjectStreamClass.invokeWriteObject(ObjectStreamClass.java:1028)
	at java.io.ObjectOutputStream.writeSerialData(ObjectOutputStream.java:1496)
	at java.io.ObjectOutputStream.writeOrdinaryObject(ObjectOutputStream.java:1432)
	at java.io.ObjectOutputStream.writeObject0(ObjectOutputStream.java:1178)
	at java.io.ObjectOutputStream.writeObject(ObjectOutputStream.java:348)
	at org.apache.webbeans.context.PassivatingContext.writeExternal(PassivatingContext.java:88)
	at java.io.ObjectOutputStream.writeExternalData(ObjectOutputStream.java:1459)
	at java.io.ObjectOutputStream.writeOrdinaryObject(ObjectOutputStream.java:1430)
	at java.io.ObjectOutputStream.writeObject0(ObjectOutputStream.java:1178)
	at java.io.ObjectOutputStream.writeObject(ObjectOutputStream.java:348)
	at org.apache.catalina.session.StandardSession.doWriteObject(StandardSession.java:1702)
	at org.apache.catalina.session.StandardSession.writeObjectData(StandardSession.java:1094)
	at org.apache.catalina.session.StandardManager.doUnload(StandardManager.java:315)
	at org.apache.catalina.session.StandardManager.unload(StandardManager.java:265)
	at org.apache.catalina.session.StandardManager.stopInternal(StandardManager.java:384)
	at org.apache.catalina.util.LifecycleBase.stop(LifecycleBase.java:226)
	at org.apache.catalina.core.StandardContext.stopInternal(StandardContext.java:5425)
	at org.apache.catalina.util.LifecycleBase.stop(LifecycleBase.java:226)
	at org.apache.catalina.core.ContainerBase$StopChild.call(ContainerBase.java:1435)
	at org.apache.catalina.core.ContainerBase$StopChild.call(ContainerBase.java:1424)
	at java.util.concurrent.FutureTask.run(FutureTask.java:266)
	at java.util.concurrent.ThreadPoolExecutor.runWorker(ThreadPoolExecutor.java:1149)
	at java.util.concurrent.ThreadPoolExecutor$Worker.run(ThreadPoolExecutor.java:624)
	at java.lang.Thread.run(Thread.java:748)

27-Nov-2017 17:16:34.732 WARNING [localhost-startStop-1] org.apache.catalina.session.StandardSession.doReadObject Cannot deserialize session attribute [openWebBeansSessionContext] for session [AE28A909258A6412E87FB2F7E8933885]
27-Nov-2017 17:16:41.337 INFO [http-nio-8080-exec-2] org.apache.catalina.core.ApplicationContext.log No state saving method defined, assuming default server state saving
