Nov 10, 2017 3:59:32 PM org.apache.catalina.core.ApplicationContext log
INFO: No state saving method defined, assuming default server state saving
Nov 10, 2017 3:59:35 PM org.apache.catalina.core.StandardWrapperValve invoke
SEVERE: Servlet.service() for servlet [Faces Servlet] in context with path [] threw exception [javax.el.ELException: Error reading 'posts' on type view.PostMb] with root cause
java.net.ConnectException: Connection refused: connect
	at java.net.DualStackPlainSocketImpl.connect0(Native Method)
	at java.net.DualStackPlainSocketImpl.socketConnect(DualStackPlainSocketImpl.java:79)
	at java.net.AbstractPlainSocketImpl.doConnect(AbstractPlainSocketImpl.java:350)
	at java.net.AbstractPlainSocketImpl.connectToAddress(AbstractPlainSocketImpl.java:206)
	at java.net.AbstractPlainSocketImpl.connect(AbstractPlainSocketImpl.java:188)
	at java.net.PlainSocketImpl.connect(PlainSocketImpl.java:172)
	at java.net.SocksSocketImpl.connect(SocksSocketImpl.java:392)
	at java.net.Socket.connect(Socket.java:589)
	at java.net.Socket.connect(Socket.java:538)
	at java.net.Socket.<init>(Socket.java:434)
	at java.net.Socket.<init>(Socket.java:244)
	at com.mysql.jdbc.StandardSocketFactory.connect(StandardSocketFactory.java:253)
	at com.mysql.jdbc.MysqlIO.<init>(MysqlIO.java:280)
	at com.mysql.jdbc.ConnectionImpl.createNewIO(ConnectionImpl.java:2026)
	at com.mysql.jdbc.ConnectionImpl.<init>(ConnectionImpl.java:718)
	at com.mysql.jdbc.JDBC4Connection.<init>(JDBC4Connection.java:46)
	at sun.reflect.NativeConstructorAccessorImpl.newInstance0(Native Method)
	at sun.reflect.NativeConstructorAccessorImpl.newInstance(NativeConstructorAccessorImpl.java:62)
	at sun.reflect.DelegatingConstructorAccessorImpl.newInstance(DelegatingConstructorAccessorImpl.java:45)
	at java.lang.reflect.Constructor.newInstance(Constructor.java:423)
	at com.mysql.jdbc.Util.handleNewInstance(Util.java:406)
	at com.mysql.jdbc.ConnectionImpl.getInstance(ConnectionImpl.java:302)
	at com.mysql.jdbc.NonRegisteringDriver.connect(NonRegisteringDriver.java:282)
	at org.apache.tomcat.jdbc.pool.PooledConnection.connectUsingDriver(PooledConnection.java:278)
	at org.apache.tomcat.jdbc.pool.PooledConnection.connect(PooledConnection.java:182)
	at org.apache.tomcat.jdbc.pool.ConnectionPool.createConnection(ConnectionPool.java:701)
	at org.apache.tomcat.jdbc.pool.ConnectionPool.borrowConnection(ConnectionPool.java:635)
	at org.apache.tomcat.jdbc.pool.ConnectionPool.getConnection(ConnectionPool.java:188)
	at org.apache.tomcat.jdbc.pool.DataSourceProxy.getConnection(DataSourceProxy.java:128)
	at org.apache.openejb.resource.jdbc.managed.local.ManagedDataSource.getConnection(ManagedDataSource.java:52)
	at org.apache.openjpa.lib.jdbc.DelegatingDataSource.getConnection(DelegatingDataSource.java:110)
	at org.apache.openjpa.lib.jdbc.DecoratingDataSource.getConnection(DecoratingDataSource.java:87)
	at org.apache.openjpa.jdbc.sql.DBDictionaryFactory.newDBDictionary(DBDictionaryFactory.java:91)
	at org.apache.openjpa.jdbc.conf.JDBCConfigurationImpl.getDBDictionaryInstance(JDBCConfigurationImpl.java:603)
	at org.apache.openjpa.jdbc.meta.MappingRepository.endConfiguration(MappingRepository.java:1518)
	at org.apache.openjpa.lib.conf.Configurations.configureInstance(Configurations.java:535)
	at org.apache.openjpa.lib.conf.Configurations.configureInstance(Configurations.java:460)
	at org.apache.openjpa.lib.conf.PluginValue.instantiate(PluginValue.java:121)
	at org.apache.openjpa.conf.MetaDataRepositoryValue.instantiate(MetaDataRepositoryValue.java:68)
	at org.apache.openjpa.lib.conf.ObjectValue.instantiate(ObjectValue.java:83)
	at org.apache.openjpa.conf.OpenJPAConfigurationImpl.newMetaDataRepositoryInstance(OpenJPAConfigurationImpl.java:967)
	at org.apache.openjpa.conf.OpenJPAConfigurationImpl.getMetaDataRepositoryInstance(OpenJPAConfigurationImpl.java:958)
	at org.apache.openjpa.kernel.AbstractBrokerFactory.makeReadOnly(AbstractBrokerFactory.java:642)
	at org.apache.openjpa.kernel.AbstractBrokerFactory.newBroker(AbstractBrokerFactory.java:202)
	at org.apache.openjpa.kernel.DelegatingBrokerFactory.newBroker(DelegatingBrokerFactory.java:155)
	at org.apache.openjpa.persistence.EntityManagerFactoryImpl.createEntityManager(EntityManagerFactoryImpl.java:226)
	at org.apache.openjpa.persistence.EntityManagerFactoryImpl.createEntityManager(EntityManagerFactoryImpl.java:59)
	at org.apache.openejb.assembler.classic.ReloadableEntityManagerFactory.createEntityManager(ReloadableEntityManagerFactory.java:160)
	at org.apache.openejb.persistence.JtaEntityManagerRegistry.getEntityManager(JtaEntityManagerRegistry.java:119)
	at org.apache.openejb.persistence.JtaEntityManager.getEntityManager(JtaEntityManager.java:96)
	at org.apache.openejb.persistence.JtaEntityManager.typedProxyIfNoTx(JtaEntityManager.java:333)
	at org.apache.openejb.persistence.JtaEntityManager.createQuery(JtaEntityManager.java:405)
	at controller.PostController.getAll(PostController.java:22)
	at sun.reflect.NativeMethodAccessorImpl.invoke0(Native Method)
	at sun.reflect.NativeMethodAccessorImpl.invoke(NativeMethodAccessorImpl.java:62)
	at sun.reflect.DelegatingMethodAccessorImpl.invoke(DelegatingMethodAccessorImpl.java:43)
	at java.lang.reflect.Method.invoke(Method.java:498)
	at org.apache.openejb.core.interceptor.ReflectionInvocationContext$Invocation.invoke(ReflectionInvocationContext.java:192)
	at org.apache.openejb.core.interceptor.ReflectionInvocationContext.proceed(ReflectionInvocationContext.java:173)
	at org.apache.openejb.monitoring.StatsInterceptor.record(StatsInterceptor.java:181)
	at org.apache.openejb.monitoring.StatsInterceptor.invoke(StatsInterceptor.java:100)
	at sun.reflect.NativeMethodAccessorImpl.invoke0(Native Method)
	at sun.reflect.NativeMethodAccessorImpl.invoke(NativeMethodAccessorImpl.java:62)
	at sun.reflect.DelegatingMethodAccessorImpl.invoke(DelegatingMethodAccessorImpl.java:43)
	at java.lang.reflect.Method.invoke(Method.java:498)
	at org.apache.openejb.core.interceptor.ReflectionInvocationContext$Invocation.invoke(ReflectionInvocationContext.java:192)
	at org.apache.openejb.core.interceptor.ReflectionInvocationContext.proceed(ReflectionInvocationContext.java:173)
	at org.apache.openejb.core.interceptor.InterceptorStack.invoke(InterceptorStack.java:85)
	at org.apache.openejb.core.stateless.StatelessContainer._invoke(StatelessContainer.java:227)
	at org.apache.openejb.core.stateless.StatelessContainer.invoke(StatelessContainer.java:194)
	at org.apache.openejb.core.ivm.EjbObjectProxyHandler.synchronizedBusinessMethod(EjbObjectProxyHandler.java:308)
	at org.apache.openejb.core.ivm.EjbObjectProxyHandler.businessMethod(EjbObjectProxyHandler.java:303)
	at org.apache.openejb.core.ivm.EjbObjectProxyHandler._invoke(EjbObjectProxyHandler.java:92)
	at org.apache.openejb.core.ivm.BaseEjbProxyHandler.invoke(BaseEjbProxyHandler.java:308)
	at controller.PostController$$LocalBeanProxy.getAll(controller/PostController.java)
	at view.PostMb.getPosts(PostMb.java:40)
	at sun.reflect.NativeMethodAccessorImpl.invoke0(Native Method)
	at sun.reflect.NativeMethodAccessorImpl.invoke(NativeMethodAccessorImpl.java:62)
	at sun.reflect.DelegatingMethodAccessorImpl.invoke(DelegatingMethodAccessorImpl.java:43)
	at java.lang.reflect.Method.invoke(Method.java:498)
	at javax.el.BeanELResolver.getValue(BeanELResolver.java:99)
	at javax.el.CompositeELResolver.getValue(CompositeELResolver.java:67)
	at org.apache.myfaces.el.unified.resolver.FacesCompositeELResolver.getValue(FacesCompositeELResolver.java:179)
	at org.apache.el.parser.AstValue.getValue(AstValue.java:183)
	at org.apache.el.ValueExpressionImpl.getValue(ValueExpressionImpl.java:184)
	at org.apache.webbeans.el22.WrappedValueExpression.getValue(WrappedValueExpression.java:70)
	at org.apache.myfaces.view.facelets.el.ContextAwareTagValueExpression.getValue(ContextAwareTagValueExpression.java:96)
	at javax.faces.component._DeltaStateHelper.eval(_DeltaStateHelper.java:249)
	at org.apache.myfaces.view.facelets.component.UIRepeat.getValue(UIRepeat.java:242)
	at org.apache.myfaces.view.facelets.component.UIRepeat.createDataModel(UIRepeat.java:193)
	at org.apache.myfaces.view.facelets.component.UIRepeat.getDataModel(UIRepeat.java:185)
	at org.apache.myfaces.view.facelets.component.UIRepeat._validateAttributes(UIRepeat.java:815)
	at org.apache.myfaces.view.facelets.component.UIRepeat.process(UIRepeat.java:877)
	at org.apache.myfaces.view.facelets.component.UIRepeat.encodeChildren(UIRepeat.java:1587)
	at javax.faces.component.UIComponentBase.encodeAll(UIComponentBase.java:532)
	at org.apache.myfaces.shared.renderkit.RendererUtils.renderChildren(RendererUtils.java:693)
	at org.apache.myfaces.shared.renderkit.html.HtmlGroupRendererBase.encodeEnd(HtmlGroupRendererBase.java:115)
	at javax.faces.component.UIComponentBase.encodeEnd(UIComponentBase.java:665)
	at javax.faces.component.UIComponentBase.encodeAll(UIComponentBase.java:545)
	at org.apache.myfaces.shared.renderkit.RendererUtils.renderChildren(RendererUtils.java:693)
	at org.apache.myfaces.shared.renderkit.html.HtmlGroupRendererBase.encodeEnd(HtmlGroupRendererBase.java:115)
	at javax.faces.component.UIComponentBase.encodeEnd(UIComponentBase.java:665)
	at javax.faces.component.UIComponentBase.encodeAll(UIComponentBase.java:545)
	at javax.faces.component.UIComponentBase.encodeAll(UIComponentBase.java:541)
	at javax.faces.component.UIComponentBase.encodeAll(UIComponentBase.java:541)
	at org.apache.myfaces.view.facelets.FaceletViewDeclarationLanguage.renderView(FaceletViewDeclarationLanguage.java:1981)
	at org.apache.myfaces.application.ViewHandlerImpl.renderView(ViewHandlerImpl.java:305)
	at javax.faces.application.ViewHandlerWrapper.renderView(ViewHandlerWrapper.java:59)
	at org.apache.myfaces.lifecycle.RenderResponseExecutor.execute(RenderResponseExecutor.java:116)
	at org.apache.myfaces.lifecycle.LifecycleImpl.render(LifecycleImpl.java:241)
	at javax.faces.webapp.FacesServlet.service(FacesServlet.java:199)
	at org.apache.catalina.core.ApplicationFilterChain.internalDoFilter(ApplicationFilterChain.java:303)
	at org.apache.catalina.core.ApplicationFilterChain.doFilter(ApplicationFilterChain.java:208)
	at org.apache.tomcat.websocket.server.WsFilter.doFilter(WsFilter.java:52)
	at org.apache.catalina.core.ApplicationFilterChain.internalDoFilter(ApplicationFilterChain.java:241)
	at org.apache.catalina.core.ApplicationFilterChain.doFilter(ApplicationFilterChain.java:208)
	at org.apache.catalina.core.StandardWrapperValve.invoke(StandardWrapperValve.java:220)
	at org.apache.catalina.core.StandardContextValve.invoke(StandardContextValve.java:122)
	at org.apache.tomee.catalina.OpenEJBValve.invoke(OpenEJBValve.java:44)
	at org.apache.catalina.authenticator.AuthenticatorBase.invoke(AuthenticatorBase.java:501)
	at org.apache.catalina.core.StandardHostValve.invoke(StandardHostValve.java:171)
	at org.apache.catalina.valves.ErrorReportValve.invoke(ErrorReportValve.java:103)
	at org.apache.catalina.valves.AccessLogValve.invoke(AccessLogValve.java:950)
	at org.apache.catalina.core.StandardEngineValve.invoke(StandardEngineValve.java:116)
	at org.apache.catalina.connector.CoyoteAdapter.service(CoyoteAdapter.java:408)
	at org.apache.coyote.http11.AbstractHttp11Processor.process(AbstractHttp11Processor.java:1070)
	at org.apache.coyote.AbstractProtocol$AbstractConnectionHandler.process(AbstractProtocol.java:611)
	at org.apache.tomcat.util.net.JIoEndpoint$SocketProcessor.run(JIoEndpoint.java:314)
	at java.util.concurrent.ThreadPoolExecutor.runWorker(ThreadPoolExecutor.java:1149)
	at java.util.concurrent.ThreadPoolExecutor$Worker.run(ThreadPoolExecutor.java:624)
	at org.apache.tomcat.util.threads.TaskThread$WrappingRunnable.run(TaskThread.java:61)
	at java.lang.Thread.run(Thread.java:748)

Nov 10, 2017 4:00:05 PM org.apache.catalina.core.StandardWrapperValve invoke
SEVERE: Servlet.service() for servlet [Faces Servlet] in context with path [] threw exception [javax.el.ELException: Error reading 'posts' on type view.PostMb] with root cause
java.net.ConnectException: Connection refused: connect
	at java.net.DualStackPlainSocketImpl.connect0(Native Method)
	at java.net.DualStackPlainSocketImpl.socketConnect(DualStackPlainSocketImpl.java:79)
	at java.net.AbstractPlainSocketImpl.doConnect(AbstractPlainSocketImpl.java:350)
	at java.net.AbstractPlainSocketImpl.connectToAddress(AbstractPlainSocketImpl.java:206)
	at java.net.AbstractPlainSocketImpl.connect(AbstractPlainSocketImpl.java:188)
	at java.net.PlainSocketImpl.connect(PlainSocketImpl.java:172)
	at java.net.SocksSocketImpl.connect(SocksSocketImpl.java:392)
	at java.net.Socket.connect(Socket.java:589)
	at java.net.Socket.connect(Socket.java:538)
	at java.net.Socket.<init>(Socket.java:434)
	at java.net.Socket.<init>(Socket.java:244)
	at com.mysql.jdbc.StandardSocketFactory.connect(StandardSocketFactory.java:253)
	at com.mysql.jdbc.MysqlIO.<init>(MysqlIO.java:280)
	at com.mysql.jdbc.ConnectionImpl.createNewIO(ConnectionImpl.java:2026)
	at com.mysql.jdbc.ConnectionImpl.<init>(ConnectionImpl.java:718)
	at com.mysql.jdbc.JDBC4Connection.<init>(JDBC4Connection.java:46)
	at sun.reflect.NativeConstructorAccessorImpl.newInstance0(Native Method)
	at sun.reflect.NativeConstructorAccessorImpl.newInstance(NativeConstructorAccessorImpl.java:62)
	at sun.reflect.DelegatingConstructorAccessorImpl.newInstance(DelegatingConstructorAccessorImpl.java:45)
	at java.lang.reflect.Constructor.newInstance(Constructor.java:423)
	at com.mysql.jdbc.Util.handleNewInstance(Util.java:406)
	at com.mysql.jdbc.ConnectionImpl.getInstance(ConnectionImpl.java:302)
	at com.mysql.jdbc.NonRegisteringDriver.connect(NonRegisteringDriver.java:282)
	at org.apache.tomcat.jdbc.pool.PooledConnection.connectUsingDriver(PooledConnection.java:278)
	at org.apache.tomcat.jdbc.pool.PooledConnection.connect(PooledConnection.java:182)
	at org.apache.tomcat.jdbc.pool.ConnectionPool.createConnection(ConnectionPool.java:701)
	at org.apache.tomcat.jdbc.pool.ConnectionPool.borrowConnection(ConnectionPool.java:635)
	at org.apache.tomcat.jdbc.pool.ConnectionPool.getConnection(ConnectionPool.java:188)
	at org.apache.tomcat.jdbc.pool.DataSourceProxy.getConnection(DataSourceProxy.java:128)
	at org.apache.openejb.resource.jdbc.managed.local.ManagedDataSource.getConnection(ManagedDataSource.java:52)
	at org.apache.openjpa.lib.jdbc.DelegatingDataSource.getConnection(DelegatingDataSource.java:110)
	at org.apache.openjpa.lib.jdbc.DecoratingDataSource.getConnection(DecoratingDataSource.java:87)
	at org.apache.openjpa.jdbc.sql.DBDictionaryFactory.newDBDictionary(DBDictionaryFactory.java:91)
	at org.apache.openjpa.jdbc.conf.JDBCConfigurationImpl.getDBDictionaryInstance(JDBCConfigurationImpl.java:603)
	at org.apache.openjpa.jdbc.meta.MappingRepository.endConfiguration(MappingRepository.java:1518)
	at org.apache.openjpa.lib.conf.Configurations.configureInstance(Configurations.java:535)
	at org.apache.openjpa.lib.conf.Configurations.configureInstance(Configurations.java:460)
	at org.apache.openjpa.lib.conf.PluginValue.instantiate(PluginValue.java:121)
	at org.apache.openjpa.conf.MetaDataRepositoryValue.instantiate(MetaDataRepositoryValue.java:68)
	at org.apache.openjpa.lib.conf.ObjectValue.instantiate(ObjectValue.java:83)
	at org.apache.openjpa.conf.OpenJPAConfigurationImpl.newMetaDataRepositoryInstance(OpenJPAConfigurationImpl.java:967)
	at org.apache.openjpa.conf.OpenJPAConfigurationImpl.getMetaDataRepositoryInstance(OpenJPAConfigurationImpl.java:958)
	at org.apache.openjpa.kernel.AbstractBrokerFactory.makeReadOnly(AbstractBrokerFactory.java:642)
	at org.apache.openjpa.kernel.AbstractBrokerFactory.newBroker(AbstractBrokerFactory.java:202)
	at org.apache.openjpa.kernel.DelegatingBrokerFactory.newBroker(DelegatingBrokerFactory.java:155)
	at org.apache.openjpa.persistence.EntityManagerFactoryImpl.createEntityManager(EntityManagerFactoryImpl.java:226)
	at org.apache.openjpa.persistence.EntityManagerFactoryImpl.createEntityManager(EntityManagerFactoryImpl.java:59)
	at org.apache.openejb.assembler.classic.ReloadableEntityManagerFactory.createEntityManager(ReloadableEntityManagerFactory.java:160)
	at org.apache.openejb.persistence.JtaEntityManagerRegistry.getEntityManager(JtaEntityManagerRegistry.java:119)
	at org.apache.openejb.persistence.JtaEntityManager.getEntityManager(JtaEntityManager.java:96)
	at org.apache.openejb.persistence.JtaEntityManager.typedProxyIfNoTx(JtaEntityManager.java:333)
	at org.apache.openejb.persistence.JtaEntityManager.createQuery(JtaEntityManager.java:405)
	at controller.PostController.getAll(PostController.java:22)
	at sun.reflect.NativeMethodAccessorImpl.invoke0(Native Method)
	at sun.reflect.NativeMethodAccessorImpl.invoke(NativeMethodAccessorImpl.java:62)
	at sun.reflect.DelegatingMethodAccessorImpl.invoke(DelegatingMethodAccessorImpl.java:43)
	at java.lang.reflect.Method.invoke(Method.java:498)
	at org.apache.openejb.core.interceptor.ReflectionInvocationContext$Invocation.invoke(ReflectionInvocationContext.java:192)
	at org.apache.openejb.core.interceptor.ReflectionInvocationContext.proceed(ReflectionInvocationContext.java:173)
	at org.apache.openejb.monitoring.StatsInterceptor.record(StatsInterceptor.java:181)
	at org.apache.openejb.monitoring.StatsInterceptor.invoke(StatsInterceptor.java:100)
	at sun.reflect.NativeMethodAccessorImpl.invoke0(Native Method)
	at sun.reflect.NativeMethodAccessorImpl.invoke(NativeMethodAccessorImpl.java:62)
	at sun.reflect.DelegatingMethodAccessorImpl.invoke(DelegatingMethodAccessorImpl.java:43)
	at java.lang.reflect.Method.invoke(Method.java:498)
	at org.apache.openejb.core.interceptor.ReflectionInvocationContext$Invocation.invoke(ReflectionInvocationContext.java:192)
	at org.apache.openejb.core.interceptor.ReflectionInvocationContext.proceed(ReflectionInvocationContext.java:173)
	at org.apache.openejb.core.interceptor.InterceptorStack.invoke(InterceptorStack.java:85)
	at org.apache.openejb.core.stateless.StatelessContainer._invoke(StatelessContainer.java:227)
	at org.apache.openejb.core.stateless.StatelessContainer.invoke(StatelessContainer.java:194)
	at org.apache.openejb.core.ivm.EjbObjectProxyHandler.synchronizedBusinessMethod(EjbObjectProxyHandler.java:308)
	at org.apache.openejb.core.ivm.EjbObjectProxyHandler.businessMethod(EjbObjectProxyHandler.java:303)
	at org.apache.openejb.core.ivm.EjbObjectProxyHandler._invoke(EjbObjectProxyHandler.java:92)
	at org.apache.openejb.core.ivm.BaseEjbProxyHandler.invoke(BaseEjbProxyHandler.java:308)
	at controller.PostController$$LocalBeanProxy.getAll(controller/PostController.java)
	at view.PostMb.getPosts(PostMb.java:40)
	at sun.reflect.NativeMethodAccessorImpl.invoke0(Native Method)
	at sun.reflect.NativeMethodAccessorImpl.invoke(NativeMethodAccessorImpl.java:62)
	at sun.reflect.DelegatingMethodAccessorImpl.invoke(DelegatingMethodAccessorImpl.java:43)
	at java.lang.reflect.Method.invoke(Method.java:498)
	at javax.el.BeanELResolver.getValue(BeanELResolver.java:99)
	at javax.el.CompositeELResolver.getValue(CompositeELResolver.java:67)
	at org.apache.myfaces.el.unified.resolver.FacesCompositeELResolver.getValue(FacesCompositeELResolver.java:179)
	at org.apache.el.parser.AstValue.getValue(AstValue.java:183)
	at org.apache.el.ValueExpressionImpl.getValue(ValueExpressionImpl.java:184)
	at org.apache.webbeans.el22.WrappedValueExpression.getValue(WrappedValueExpression.java:70)
	at org.apache.myfaces.view.facelets.el.ContextAwareTagValueExpression.getValue(ContextAwareTagValueExpression.java:96)
	at javax.faces.component._DeltaStateHelper.eval(_DeltaStateHelper.java:249)
	at org.apache.myfaces.view.facelets.component.UIRepeat.getValue(UIRepeat.java:242)
	at org.apache.myfaces.view.facelets.component.UIRepeat.createDataModel(UIRepeat.java:193)
	at org.apache.myfaces.view.facelets.component.UIRepeat.getDataModel(UIRepeat.java:185)
	at org.apache.myfaces.view.facelets.component.UIRepeat._validateAttributes(UIRepeat.java:815)
	at org.apache.myfaces.view.facelets.component.UIRepeat.process(UIRepeat.java:877)
	at org.apache.myfaces.view.facelets.component.UIRepeat.encodeChildren(UIRepeat.java:1587)
	at javax.faces.component.UIComponentBase.encodeAll(UIComponentBase.java:532)
	at org.apache.myfaces.shared.renderkit.RendererUtils.renderChildren(RendererUtils.java:693)
	at org.apache.myfaces.shared.renderkit.html.HtmlGroupRendererBase.encodeEnd(HtmlGroupRendererBase.java:115)
	at javax.faces.component.UIComponentBase.encodeEnd(UIComponentBase.java:665)
	at javax.faces.component.UIComponentBase.encodeAll(UIComponentBase.java:545)
	at org.apache.myfaces.shared.renderkit.RendererUtils.renderChildren(RendererUtils.java:693)
	at org.apache.myfaces.shared.renderkit.html.HtmlGroupRendererBase.encodeEnd(HtmlGroupRendererBase.java:115)
	at javax.faces.component.UIComponentBase.encodeEnd(UIComponentBase.java:665)
	at javax.faces.component.UIComponentBase.encodeAll(UIComponentBase.java:545)
	at javax.faces.component.UIComponentBase.encodeAll(UIComponentBase.java:541)
	at javax.faces.component.UIComponentBase.encodeAll(UIComponentBase.java:541)
	at org.apache.myfaces.view.facelets.FaceletViewDeclarationLanguage.renderView(FaceletViewDeclarationLanguage.java:1981)
	at org.apache.myfaces.application.ViewHandlerImpl.renderView(ViewHandlerImpl.java:305)
	at javax.faces.application.ViewHandlerWrapper.renderView(ViewHandlerWrapper.java:59)
	at org.apache.myfaces.lifecycle.RenderResponseExecutor.execute(RenderResponseExecutor.java:116)
	at org.apache.myfaces.lifecycle.LifecycleImpl.render(LifecycleImpl.java:241)
	at javax.faces.webapp.FacesServlet.service(FacesServlet.java:199)
	at org.apache.catalina.core.ApplicationFilterChain.internalDoFilter(ApplicationFilterChain.java:303)
	at org.apache.catalina.core.ApplicationFilterChain.doFilter(ApplicationFilterChain.java:208)
	at org.apache.tomcat.websocket.server.WsFilter.doFilter(WsFilter.java:52)
	at org.apache.catalina.core.ApplicationFilterChain.internalDoFilter(ApplicationFilterChain.java:241)
	at org.apache.catalina.core.ApplicationFilterChain.doFilter(ApplicationFilterChain.java:208)
	at org.apache.catalina.core.StandardWrapperValve.invoke(StandardWrapperValve.java:220)
	at org.apache.catalina.core.StandardContextValve.invoke(StandardContextValve.java:122)
	at org.apache.tomee.catalina.OpenEJBValve.invoke(OpenEJBValve.java:44)
	at org.apache.catalina.authenticator.AuthenticatorBase.invoke(AuthenticatorBase.java:501)
	at org.apache.catalina.core.StandardHostValve.invoke(StandardHostValve.java:171)
	at org.apache.catalina.valves.ErrorReportValve.invoke(ErrorReportValve.java:103)
	at org.apache.catalina.valves.AccessLogValve.invoke(AccessLogValve.java:950)
	at org.apache.catalina.core.StandardEngineValve.invoke(StandardEngineValve.java:116)
	at org.apache.catalina.connector.CoyoteAdapter.service(CoyoteAdapter.java:408)
	at org.apache.coyote.http11.AbstractHttp11Processor.process(AbstractHttp11Processor.java:1070)
	at org.apache.coyote.AbstractProtocol$AbstractConnectionHandler.process(AbstractProtocol.java:611)
	at org.apache.tomcat.util.net.JIoEndpoint$SocketProcessor.run(JIoEndpoint.java:314)
	at java.util.concurrent.ThreadPoolExecutor.runWorker(ThreadPoolExecutor.java:1149)
	at java.util.concurrent.ThreadPoolExecutor$Worker.run(ThreadPoolExecutor.java:624)
	at org.apache.tomcat.util.threads.TaskThread$WrappingRunnable.run(TaskThread.java:61)
	at java.lang.Thread.run(Thread.java:748)

Nov 10, 2017 4:02:01 PM org.apache.catalina.core.ApplicationContext log
INFO: No state saving method defined, assuming default server state saving
Nov 10, 2017 4:05:54 PM org.apache.catalina.core.StandardWrapperValve invoke
SEVERE: Servlet.service() for servlet [Faces Servlet] in context with path [] threw exception
java.io.FileNotFoundException: /WEB-INF/template/template.xhtml Not Found in ExternalContext as a Resource
	at org.apache.myfaces.view.facelets.impl.DefaultFaceletFactory.resolveURL(DefaultFaceletFactory.java:280)
	at org.apache.myfaces.view.facelets.impl.DefaultFacelet.getRelativePath(DefaultFacelet.java:374)
	at org.apache.myfaces.view.facelets.impl.DefaultFacelet.include(DefaultFacelet.java:443)
	at org.apache.myfaces.view.facelets.impl.DefaultFaceletContext.includeFacelet(DefaultFaceletContext.java:240)
	at org.apache.myfaces.view.facelets.tag.ui.CompositionHandler.apply(CompositionHandler.java:148)
	at org.apache.myfaces.view.facelets.compiler.NamespaceHandler.apply(NamespaceHandler.java:57)
	at org.apache.myfaces.view.facelets.compiler.EncodingHandler.apply(EncodingHandler.java:48)
	at org.apache.myfaces.view.facelets.impl.DefaultFacelet.apply(DefaultFacelet.java:180)
	at org.apache.myfaces.view.facelets.FaceletViewDeclarationLanguage.buildView(FaceletViewDeclarationLanguage.java:452)
	at org.apache.myfaces.lifecycle.RenderResponseExecutor.execute(RenderResponseExecutor.java:78)
	at org.apache.myfaces.lifecycle.LifecycleImpl.render(LifecycleImpl.java:241)
	at javax.faces.webapp.FacesServlet.service(FacesServlet.java:199)
	at org.apache.catalina.core.ApplicationFilterChain.internalDoFilter(ApplicationFilterChain.java:303)
	at org.apache.catalina.core.ApplicationFilterChain.doFilter(ApplicationFilterChain.java:208)
	at org.apache.tomcat.websocket.server.WsFilter.doFilter(WsFilter.java:52)
	at org.apache.catalina.core.ApplicationFilterChain.internalDoFilter(ApplicationFilterChain.java:241)
	at org.apache.catalina.core.ApplicationFilterChain.doFilter(ApplicationFilterChain.java:208)
	at org.apache.catalina.core.StandardWrapperValve.invoke(StandardWrapperValve.java:220)
	at org.apache.catalina.core.StandardContextValve.invoke(StandardContextValve.java:122)
	at org.apache.tomee.catalina.OpenEJBValve.invoke(OpenEJBValve.java:44)
	at org.apache.catalina.authenticator.AuthenticatorBase.invoke(AuthenticatorBase.java:501)
	at org.apache.catalina.core.StandardHostValve.invoke(StandardHostValve.java:171)
	at org.apache.catalina.valves.ErrorReportValve.invoke(ErrorReportValve.java:103)
	at org.apache.catalina.valves.AccessLogValve.invoke(AccessLogValve.java:950)
	at org.apache.catalina.core.StandardEngineValve.invoke(StandardEngineValve.java:116)
	at org.apache.catalina.connector.CoyoteAdapter.service(CoyoteAdapter.java:408)
	at org.apache.coyote.http11.AbstractHttp11Processor.process(AbstractHttp11Processor.java:1070)
	at org.apache.coyote.AbstractProtocol$AbstractConnectionHandler.process(AbstractProtocol.java:611)
	at org.apache.tomcat.util.net.JIoEndpoint$SocketProcessor.run(JIoEndpoint.java:314)
	at java.util.concurrent.ThreadPoolExecutor.runWorker(ThreadPoolExecutor.java:1149)
	at java.util.concurrent.ThreadPoolExecutor$Worker.run(ThreadPoolExecutor.java:624)
	at org.apache.tomcat.util.threads.TaskThread$WrappingRunnable.run(TaskThread.java:61)
	at java.lang.Thread.run(Thread.java:748)

Nov 10, 2017 4:06:50 PM org.apache.catalina.core.ApplicationContext log
INFO: No state saving method defined, assuming default server state saving
Nov 10, 2017 4:06:50 PM org.apache.catalina.core.StandardWrapperValve invoke
SEVERE: Servlet.service() for servlet [Faces Servlet] in context with path [] threw exception [Component with id::appMessages not found] with root cause
javax.faces.FacesException: Component with id::appMessages not found
	at org.apache.myfaces.renderkit.html.HtmlAjaxBehaviorRenderer.getComponentId(HtmlAjaxBehaviorRenderer.java:411)
	at org.apache.myfaces.renderkit.html.HtmlAjaxBehaviorRenderer.build(HtmlAjaxBehaviorRenderer.java:384)
	at org.apache.myfaces.renderkit.html.HtmlAjaxBehaviorRenderer.mapToString(HtmlAjaxBehaviorRenderer.java:356)
	at org.apache.myfaces.renderkit.html.HtmlAjaxBehaviorRenderer.makeAjax(HtmlAjaxBehaviorRenderer.java:157)
	at org.apache.myfaces.renderkit.html.HtmlAjaxBehaviorRenderer.getScript(HtmlAjaxBehaviorRenderer.java:101)
	at javax.faces.component.behavior.ClientBehaviorBase.getScript(ClientBehaviorBase.java:99)
	at org.apache.myfaces.shared.renderkit.html.HtmlRendererUtils._appendClientBehaviourScript(HtmlRendererUtils.java:2005)
	at org.apache.myfaces.shared.renderkit.html.HtmlRendererUtils.getClientBehaviorScript(HtmlRendererUtils.java:1984)
	at org.apache.myfaces.shared.renderkit.html.HtmlRendererUtils.buildBehaviorChain(HtmlRendererUtils.java:2157)
	at org.apache.myfaces.shared.renderkit.html.HtmlRendererUtils.buildBehaviorChain(HtmlRendererUtils.java:2122)
	at org.apache.myfaces.shared.renderkit.html.HtmlLinkRendererBase.renderBehaviorizedJavaScriptAnchorStart(HtmlLinkRendererBase.java:565)
	at org.apache.myfaces.shared.renderkit.html.HtmlLinkRendererBase.renderCommandLinkStart(HtmlLinkRendererBase.java:312)
	at org.apache.myfaces.shared.renderkit.html.HtmlLinkRendererBase.encodeBegin(HtmlLinkRendererBase.java:138)
	at javax.faces.component.UIComponentBase.encodeBegin(UIComponentBase.java:587)
	at javax.faces.component.UIComponentBase.encodeAll(UIComponentBase.java:517)
	at javax.faces.component.UIComponentBase.encodeAll(UIComponentBase.java:541)
	at org.apache.myfaces.shared.renderkit.RendererUtils.renderChildren(RendererUtils.java:693)
	at org.apache.myfaces.shared.renderkit.html.HtmlGroupRendererBase.encodeEnd(HtmlGroupRendererBase.java:115)
	at javax.faces.component.UIComponentBase.encodeEnd(UIComponentBase.java:665)
	at javax.faces.component.UIComponentBase.encodeAll(UIComponentBase.java:545)
	at javax.faces.component.UIComponentBase.encodeAll(UIComponentBase.java:541)
	at javax.faces.component.UIComponentBase.encodeAll(UIComponentBase.java:541)
	at org.apache.myfaces.view.facelets.FaceletViewDeclarationLanguage.renderView(FaceletViewDeclarationLanguage.java:1981)
	at org.apache.myfaces.application.ViewHandlerImpl.renderView(ViewHandlerImpl.java:305)
	at javax.faces.application.ViewHandlerWrapper.renderView(ViewHandlerWrapper.java:59)
	at org.apache.myfaces.lifecycle.RenderResponseExecutor.execute(RenderResponseExecutor.java:116)
	at org.apache.myfaces.lifecycle.LifecycleImpl.render(LifecycleImpl.java:241)
	at javax.faces.webapp.FacesServlet.service(FacesServlet.java:199)
	at org.apache.catalina.core.ApplicationFilterChain.internalDoFilter(ApplicationFilterChain.java:303)
	at org.apache.catalina.core.ApplicationFilterChain.doFilter(ApplicationFilterChain.java:208)
	at org.apache.tomcat.websocket.server.WsFilter.doFilter(WsFilter.java:52)
	at org.apache.catalina.core.ApplicationFilterChain.internalDoFilter(ApplicationFilterChain.java:241)
	at org.apache.catalina.core.ApplicationFilterChain.doFilter(ApplicationFilterChain.java:208)
	at org.apache.catalina.core.StandardWrapperValve.invoke(StandardWrapperValve.java:220)
	at org.apache.catalina.core.StandardContextValve.invoke(StandardContextValve.java:122)
	at org.apache.tomee.catalina.OpenEJBValve.invoke(OpenEJBValve.java:44)
	at org.apache.catalina.authenticator.AuthenticatorBase.invoke(AuthenticatorBase.java:501)
	at org.apache.catalina.core.StandardHostValve.invoke(StandardHostValve.java:171)
	at org.apache.catalina.valves.ErrorReportValve.invoke(ErrorReportValve.java:103)
	at org.apache.catalina.valves.AccessLogValve.invoke(AccessLogValve.java:950)
	at org.apache.catalina.core.StandardEngineValve.invoke(StandardEngineValve.java:116)
	at org.apache.catalina.connector.CoyoteAdapter.service(CoyoteAdapter.java:408)
	at org.apache.coyote.http11.AbstractHttp11Processor.process(AbstractHttp11Processor.java:1070)
	at org.apache.coyote.AbstractProtocol$AbstractConnectionHandler.process(AbstractProtocol.java:611)
	at org.apache.tomcat.util.net.JIoEndpoint$SocketProcessor.run(JIoEndpoint.java:314)
	at java.util.concurrent.ThreadPoolExecutor.runWorker(ThreadPoolExecutor.java:1149)
	at java.util.concurrent.ThreadPoolExecutor$Worker.run(ThreadPoolExecutor.java:624)
	at org.apache.tomcat.util.threads.TaskThread$WrappingRunnable.run(TaskThread.java:61)
	at java.lang.Thread.run(Thread.java:748)

Nov 10, 2017 4:10:56 PM org.apache.catalina.core.ApplicationContext log
INFO: No state saving method defined, assuming default server state saving
Nov 10, 2017 4:10:57 PM org.apache.catalina.core.StandardWrapperValve invoke
SEVERE: Servlet.service() for servlet [Faces Servlet] in context with path [] threw exception [Component with id::appMessages not found] with root cause
javax.faces.FacesException: Component with id::appMessages not found
	at org.apache.myfaces.renderkit.html.HtmlAjaxBehaviorRenderer.getComponentId(HtmlAjaxBehaviorRenderer.java:411)
	at org.apache.myfaces.renderkit.html.HtmlAjaxBehaviorRenderer.build(HtmlAjaxBehaviorRenderer.java:384)
	at org.apache.myfaces.renderkit.html.HtmlAjaxBehaviorRenderer.mapToString(HtmlAjaxBehaviorRenderer.java:356)
	at org.apache.myfaces.renderkit.html.HtmlAjaxBehaviorRenderer.makeAjax(HtmlAjaxBehaviorRenderer.java:157)
	at org.apache.myfaces.renderkit.html.HtmlAjaxBehaviorRenderer.getScript(HtmlAjaxBehaviorRenderer.java:101)
	at javax.faces.component.behavior.ClientBehaviorBase.getScript(ClientBehaviorBase.java:99)
	at org.apache.myfaces.shared.renderkit.html.HtmlRendererUtils._appendClientBehaviourScript(HtmlRendererUtils.java:2005)
	at org.apache.myfaces.shared.renderkit.html.HtmlRendererUtils.getClientBehaviorScript(HtmlRendererUtils.java:1984)
	at org.apache.myfaces.shared.renderkit.html.HtmlRendererUtils.buildBehaviorChain(HtmlRendererUtils.java:2157)
	at org.apache.myfaces.shared.renderkit.html.HtmlRendererUtils.buildBehaviorChain(HtmlRendererUtils.java:2122)
	at org.apache.myfaces.shared.renderkit.html.HtmlLinkRendererBase.renderBehaviorizedJavaScriptAnchorStart(HtmlLinkRendererBase.java:565)
	at org.apache.myfaces.shared.renderkit.html.HtmlLinkRendererBase.renderCommandLinkStart(HtmlLinkRendererBase.java:312)
	at org.apache.myfaces.shared.renderkit.html.HtmlLinkRendererBase.encodeBegin(HtmlLinkRendererBase.java:138)
	at javax.faces.component.UIComponentBase.encodeBegin(UIComponentBase.java:587)
	at javax.faces.component.UIComponentBase.encodeAll(UIComponentBase.java:517)
	at javax.faces.component.UIComponentBase.encodeAll(UIComponentBase.java:541)
	at org.apache.myfaces.shared.renderkit.RendererUtils.renderChildren(RendererUtils.java:693)
	at org.apache.myfaces.shared.renderkit.html.HtmlGroupRendererBase.encodeEnd(HtmlGroupRendererBase.java:115)
	at javax.faces.component.UIComponentBase.encodeEnd(UIComponentBase.java:665)
	at javax.faces.component.UIComponentBase.encodeAll(UIComponentBase.java:545)
	at javax.faces.component.UIComponentBase.encodeAll(UIComponentBase.java:541)
	at javax.faces.component.UIComponentBase.encodeAll(UIComponentBase.java:541)
	at org.apache.myfaces.view.facelets.FaceletViewDeclarationLanguage.renderView(FaceletViewDeclarationLanguage.java:1981)
	at org.apache.myfaces.application.ViewHandlerImpl.renderView(ViewHandlerImpl.java:305)
	at javax.faces.application.ViewHandlerWrapper.renderView(ViewHandlerWrapper.java:59)
	at org.apache.myfaces.lifecycle.RenderResponseExecutor.execute(RenderResponseExecutor.java:116)
	at org.apache.myfaces.lifecycle.LifecycleImpl.render(LifecycleImpl.java:241)
	at javax.faces.webapp.FacesServlet.service(FacesServlet.java:199)
	at org.apache.catalina.core.ApplicationFilterChain.internalDoFilter(ApplicationFilterChain.java:303)
	at org.apache.catalina.core.ApplicationFilterChain.doFilter(ApplicationFilterChain.java:208)
	at org.apache.tomcat.websocket.server.WsFilter.doFilter(WsFilter.java:52)
	at org.apache.catalina.core.ApplicationFilterChain.internalDoFilter(ApplicationFilterChain.java:241)
	at org.apache.catalina.core.ApplicationFilterChain.doFilter(ApplicationFilterChain.java:208)
	at org.apache.catalina.core.StandardWrapperValve.invoke(StandardWrapperValve.java:220)
	at org.apache.catalina.core.StandardContextValve.invoke(StandardContextValve.java:122)
	at org.apache.tomee.catalina.OpenEJBValve.invoke(OpenEJBValve.java:44)
	at org.apache.catalina.authenticator.AuthenticatorBase.invoke(AuthenticatorBase.java:501)
	at org.apache.catalina.core.StandardHostValve.invoke(StandardHostValve.java:171)
	at org.apache.catalina.valves.ErrorReportValve.invoke(ErrorReportValve.java:103)
	at org.apache.catalina.valves.AccessLogValve.invoke(AccessLogValve.java:950)
	at org.apache.catalina.core.StandardEngineValve.invoke(StandardEngineValve.java:116)
	at org.apache.catalina.connector.CoyoteAdapter.service(CoyoteAdapter.java:408)
	at org.apache.coyote.http11.AbstractHttp11Processor.process(AbstractHttp11Processor.java:1070)
	at org.apache.coyote.AbstractProtocol$AbstractConnectionHandler.process(AbstractProtocol.java:611)
	at org.apache.tomcat.util.net.JIoEndpoint$SocketProcessor.run(JIoEndpoint.java:314)
	at java.util.concurrent.ThreadPoolExecutor.runWorker(ThreadPoolExecutor.java:1149)
	at java.util.concurrent.ThreadPoolExecutor$Worker.run(ThreadPoolExecutor.java:624)
	at org.apache.tomcat.util.threads.TaskThread$WrappingRunnable.run(TaskThread.java:61)
	at java.lang.Thread.run(Thread.java:748)

Nov 10, 2017 4:12:01 PM org.apache.catalina.core.ApplicationContext log
INFO: No state saving method defined, assuming default server state saving
Nov 10, 2017 4:12:01 PM org.apache.catalina.core.StandardWrapperValve invoke
SEVERE: Servlet.service() for servlet [Faces Servlet] in context with path [] threw exception [Component with id::appMessages not found] with root cause
javax.faces.FacesException: Component with id::appMessages not found
	at org.apache.myfaces.renderkit.html.HtmlAjaxBehaviorRenderer.getComponentId(HtmlAjaxBehaviorRenderer.java:411)
	at org.apache.myfaces.renderkit.html.HtmlAjaxBehaviorRenderer.build(HtmlAjaxBehaviorRenderer.java:384)
	at org.apache.myfaces.renderkit.html.HtmlAjaxBehaviorRenderer.mapToString(HtmlAjaxBehaviorRenderer.java:356)
	at org.apache.myfaces.renderkit.html.HtmlAjaxBehaviorRenderer.makeAjax(HtmlAjaxBehaviorRenderer.java:157)
	at org.apache.myfaces.renderkit.html.HtmlAjaxBehaviorRenderer.getScript(HtmlAjaxBehaviorRenderer.java:101)
	at javax.faces.component.behavior.ClientBehaviorBase.getScript(ClientBehaviorBase.java:99)
	at org.apache.myfaces.shared.renderkit.html.HtmlRendererUtils._appendClientBehaviourScript(HtmlRendererUtils.java:2005)
	at org.apache.myfaces.shared.renderkit.html.HtmlRendererUtils.getClientBehaviorScript(HtmlRendererUtils.java:1984)
	at org.apache.myfaces.shared.renderkit.html.HtmlRendererUtils.buildBehaviorChain(HtmlRendererUtils.java:2157)
	at org.apache.myfaces.shared.renderkit.html.HtmlRendererUtils.buildBehaviorChain(HtmlRendererUtils.java:2122)
	at org.apache.myfaces.shared.renderkit.html.HtmlLinkRendererBase.renderBehaviorizedJavaScriptAnchorStart(HtmlLinkRendererBase.java:565)
	at org.apache.myfaces.shared.renderkit.html.HtmlLinkRendererBase.renderCommandLinkStart(HtmlLinkRendererBase.java:312)
	at org.apache.myfaces.shared.renderkit.html.HtmlLinkRendererBase.encodeBegin(HtmlLinkRendererBase.java:138)
	at javax.faces.component.UIComponentBase.encodeBegin(UIComponentBase.java:587)
	at javax.faces.component.UIComponentBase.encodeAll(UIComponentBase.java:517)
	at javax.faces.component.UIComponentBase.encodeAll(UIComponentBase.java:541)
	at org.apache.myfaces.shared.renderkit.RendererUtils.renderChildren(RendererUtils.java:693)
	at org.apache.myfaces.shared.renderkit.html.HtmlGroupRendererBase.encodeEnd(HtmlGroupRendererBase.java:115)
	at javax.faces.component.UIComponentBase.encodeEnd(UIComponentBase.java:665)
	at javax.faces.component.UIComponentBase.encodeAll(UIComponentBase.java:545)
	at javax.faces.component.UIComponentBase.encodeAll(UIComponentBase.java:541)
	at javax.faces.component.UIComponentBase.encodeAll(UIComponentBase.java:541)
	at org.apache.myfaces.view.facelets.FaceletViewDeclarationLanguage.renderView(FaceletViewDeclarationLanguage.java:1981)
	at org.apache.myfaces.application.ViewHandlerImpl.renderView(ViewHandlerImpl.java:305)
	at javax.faces.application.ViewHandlerWrapper.renderView(ViewHandlerWrapper.java:59)
	at org.apache.myfaces.lifecycle.RenderResponseExecutor.execute(RenderResponseExecutor.java:116)
	at org.apache.myfaces.lifecycle.LifecycleImpl.render(LifecycleImpl.java:241)
	at javax.faces.webapp.FacesServlet.service(FacesServlet.java:199)
	at org.apache.catalina.core.ApplicationFilterChain.internalDoFilter(ApplicationFilterChain.java:303)
	at org.apache.catalina.core.ApplicationFilterChain.doFilter(ApplicationFilterChain.java:208)
	at org.apache.tomcat.websocket.server.WsFilter.doFilter(WsFilter.java:52)
	at org.apache.catalina.core.ApplicationFilterChain.internalDoFilter(ApplicationFilterChain.java:241)
	at org.apache.catalina.core.ApplicationFilterChain.doFilter(ApplicationFilterChain.java:208)
	at org.apache.catalina.core.StandardWrapperValve.invoke(StandardWrapperValve.java:220)
	at org.apache.catalina.core.StandardContextValve.invoke(StandardContextValve.java:122)
	at org.apache.tomee.catalina.OpenEJBValve.invoke(OpenEJBValve.java:44)
	at org.apache.catalina.authenticator.AuthenticatorBase.invoke(AuthenticatorBase.java:501)
	at org.apache.catalina.core.StandardHostValve.invoke(StandardHostValve.java:171)
	at org.apache.catalina.valves.ErrorReportValve.invoke(ErrorReportValve.java:103)
	at org.apache.catalina.valves.AccessLogValve.invoke(AccessLogValve.java:950)
	at org.apache.catalina.core.StandardEngineValve.invoke(StandardEngineValve.java:116)
	at org.apache.catalina.connector.CoyoteAdapter.service(CoyoteAdapter.java:408)
	at org.apache.coyote.http11.AbstractHttp11Processor.process(AbstractHttp11Processor.java:1070)
	at org.apache.coyote.AbstractProtocol$AbstractConnectionHandler.process(AbstractProtocol.java:611)
	at org.apache.tomcat.util.net.JIoEndpoint$SocketProcessor.run(JIoEndpoint.java:314)
	at java.util.concurrent.ThreadPoolExecutor.runWorker(ThreadPoolExecutor.java:1149)
	at java.util.concurrent.ThreadPoolExecutor$Worker.run(ThreadPoolExecutor.java:624)
	at org.apache.tomcat.util.threads.TaskThread$WrappingRunnable.run(TaskThread.java:61)
	at java.lang.Thread.run(Thread.java:748)

Nov 10, 2017 4:12:13 PM org.apache.catalina.core.StandardWrapperValve invoke
SEVERE: Servlet.service() for servlet [Faces Servlet] in context with path [] threw exception [Component with id::appMessages not found] with root cause
javax.faces.FacesException: Component with id::appMessages not found
	at org.apache.myfaces.renderkit.html.HtmlAjaxBehaviorRenderer.getComponentId(HtmlAjaxBehaviorRenderer.java:411)
	at org.apache.myfaces.renderkit.html.HtmlAjaxBehaviorRenderer.build(HtmlAjaxBehaviorRenderer.java:384)
	at org.apache.myfaces.renderkit.html.HtmlAjaxBehaviorRenderer.mapToString(HtmlAjaxBehaviorRenderer.java:356)
	at org.apache.myfaces.renderkit.html.HtmlAjaxBehaviorRenderer.makeAjax(HtmlAjaxBehaviorRenderer.java:157)
	at org.apache.myfaces.renderkit.html.HtmlAjaxBehaviorRenderer.getScript(HtmlAjaxBehaviorRenderer.java:101)
	at javax.faces.component.behavior.ClientBehaviorBase.getScript(ClientBehaviorBase.java:99)
	at org.apache.myfaces.shared.renderkit.html.HtmlRendererUtils._appendClientBehaviourScript(HtmlRendererUtils.java:2005)
	at org.apache.myfaces.shared.renderkit.html.HtmlRendererUtils.getClientBehaviorScript(HtmlRendererUtils.java:1984)
	at org.apache.myfaces.shared.renderkit.html.HtmlRendererUtils.buildBehaviorChain(HtmlRendererUtils.java:2157)
	at org.apache.myfaces.shared.renderkit.html.HtmlRendererUtils.buildBehaviorChain(HtmlRendererUtils.java:2122)
	at org.apache.myfaces.shared.renderkit.html.HtmlLinkRendererBase.renderBehaviorizedJavaScriptAnchorStart(HtmlLinkRendererBase.java:565)
	at org.apache.myfaces.shared.renderkit.html.HtmlLinkRendererBase.renderCommandLinkStart(HtmlLinkRendererBase.java:312)
	at org.apache.myfaces.shared.renderkit.html.HtmlLinkRendererBase.encodeBegin(HtmlLinkRendererBase.java:138)
	at javax.faces.component.UIComponentBase.encodeBegin(UIComponentBase.java:587)
	at javax.faces.component.UIComponentBase.encodeAll(UIComponentBase.java:517)
	at javax.faces.component.UIComponentBase.encodeAll(UIComponentBase.java:541)
	at org.apache.myfaces.shared.renderkit.RendererUtils.renderChildren(RendererUtils.java:693)
	at org.apache.myfaces.shared.renderkit.html.HtmlGroupRendererBase.encodeEnd(HtmlGroupRendererBase.java:115)
	at javax.faces.component.UIComponentBase.encodeEnd(UIComponentBase.java:665)
	at javax.faces.component.UIComponentBase.encodeAll(UIComponentBase.java:545)
	at javax.faces.component.UIComponentBase.encodeAll(UIComponentBase.java:541)
	at javax.faces.component.UIComponentBase.encodeAll(UIComponentBase.java:541)
	at org.apache.myfaces.view.facelets.FaceletViewDeclarationLanguage.renderView(FaceletViewDeclarationLanguage.java:1981)
	at org.apache.myfaces.application.ViewHandlerImpl.renderView(ViewHandlerImpl.java:305)
	at javax.faces.application.ViewHandlerWrapper.renderView(ViewHandlerWrapper.java:59)
	at org.apache.myfaces.lifecycle.RenderResponseExecutor.execute(RenderResponseExecutor.java:116)
	at org.apache.myfaces.lifecycle.LifecycleImpl.render(LifecycleImpl.java:241)
	at javax.faces.webapp.FacesServlet.service(FacesServlet.java:199)
	at org.apache.catalina.core.ApplicationFilterChain.internalDoFilter(ApplicationFilterChain.java:303)
	at org.apache.catalina.core.ApplicationFilterChain.doFilter(ApplicationFilterChain.java:208)
	at org.apache.tomcat.websocket.server.WsFilter.doFilter(WsFilter.java:52)
	at org.apache.catalina.core.ApplicationFilterChain.internalDoFilter(ApplicationFilterChain.java:241)
	at org.apache.catalina.core.ApplicationFilterChain.doFilter(ApplicationFilterChain.java:208)
	at org.apache.catalina.core.StandardWrapperValve.invoke(StandardWrapperValve.java:220)
	at org.apache.catalina.core.StandardContextValve.invoke(StandardContextValve.java:122)
	at org.apache.tomee.catalina.OpenEJBValve.invoke(OpenEJBValve.java:44)
	at org.apache.catalina.authenticator.AuthenticatorBase.invoke(AuthenticatorBase.java:501)
	at org.apache.catalina.core.StandardHostValve.invoke(StandardHostValve.java:171)
	at org.apache.catalina.valves.ErrorReportValve.invoke(ErrorReportValve.java:103)
	at org.apache.catalina.valves.AccessLogValve.invoke(AccessLogValve.java:950)
	at org.apache.catalina.core.StandardEngineValve.invoke(StandardEngineValve.java:116)
	at org.apache.catalina.connector.CoyoteAdapter.service(CoyoteAdapter.java:408)
	at org.apache.coyote.http11.AbstractHttp11Processor.process(AbstractHttp11Processor.java:1070)
	at org.apache.coyote.AbstractProtocol$AbstractConnectionHandler.process(AbstractProtocol.java:611)
	at org.apache.tomcat.util.net.JIoEndpoint$SocketProcessor.run(JIoEndpoint.java:316)
	at java.util.concurrent.ThreadPoolExecutor.runWorker(ThreadPoolExecutor.java:1149)
	at java.util.concurrent.ThreadPoolExecutor$Worker.run(ThreadPoolExecutor.java:624)
	at org.apache.tomcat.util.threads.TaskThread$WrappingRunnable.run(TaskThread.java:61)
	at java.lang.Thread.run(Thread.java:748)

Nov 10, 2017 4:16:37 PM org.apache.catalina.core.ApplicationContext log
INFO: No state saving method defined, assuming default server state saving
Nov 10, 2017 4:17:33 PM org.apache.catalina.core.StandardWrapperValve invoke
SEVERE: Servlet.service() for servlet [Faces Servlet] in context with path [] threw exception [javax.el.ELException: java.lang.NullPointerException] with root cause
java.lang.NullPointerException
	at view.CommentMb.create(CommentMb.java:30)
	at sun.reflect.NativeMethodAccessorImpl.invoke0(Native Method)
	at sun.reflect.NativeMethodAccessorImpl.invoke(NativeMethodAccessorImpl.java:62)
	at sun.reflect.DelegatingMethodAccessorImpl.invoke(DelegatingMethodAccessorImpl.java:43)
	at java.lang.reflect.Method.invoke(Method.java:498)
	at org.apache.el.parser.AstValue.invoke(AstValue.java:278)
	at org.apache.el.MethodExpressionImpl.invoke(MethodExpressionImpl.java:273)
	at org.apache.myfaces.view.facelets.el.ContextAwareTagMethodExpression.invoke(ContextAwareTagMethodExpression.java:96)
	at org.apache.myfaces.application.ActionListenerImpl.processAction(ActionListenerImpl.java:68)
	at javax.faces.component.UICommand.broadcast(UICommand.java:120)
	at org.apache.myfaces.view.facelets.component.UIRepeat.broadcast(UIRepeat.java:1461)
	at javax.faces.component.UIViewRoot._broadcastAll(UIViewRoot.java:1041)
	at javax.faces.component.UIViewRoot.broadcastEvents(UIViewRoot.java:289)
	at javax.faces.component.UIViewRoot._process(UIViewRoot.java:1415)
	at javax.faces.component.UIViewRoot.processApplication(UIViewRoot.java:765)
	at org.apache.myfaces.lifecycle.InvokeApplicationExecutor.execute(InvokeApplicationExecutor.java:38)
	at org.apache.myfaces.lifecycle.LifecycleImpl.executePhase(LifecycleImpl.java:170)
	at org.apache.myfaces.lifecycle.LifecycleImpl.execute(LifecycleImpl.java:117)
	at javax.faces.webapp.FacesServlet.service(FacesServlet.java:197)
	at org.apache.catalina.core.ApplicationFilterChain.internalDoFilter(ApplicationFilterChain.java:303)
	at org.apache.catalina.core.ApplicationFilterChain.doFilter(ApplicationFilterChain.java:208)
	at org.apache.tomcat.websocket.server.WsFilter.doFilter(WsFilter.java:52)
	at org.apache.catalina.core.ApplicationFilterChain.internalDoFilter(ApplicationFilterChain.java:241)
	at org.apache.catalina.core.ApplicationFilterChain.doFilter(ApplicationFilterChain.java:208)
	at org.apache.catalina.core.StandardWrapperValve.invoke(StandardWrapperValve.java:220)
	at org.apache.catalina.core.StandardContextValve.invoke(StandardContextValve.java:122)
	at org.apache.tomee.catalina.OpenEJBValve.invoke(OpenEJBValve.java:44)
	at org.apache.catalina.authenticator.AuthenticatorBase.invoke(AuthenticatorBase.java:501)
	at org.apache.catalina.core.StandardHostValve.invoke(StandardHostValve.java:171)
	at org.apache.catalina.valves.ErrorReportValve.invoke(ErrorReportValve.java:103)
	at org.apache.catalina.valves.AccessLogValve.invoke(AccessLogValve.java:950)
	at org.apache.catalina.core.StandardEngineValve.invoke(StandardEngineValve.java:116)
	at org.apache.catalina.connector.CoyoteAdapter.service(CoyoteAdapter.java:408)
	at org.apache.coyote.http11.AbstractHttp11Processor.process(AbstractHttp11Processor.java:1070)
	at org.apache.coyote.AbstractProtocol$AbstractConnectionHandler.process(AbstractProtocol.java:611)
	at org.apache.tomcat.util.net.JIoEndpoint$SocketProcessor.run(JIoEndpoint.java:314)
	at java.util.concurrent.ThreadPoolExecutor.runWorker(ThreadPoolExecutor.java:1149)
	at java.util.concurrent.ThreadPoolExecutor$Worker.run(ThreadPoolExecutor.java:624)
	at org.apache.tomcat.util.threads.TaskThread$WrappingRunnable.run(TaskThread.java:61)
	at java.lang.Thread.run(Thread.java:748)

Nov 10, 2017 4:26:51 PM org.apache.catalina.core.ApplicationContext log
INFO: No state saving method defined, assuming default server state saving
Nov 10, 2017 4:31:04 PM org.apache.catalina.core.ApplicationContext log
INFO: No state saving method defined, assuming default server state saving
Nov 10, 2017 4:48:05 PM org.apache.catalina.core.ApplicationContext log
INFO: No state saving method defined, assuming default server state saving
Nov 10, 2017 4:54:20 PM org.apache.catalina.core.ApplicationContext log
INFO: No state saving method defined, assuming default server state saving
