Nov 08, 2017 4:52:45 PM org.apache.catalina.core.ApplicationContext log
INFO: No state saving method defined, assuming default server state saving
Nov 08, 2017 4:55:13 PM org.apache.catalina.core.ApplicationContext log
INFO: No state saving method defined, assuming default server state saving
Nov 08, 2017 4:56:37 PM org.apache.catalina.core.ApplicationContext log
INFO: No state saving method defined, assuming default server state saving
Nov 08, 2017 5:05:59 PM org.apache.catalina.core.ApplicationContext log
INFO: No state saving method defined, assuming default server state saving
Nov 08, 2017 5:10:44 PM org.apache.catalina.core.ApplicationContext log
INFO: No state saving method defined, assuming default server state saving
Nov 08, 2017 5:14:03 PM org.apache.catalina.core.ApplicationContext log
INFO: No state saving method defined, assuming default server state saving
Nov 08, 2017 5:27:31 PM org.apache.catalina.core.ApplicationContext log
INFO: No state saving method defined, assuming default server state saving
Nov 08, 2017 5:31:11 PM org.apache.catalina.core.ApplicationContext log
INFO: No state saving method defined, assuming default server state saving
Nov 08, 2017 5:34:58 PM org.apache.catalina.core.ApplicationContext log
INFO: No state saving method defined, assuming default server state saving
Nov 08, 2017 5:38:39 PM org.apache.catalina.core.ApplicationContext log
INFO: No state saving method defined, assuming default server state saving
Nov 08, 2017 5:42:02 PM org.apache.catalina.core.ApplicationContext log
INFO: No state saving method defined, assuming default server state saving
Nov 08, 2017 5:47:34 PM org.apache.catalina.core.ApplicationContext log
INFO: No state saving method defined, assuming default server state saving
Nov 08, 2017 5:49:43 PM org.apache.catalina.core.ApplicationContext log
INFO: No state saving method defined, assuming default server state saving
Nov 08, 2017 5:52:05 PM org.apache.catalina.core.StandardWrapperValve invoke
SEVERE: Servlet.service() for servlet [Faces Servlet] in context with path [] threw exception [Error Parsing /viewMetadata/index.xhtml: Error Traced[line: 21] The value of attribute "style" associated with an element type "td" must not contain the '<' character.] with root cause
javax.faces.view.facelets.FaceletException: Error Parsing /viewMetadata/index.xhtml: Error Traced[line: 21] The value of attribute "style" associated with an element type "td" must not contain the '<' character.
	at org.apache.myfaces.view.facelets.compiler.SAXCompiler.doCompileViewMetadata(SAXCompiler.java:825)
	at org.apache.myfaces.view.facelets.compiler.Compiler.compileViewMetadata(Compiler.java:138)
	at org.apache.myfaces.view.facelets.impl.DefaultFaceletFactory._createViewMetadataFacelet(DefaultFaceletFactory.java:386)
	at org.apache.myfaces.view.facelets.impl.DefaultFaceletFactory.access$100(DefaultFaceletFactory.java:55)
	at org.apache.myfaces.view.facelets.impl.DefaultFaceletFactory$2.newInstance(DefaultFaceletFactory.java:124)
	at org.apache.myfaces.view.facelets.impl.DefaultFaceletFactory$2.newInstance(DefaultFaceletFactory.java:121)
	at org.apache.myfaces.view.facelets.impl.FaceletCacheImpl.getViewMetadataFacelet(FaceletCacheImpl.java:113)
	at org.apache.myfaces.view.facelets.impl.FaceletCacheImpl.getViewMetadataFacelet(FaceletCacheImpl.java:50)
	at org.apache.myfaces.view.facelets.impl.DefaultFaceletFactory.getViewMetadataFacelet(DefaultFaceletFactory.java:470)
	at org.apache.myfaces.view.facelets.impl.DefaultFaceletFactory.getViewMetadataFacelet(DefaultFaceletFactory.java:454)
	at org.apache.myfaces.view.facelets.FaceletViewDeclarationLanguage._getViewMetadataFacelet(FaceletViewDeclarationLanguage.java:2636)
	at org.apache.myfaces.view.facelets.FaceletViewDeclarationLanguage.access$000(FaceletViewDeclarationLanguage.java:143)
	at org.apache.myfaces.view.facelets.FaceletViewDeclarationLanguage$FaceletViewMetadata.createMetadataView(FaceletViewDeclarationLanguage.java:2752)
	at org.apache.myfaces.lifecycle.RestoreViewExecutor.execute(RestoreViewExecutor.java:229)
	at org.apache.myfaces.lifecycle.LifecycleImpl.executePhase(LifecycleImpl.java:170)
	at org.apache.myfaces.lifecycle.LifecycleImpl.execute(LifecycleImpl.java:117)
	at javax.faces.webapp.FacesServlet.service(FacesServlet.java:197)
	at org.apache.catalina.core.ApplicationFilterChain.internalDoFilter(ApplicationFilterChain.java:303)
	at org.apache.catalina.core.ApplicationFilterChain.doFilter(ApplicationFilterChain.java:208)
	at org.apache.tomcat.websocket.server.WsFilter.doFilter(WsFilter.java:52)
	at org.apache.catalina.core.ApplicationFilterChain.internalDoFilter(ApplicationFilterChain.java:241)
	at org.apache.catalina.core.ApplicationFilterChain.doFilter(ApplicationFilterChain.java:208)
	at org.apache.catalina.core.StandardWrapperValve.invoke(StandardWrapperValve.java:220)
	at org.apache.catalina.core.StandardContextValve.invoke(StandardContextValve.java:122)
	at org.apache.tomee.catalina.OpenEJBValve.invoke(OpenEJBValve.java:44)
	at org.apache.catalina.authenticator.AuthenticatorBase.invoke(AuthenticatorBase.java:501)
	at org.apache.catalina.core.StandardHostValve.invoke(StandardHostValve.java:171)
	at org.apache.catalina.valves.ErrorReportValve.invoke(ErrorReportValve.java:103)
	at org.apache.catalina.valves.AccessLogValve.invoke(AccessLogValve.java:950)
	at org.apache.catalina.core.StandardEngineValve.invoke(StandardEngineValve.java:116)
	at org.apache.catalina.connector.CoyoteAdapter.service(CoyoteAdapter.java:408)
	at org.apache.coyote.http11.AbstractHttp11Processor.process(AbstractHttp11Processor.java:1070)
	at org.apache.coyote.AbstractProtocol$AbstractConnectionHandler.process(AbstractProtocol.java:611)
	at org.apache.tomcat.util.net.JIoEndpoint$SocketProcessor.run(JIoEndpoint.java:314)
	at java.util.concurrent.ThreadPoolExecutor.runWorker(ThreadPoolExecutor.java:1149)
	at java.util.concurrent.ThreadPoolExecutor$Worker.run(ThreadPoolExecutor.java:624)
	at org.apache.tomcat.util.threads.TaskThread$WrappingRunnable.run(TaskThread.java:61)
	at java.lang.Thread.run(Thread.java:748)

Nov 08, 2017 5:53:12 PM org.apache.catalina.core.ApplicationContext log
INFO: No state saving method defined, assuming default server state saving
Nov 08, 2017 5:58:01 PM org.apache.catalina.core.ApplicationContext log
INFO: No state saving method defined, assuming default server state saving
Nov 08, 2017 6:04:49 PM org.apache.catalina.core.ApplicationContext log
INFO: No state saving method defined, assuming default server state saving
Nov 08, 2017 6:05:14 PM org.apache.catalina.core.StandardWrapperValve invoke
SEVERE: Servlet.service() for servlet [Faces Servlet] in context with path [] threw exception [javax.el.ELException: javax.persistence.TransactionRequiredException] with root cause
javax.persistence.TransactionRequiredException
	at org.apache.openejb.persistence.JtaEntityManager.assertTransactionActive(JtaEntityManager.java:111)
	at org.apache.openejb.persistence.JtaEntityManager.merge(JtaEntityManager.java:151)
	at controller.CommentController.create(CommentController.java:20)
	at view.CommentMb.create(CommentMb.java:30)
	at sun.reflect.NativeMethodAccessorImpl.invoke0(Native Method)
	at sun.reflect.NativeMethodAccessorImpl.invoke(NativeMethodAccessorImpl.java:62)
	at sun.reflect.DelegatingMethodAccessorImpl.invoke(DelegatingMethodAccessorImpl.java:43)
	at java.lang.reflect.Method.invoke(Method.java:498)
	at org.apache.el.parser.AstValue.invoke(AstValue.java:278)
	at org.apache.el.MethodExpressionImpl.invoke(MethodExpressionImpl.java:273)
	at org.apache.myfaces.view.facelets.el.ContextAwareTagMethodExpression.invoke(ContextAwareTagMethodExpression.java:96)
	at org.apache.myfaces.application.ActionListenerImpl.processAction(ActionListenerImpl.java:68)
	at javax.faces.component.UICommand.broadcast(UICommand.java:120)
	at org.apache.myfaces.view.facelets.component.UIRepeat.broadcast(UIRepeat.java:1461)
	at javax.faces.component.UIViewRoot._broadcastAll(UIViewRoot.java:1041)
	at javax.faces.component.UIViewRoot.broadcastEvents(UIViewRoot.java:289)
	at javax.faces.component.UIViewRoot._process(UIViewRoot.java:1415)
	at javax.faces.component.UIViewRoot.processApplication(UIViewRoot.java:765)
	at org.apache.myfaces.lifecycle.InvokeApplicationExecutor.execute(InvokeApplicationExecutor.java:38)
	at org.apache.myfaces.lifecycle.LifecycleImpl.executePhase(LifecycleImpl.java:170)
	at org.apache.myfaces.lifecycle.LifecycleImpl.execute(LifecycleImpl.java:117)
	at javax.faces.webapp.FacesServlet.service(FacesServlet.java:197)
	at org.apache.catalina.core.ApplicationFilterChain.internalDoFilter(ApplicationFilterChain.java:303)
	at org.apache.catalina.core.ApplicationFilterChain.doFilter(ApplicationFilterChain.java:208)
	at org.apache.tomcat.websocket.server.WsFilter.doFilter(WsFilter.java:52)
	at org.apache.catalina.core.ApplicationFilterChain.internalDoFilter(ApplicationFilterChain.java:241)
	at org.apache.catalina.core.ApplicationFilterChain.doFilter(ApplicationFilterChain.java:208)
	at org.apache.catalina.core.StandardWrapperValve.invoke(StandardWrapperValve.java:220)
	at org.apache.catalina.core.StandardContextValve.invoke(StandardContextValve.java:122)
	at org.apache.tomee.catalina.OpenEJBValve.invoke(OpenEJBValve.java:44)
	at org.apache.catalina.authenticator.AuthenticatorBase.invoke(AuthenticatorBase.java:501)
	at org.apache.catalina.core.StandardHostValve.invoke(StandardHostValve.java:171)
	at org.apache.catalina.valves.ErrorReportValve.invoke(ErrorReportValve.java:103)
	at org.apache.catalina.valves.AccessLogValve.invoke(AccessLogValve.java:950)
	at org.apache.catalina.core.StandardEngineValve.invoke(StandardEngineValve.java:116)
	at org.apache.catalina.connector.CoyoteAdapter.service(CoyoteAdapter.java:408)
	at org.apache.coyote.http11.AbstractHttp11Processor.process(AbstractHttp11Processor.java:1070)
	at org.apache.coyote.AbstractProtocol$AbstractConnectionHandler.process(AbstractProtocol.java:611)
	at org.apache.tomcat.util.net.JIoEndpoint$SocketProcessor.run(JIoEndpoint.java:316)
	at java.util.concurrent.ThreadPoolExecutor.runWorker(ThreadPoolExecutor.java:1149)
	at java.util.concurrent.ThreadPoolExecutor$Worker.run(ThreadPoolExecutor.java:624)
	at org.apache.tomcat.util.threads.TaskThread$WrappingRunnable.run(TaskThread.java:61)
	at java.lang.Thread.run(Thread.java:748)

