Nov 13, 2017 11:25:12 AM org.apache.catalina.core.ApplicationContext log
INFO: No state saving method defined, assuming default server state saving
Nov 13, 2017 11:27:52 AM org.apache.catalina.core.ApplicationContext log
INFO: No state saving method defined, assuming default server state saving
Nov 13, 2017 11:31:14 AM org.apache.catalina.core.ApplicationContext log
INFO: No state saving method defined, assuming default server state saving
Nov 13, 2017 11:34:38 AM org.apache.catalina.core.ApplicationContext log
INFO: No state saving method defined, assuming default server state saving
Nov 13, 2017 11:37:33 AM org.apache.catalina.core.ApplicationContext log
INFO: No state saving method defined, assuming default server state saving
Nov 13, 2017 11:39:33 AM org.apache.catalina.core.ApplicationContext log
INFO: No state saving method defined, assuming default server state saving
Nov 13, 2017 11:42:13 AM org.apache.catalina.core.ApplicationContext log
INFO: No state saving method defined, assuming default server state saving
Nov 13, 2017 11:47:15 AM org.apache.catalina.core.ApplicationContext log
INFO: No state saving method defined, assuming default server state saving
Nov 13, 2017 11:49:53 AM org.apache.catalina.core.ApplicationContext log
INFO: No state saving method defined, assuming default server state saving
Nov 13, 2017 11:56:01 AM org.apache.catalina.core.ApplicationContext log
INFO: No state saving method defined, assuming default server state saving
Nov 13, 2017 11:58:24 AM org.apache.catalina.core.ApplicationContext log
INFO: No state saving method defined, assuming default server state saving
Nov 13, 2017 12:01:29 PM org.apache.catalina.core.StandardWrapperValve invoke
SEVERE: Servlet.service() for servlet [Faces Servlet] in context with path [] threw exception [null eventName could not be defined for f:ajax tag with no wrap mode.] with root cause
javax.faces.view.facelets.TagAttributeException: null eventName could not be defined for f:ajax tag with no wrap mode.
	at org.apache.myfaces.view.facelets.tag.jsf.core.AjaxHandler.applyAttachedObject(AjaxHandler.java:346)
	at org.apache.myfaces.view.facelets.tag.jsf.core.AjaxHandler.apply(AjaxHandler.java:228)
	at javax.faces.view.facelets.CompositeFaceletHandler.apply(CompositeFaceletHandler.java:49)
	at javax.faces.view.facelets.DelegatingMetaTagHandler.applyNextHandler(DelegatingMetaTagHandler.java:58)
	at org.apache.myfaces.view.facelets.tag.jsf.ComponentTagHandlerDelegate.apply(ComponentTagHandlerDelegate.java:310)
	at javax.faces.view.facelets.DelegatingMetaTagHandler.apply(DelegatingMetaTagHandler.java:53)
	at javax.faces.view.facelets.CompositeFaceletHandler.apply(CompositeFaceletHandler.java:49)
	at javax.faces.view.facelets.DelegatingMetaTagHandler.applyNextHandler(DelegatingMetaTagHandler.java:58)
	at org.apache.myfaces.view.facelets.tag.jsf.ComponentTagHandlerDelegate.apply(ComponentTagHandlerDelegate.java:310)
	at javax.faces.view.facelets.DelegatingMetaTagHandler.apply(DelegatingMetaTagHandler.java:53)
	at javax.faces.view.facelets.DelegatingMetaTagHandler.applyNextHandler(DelegatingMetaTagHandler.java:58)
	at org.apache.myfaces.view.facelets.tag.jsf.ComponentTagHandlerDelegate.apply(ComponentTagHandlerDelegate.java:310)
	at javax.faces.view.facelets.DelegatingMetaTagHandler.apply(DelegatingMetaTagHandler.java:53)
	at javax.faces.view.facelets.CompositeFaceletHandler.apply(CompositeFaceletHandler.java:49)
	at org.apache.myfaces.view.facelets.tag.ui.DefineHandler.applyDefinition(DefineHandler.java:86)
	at org.apache.myfaces.view.facelets.tag.ui.CompositionHandler.apply(CompositionHandler.java:175)
	at org.apache.myfaces.view.facelets.impl.TemplateContextImpl$TemplateManagerImpl.apply(TemplateContextImpl.java:193)
	at org.apache.myfaces.view.facelets.impl.TemplateContextImpl.includeDefinition(TemplateContextImpl.java:136)
	at org.apache.myfaces.view.facelets.impl.DefaultFaceletContext.includeDefinition(DefaultFaceletContext.java:459)
	at org.apache.myfaces.view.facelets.tag.ui.InsertHandler.apply(InsertHandler.java:94)
	at javax.faces.view.facelets.CompositeFaceletHandler.apply(CompositeFaceletHandler.java:49)
	at javax.faces.view.facelets.DelegatingMetaTagHandler.applyNextHandler(DelegatingMetaTagHandler.java:58)
	at org.apache.myfaces.view.facelets.tag.jsf.ComponentTagHandlerDelegate.apply(ComponentTagHandlerDelegate.java:310)
	at javax.faces.view.facelets.DelegatingMetaTagHandler.apply(DelegatingMetaTagHandler.java:53)
	at javax.faces.view.facelets.CompositeFaceletHandler.apply(CompositeFaceletHandler.java:49)
	at javax.faces.view.facelets.DelegatingMetaTagHandler.applyNextHandler(DelegatingMetaTagHandler.java:58)
	at org.apache.myfaces.view.facelets.tag.jsf.ComponentTagHandlerDelegate.apply(ComponentTagHandlerDelegate.java:310)
	at javax.faces.view.facelets.DelegatingMetaTagHandler.apply(DelegatingMetaTagHandler.java:53)
	at javax.faces.view.facelets.CompositeFaceletHandler.apply(CompositeFaceletHandler.java:49)
	at org.apache.myfaces.view.facelets.compiler.NamespaceHandler.apply(NamespaceHandler.java:57)
	at javax.faces.view.facelets.CompositeFaceletHandler.apply(CompositeFaceletHandler.java:49)
	at org.apache.myfaces.view.facelets.compiler.EncodingHandler.apply(EncodingHandler.java:48)
	at org.apache.myfaces.view.facelets.impl.DefaultFacelet.include(DefaultFacelet.java:412)
	at org.apache.myfaces.view.facelets.impl.DefaultFacelet.include(DefaultFacelet.java:466)
	at org.apache.myfaces.view.facelets.impl.DefaultFacelet.include(DefaultFacelet.java:444)
	at org.apache.myfaces.view.facelets.impl.DefaultFaceletContext.includeFacelet(DefaultFaceletContext.java:240)
	at org.apache.myfaces.view.facelets.tag.ui.CompositionHandler.apply(CompositionHandler.java:148)
	at org.apache.myfaces.view.facelets.compiler.NamespaceHandler.apply(NamespaceHandler.java:57)
	at org.apache.myfaces.view.facelets.compiler.EncodingHandler.apply(EncodingHandler.java:48)
	at org.apache.myfaces.view.facelets.impl.DefaultFacelet.apply(DefaultFacelet.java:180)
	at org.apache.myfaces.view.facelets.FaceletViewDeclarationLanguage.buildView(FaceletViewDeclarationLanguage.java:452)
	at org.apache.myfaces.lifecycle.RenderResponseExecutor.execute(RenderResponseExecutor.java:78)
	at org.apache.myfaces.lifecycle.LifecycleImpl.render(LifecycleImpl.java:241)
	at javax.faces.webapp.FacesServlet.service(FacesServlet.java:199)
	at org.apache.catalina.core.ApplicationFilterChain.internalDoFilter(ApplicationFilterChain.java:303)
	at org.apache.catalina.core.ApplicationFilterChain.doFilter(ApplicationFilterChain.java:208)
	at org.apache.tomcat.websocket.server.WsFilter.doFilter(WsFilter.java:52)
	at org.apache.catalina.core.ApplicationFilterChain.internalDoFilter(ApplicationFilterChain.java:241)
	at org.apache.catalina.core.ApplicationFilterChain.doFilter(ApplicationFilterChain.java:208)
	at org.apache.catalina.core.StandardWrapperValve.invoke(StandardWrapperValve.java:220)
	at org.apache.catalina.core.StandardContextValve.invoke(StandardContextValve.java:122)
	at org.apache.tomee.catalina.OpenEJBValve.invoke(OpenEJBValve.java:44)
	at org.apache.catalina.authenticator.AuthenticatorBase.invoke(AuthenticatorBase.java:501)
	at org.apache.catalina.core.StandardHostValve.invoke(StandardHostValve.java:171)
	at org.apache.catalina.valves.ErrorReportValve.invoke(ErrorReportValve.java:103)
	at org.apache.catalina.valves.AccessLogValve.invoke(AccessLogValve.java:950)
	at org.apache.catalina.core.StandardEngineValve.invoke(StandardEngineValve.java:116)
	at org.apache.catalina.connector.CoyoteAdapter.service(CoyoteAdapter.java:408)
	at org.apache.coyote.http11.AbstractHttp11Processor.process(AbstractHttp11Processor.java:1070)
	at org.apache.coyote.AbstractProtocol$AbstractConnectionHandler.process(AbstractProtocol.java:611)
	at org.apache.tomcat.util.net.JIoEndpoint$SocketProcessor.run(JIoEndpoint.java:314)
	at java.util.concurrent.ThreadPoolExecutor.runWorker(ThreadPoolExecutor.java:1149)
	at java.util.concurrent.ThreadPoolExecutor$Worker.run(ThreadPoolExecutor.java:624)
	at org.apache.tomcat.util.threads.TaskThread$WrappingRunnable.run(TaskThread.java:61)
	at java.lang.Thread.run(Thread.java:748)

Nov 13, 2017 12:03:19 PM org.apache.catalina.core.ApplicationContext log
INFO: No state saving method defined, assuming default server state saving
Nov 13, 2017 12:03:30 PM org.apache.catalina.core.StandardWrapperValve invoke
SEVERE: Servlet.service() for servlet [Faces Servlet] in context with path [] threw exception [Component with id::commentList not found] with root cause
javax.faces.FacesException: Component with id::commentList not found
	at org.apache.myfaces.renderkit.html.HtmlAjaxBehaviorRenderer.getComponentId(HtmlAjaxBehaviorRenderer.java:411)
	at org.apache.myfaces.renderkit.html.HtmlAjaxBehaviorRenderer.build(HtmlAjaxBehaviorRenderer.java:384)
	at org.apache.myfaces.renderkit.html.HtmlAjaxBehaviorRenderer.mapToString(HtmlAjaxBehaviorRenderer.java:356)
	at org.apache.myfaces.renderkit.html.HtmlAjaxBehaviorRenderer.makeAjax(HtmlAjaxBehaviorRenderer.java:157)
	at org.apache.myfaces.renderkit.html.HtmlAjaxBehaviorRenderer.getScript(HtmlAjaxBehaviorRenderer.java:101)
	at javax.faces.component.behavior.ClientBehaviorBase.getScript(ClientBehaviorBase.java:99)
	at org.apache.myfaces.shared.renderkit.html.HtmlRendererUtils._appendClientBehaviourScript(HtmlRendererUtils.java:2005)
	at org.apache.myfaces.shared.renderkit.html.HtmlRendererUtils.getClientBehaviorScript(HtmlRendererUtils.java:1984)
	at org.apache.myfaces.shared.renderkit.html.HtmlRendererUtils.buildBehaviorChain(HtmlRendererUtils.java:2157)
	at org.apache.myfaces.shared.renderkit.html.HtmlRendererUtils.buildBehaviorChain(HtmlRendererUtils.java:2122)
	at org.apache.myfaces.shared.renderkit.html.HtmlLinkRendererBase.renderBehaviorizedJavaScriptAnchorStart(HtmlLinkRendererBase.java:565)
	at org.apache.myfaces.shared.renderkit.html.HtmlLinkRendererBase.renderCommandLinkStart(HtmlLinkRendererBase.java:312)
	at org.apache.myfaces.shared.renderkit.html.HtmlLinkRendererBase.encodeBegin(HtmlLinkRendererBase.java:138)
	at javax.faces.component.UIComponentBase.encodeBegin(UIComponentBase.java:587)
	at javax.faces.component.UIComponentBase.encodeAll(UIComponentBase.java:517)
	at javax.faces.component.UIComponentBase.encodeAll(UIComponentBase.java:541)
	at org.apache.myfaces.view.facelets.component.RepeatRenderer.encodeChildren(RepeatRenderer.java:78)
	at org.apache.myfaces.view.facelets.component.UIRepeat.process(UIRepeat.java:909)
	at org.apache.myfaces.view.facelets.component.UIRepeat.encodeChildren(UIRepeat.java:1587)
	at javax.faces.component.UIComponentBase.encodeAll(UIComponentBase.java:532)
	at org.apache.myfaces.shared.renderkit.RendererUtils.renderChildren(RendererUtils.java:693)
	at org.apache.myfaces.shared.renderkit.html.HtmlGroupRendererBase.encodeEnd(HtmlGroupRendererBase.java:115)
	at javax.faces.component.UIComponentBase.encodeEnd(UIComponentBase.java:665)
	at javax.faces.component.UIComponentBase.encodeAll(UIComponentBase.java:545)
	at org.apache.myfaces.shared.renderkit.RendererUtils.renderChildren(RendererUtils.java:693)
	at org.apache.myfaces.shared.renderkit.html.HtmlGroupRendererBase.encodeEnd(HtmlGroupRendererBase.java:115)
	at javax.faces.component.UIComponentBase.encodeEnd(UIComponentBase.java:665)
	at javax.faces.component.UIComponentBase.encodeAll(UIComponentBase.java:545)
	at javax.faces.component.UIComponentBase.encodeAll(UIComponentBase.java:541)
	at javax.faces.component.UIComponentBase.encodeAll(UIComponentBase.java:541)
	at org.apache.myfaces.view.facelets.FaceletViewDeclarationLanguage.renderView(FaceletViewDeclarationLanguage.java:1981)
	at org.apache.myfaces.application.ViewHandlerImpl.renderView(ViewHandlerImpl.java:305)
	at javax.faces.application.ViewHandlerWrapper.renderView(ViewHandlerWrapper.java:59)
	at org.apache.myfaces.lifecycle.RenderResponseExecutor.execute(RenderResponseExecutor.java:116)
	at org.apache.myfaces.lifecycle.LifecycleImpl.render(LifecycleImpl.java:241)
	at javax.faces.webapp.FacesServlet.service(FacesServlet.java:199)
	at org.apache.catalina.core.ApplicationFilterChain.internalDoFilter(ApplicationFilterChain.java:303)
	at org.apache.catalina.core.ApplicationFilterChain.doFilter(ApplicationFilterChain.java:208)
	at org.apache.tomcat.websocket.server.WsFilter.doFilter(WsFilter.java:52)
	at org.apache.catalina.core.ApplicationFilterChain.internalDoFilter(ApplicationFilterChain.java:241)
	at org.apache.catalina.core.ApplicationFilterChain.doFilter(ApplicationFilterChain.java:208)
	at org.apache.catalina.core.StandardWrapperValve.invoke(StandardWrapperValve.java:220)
	at org.apache.catalina.core.StandardContextValve.invoke(StandardContextValve.java:122)
	at org.apache.tomee.catalina.OpenEJBValve.invoke(OpenEJBValve.java:44)
	at org.apache.catalina.authenticator.AuthenticatorBase.invoke(AuthenticatorBase.java:501)
	at org.apache.catalina.core.StandardHostValve.invoke(StandardHostValve.java:171)
	at org.apache.catalina.valves.ErrorReportValve.invoke(ErrorReportValve.java:103)
	at org.apache.catalina.valves.AccessLogValve.invoke(AccessLogValve.java:950)
	at org.apache.catalina.core.StandardEngineValve.invoke(StandardEngineValve.java:116)
	at org.apache.catalina.connector.CoyoteAdapter.service(CoyoteAdapter.java:408)
	at org.apache.coyote.http11.AbstractHttp11Processor.process(AbstractHttp11Processor.java:1070)
	at org.apache.coyote.AbstractProtocol$AbstractConnectionHandler.process(AbstractProtocol.java:611)
	at org.apache.tomcat.util.net.JIoEndpoint$SocketProcessor.run(JIoEndpoint.java:316)
	at java.util.concurrent.ThreadPoolExecutor.runWorker(ThreadPoolExecutor.java:1149)
	at java.util.concurrent.ThreadPoolExecutor$Worker.run(ThreadPoolExecutor.java:624)
	at org.apache.tomcat.util.threads.TaskThread$WrappingRunnable.run(TaskThread.java:61)
	at java.lang.Thread.run(Thread.java:748)

Nov 13, 2017 12:03:40 PM org.apache.catalina.core.StandardWrapperValve invoke
SEVERE: Servlet.service() for servlet [Faces Servlet] in context with path [] threw exception [/index.xhtmlNo saved view state could be found for the view identifier: /index.xhtml] with root cause
javax.faces.application.ViewExpiredException: /index.xhtmlNo saved view state could be found for the view identifier: /index.xhtml
	at org.apache.myfaces.lifecycle.RestoreViewExecutor.execute(RestoreViewExecutor.java:171)
	at org.apache.myfaces.lifecycle.LifecycleImpl.executePhase(LifecycleImpl.java:170)
	at org.apache.myfaces.lifecycle.LifecycleImpl.execute(LifecycleImpl.java:117)
	at javax.faces.webapp.FacesServlet.service(FacesServlet.java:197)
	at org.apache.catalina.core.ApplicationFilterChain.internalDoFilter(ApplicationFilterChain.java:303)
	at org.apache.catalina.core.ApplicationFilterChain.doFilter(ApplicationFilterChain.java:208)
	at org.apache.tomcat.websocket.server.WsFilter.doFilter(WsFilter.java:52)
	at org.apache.catalina.core.ApplicationFilterChain.internalDoFilter(ApplicationFilterChain.java:241)
	at org.apache.catalina.core.ApplicationFilterChain.doFilter(ApplicationFilterChain.java:208)
	at org.apache.catalina.core.StandardWrapperValve.invoke(StandardWrapperValve.java:220)
	at org.apache.catalina.core.StandardContextValve.invoke(StandardContextValve.java:122)
	at org.apache.tomee.catalina.OpenEJBValve.invoke(OpenEJBValve.java:44)
	at org.apache.catalina.authenticator.AuthenticatorBase.invoke(AuthenticatorBase.java:501)
	at org.apache.catalina.core.StandardHostValve.invoke(StandardHostValve.java:171)
	at org.apache.catalina.valves.ErrorReportValve.invoke(ErrorReportValve.java:103)
	at org.apache.catalina.valves.AccessLogValve.invoke(AccessLogValve.java:950)
	at org.apache.catalina.core.StandardEngineValve.invoke(StandardEngineValve.java:116)
	at org.apache.catalina.connector.CoyoteAdapter.service(CoyoteAdapter.java:408)
	at org.apache.coyote.http11.AbstractHttp11Processor.process(AbstractHttp11Processor.java:1070)
	at org.apache.coyote.AbstractProtocol$AbstractConnectionHandler.process(AbstractProtocol.java:611)
	at org.apache.tomcat.util.net.JIoEndpoint$SocketProcessor.run(JIoEndpoint.java:316)
	at java.util.concurrent.ThreadPoolExecutor.runWorker(ThreadPoolExecutor.java:1149)
	at java.util.concurrent.ThreadPoolExecutor$Worker.run(ThreadPoolExecutor.java:624)
	at org.apache.tomcat.util.threads.TaskThread$WrappingRunnable.run(TaskThread.java:61)
	at java.lang.Thread.run(Thread.java:748)

Nov 13, 2017 12:03:59 PM org.apache.catalina.core.StandardWrapperValve invoke
SEVERE: Servlet.service() for servlet [Faces Servlet] in context with path [] threw exception [Component with id::commentList not found] with root cause
javax.faces.FacesException: Component with id::commentList not found
	at org.apache.myfaces.renderkit.html.HtmlAjaxBehaviorRenderer.getComponentId(HtmlAjaxBehaviorRenderer.java:411)
	at org.apache.myfaces.renderkit.html.HtmlAjaxBehaviorRenderer.build(HtmlAjaxBehaviorRenderer.java:384)
	at org.apache.myfaces.renderkit.html.HtmlAjaxBehaviorRenderer.mapToString(HtmlAjaxBehaviorRenderer.java:356)
	at org.apache.myfaces.renderkit.html.HtmlAjaxBehaviorRenderer.makeAjax(HtmlAjaxBehaviorRenderer.java:157)
	at org.apache.myfaces.renderkit.html.HtmlAjaxBehaviorRenderer.getScript(HtmlAjaxBehaviorRenderer.java:101)
	at javax.faces.component.behavior.ClientBehaviorBase.getScript(ClientBehaviorBase.java:99)
	at org.apache.myfaces.shared.renderkit.html.HtmlRendererUtils._appendClientBehaviourScript(HtmlRendererUtils.java:2005)
	at org.apache.myfaces.shared.renderkit.html.HtmlRendererUtils.getClientBehaviorScript(HtmlRendererUtils.java:1984)
	at org.apache.myfaces.shared.renderkit.html.HtmlRendererUtils.buildBehaviorChain(HtmlRendererUtils.java:2157)
	at org.apache.myfaces.shared.renderkit.html.HtmlRendererUtils.buildBehaviorChain(HtmlRendererUtils.java:2122)
	at org.apache.myfaces.shared.renderkit.html.HtmlLinkRendererBase.renderBehaviorizedJavaScriptAnchorStart(HtmlLinkRendererBase.java:565)
	at org.apache.myfaces.shared.renderkit.html.HtmlLinkRendererBase.renderCommandLinkStart(HtmlLinkRendererBase.java:312)
	at org.apache.myfaces.shared.renderkit.html.HtmlLinkRendererBase.encodeBegin(HtmlLinkRendererBase.java:138)
	at javax.faces.component.UIComponentBase.encodeBegin(UIComponentBase.java:587)
	at javax.faces.component.UIComponentBase.encodeAll(UIComponentBase.java:517)
	at javax.faces.component.UIComponentBase.encodeAll(UIComponentBase.java:541)
	at org.apache.myfaces.view.facelets.component.RepeatRenderer.encodeChildren(RepeatRenderer.java:78)
	at org.apache.myfaces.view.facelets.component.UIRepeat.process(UIRepeat.java:909)
	at org.apache.myfaces.view.facelets.component.UIRepeat.encodeChildren(UIRepeat.java:1587)
	at javax.faces.component.UIComponentBase.encodeAll(UIComponentBase.java:532)
	at org.apache.myfaces.shared.renderkit.RendererUtils.renderChildren(RendererUtils.java:693)
	at org.apache.myfaces.shared.renderkit.html.HtmlGroupRendererBase.encodeEnd(HtmlGroupRendererBase.java:115)
	at javax.faces.component.UIComponentBase.encodeEnd(UIComponentBase.java:665)
	at javax.faces.component.UIComponentBase.encodeAll(UIComponentBase.java:545)
	at org.apache.myfaces.shared.renderkit.RendererUtils.renderChildren(RendererUtils.java:693)
	at org.apache.myfaces.shared.renderkit.html.HtmlGroupRendererBase.encodeEnd(HtmlGroupRendererBase.java:115)
	at javax.faces.component.UIComponentBase.encodeEnd(UIComponentBase.java:665)
	at javax.faces.component.UIComponentBase.encodeAll(UIComponentBase.java:545)
	at javax.faces.component.UIComponentBase.encodeAll(UIComponentBase.java:541)
	at javax.faces.component.UIComponentBase.encodeAll(UIComponentBase.java:541)
	at org.apache.myfaces.view.facelets.FaceletViewDeclarationLanguage.renderView(FaceletViewDeclarationLanguage.java:1981)
	at org.apache.myfaces.application.ViewHandlerImpl.renderView(ViewHandlerImpl.java:305)
	at javax.faces.application.ViewHandlerWrapper.renderView(ViewHandlerWrapper.java:59)
	at org.apache.myfaces.lifecycle.RenderResponseExecutor.execute(RenderResponseExecutor.java:116)
	at org.apache.myfaces.lifecycle.LifecycleImpl.render(LifecycleImpl.java:241)
	at javax.faces.webapp.FacesServlet.service(FacesServlet.java:199)
	at org.apache.catalina.core.ApplicationFilterChain.internalDoFilter(ApplicationFilterChain.java:303)
	at org.apache.catalina.core.ApplicationFilterChain.doFilter(ApplicationFilterChain.java:208)
	at org.apache.tomcat.websocket.server.WsFilter.doFilter(WsFilter.java:52)
	at org.apache.catalina.core.ApplicationFilterChain.internalDoFilter(ApplicationFilterChain.java:241)
	at org.apache.catalina.core.ApplicationFilterChain.doFilter(ApplicationFilterChain.java:208)
	at org.apache.catalina.core.StandardWrapperValve.invoke(StandardWrapperValve.java:220)
	at org.apache.catalina.core.StandardContextValve.invoke(StandardContextValve.java:122)
	at org.apache.tomee.catalina.OpenEJBValve.invoke(OpenEJBValve.java:44)
	at org.apache.catalina.authenticator.AuthenticatorBase.invoke(AuthenticatorBase.java:501)
	at org.apache.catalina.core.StandardHostValve.invoke(StandardHostValve.java:171)
	at org.apache.catalina.valves.ErrorReportValve.invoke(ErrorReportValve.java:103)
	at org.apache.catalina.valves.AccessLogValve.invoke(AccessLogValve.java:950)
	at org.apache.catalina.core.StandardEngineValve.invoke(StandardEngineValve.java:116)
	at org.apache.catalina.connector.CoyoteAdapter.service(CoyoteAdapter.java:408)
	at org.apache.coyote.http11.AbstractHttp11Processor.process(AbstractHttp11Processor.java:1070)
	at org.apache.coyote.AbstractProtocol$AbstractConnectionHandler.process(AbstractProtocol.java:611)
	at org.apache.tomcat.util.net.JIoEndpoint$SocketProcessor.run(JIoEndpoint.java:314)
	at java.util.concurrent.ThreadPoolExecutor.runWorker(ThreadPoolExecutor.java:1149)
	at java.util.concurrent.ThreadPoolExecutor$Worker.run(ThreadPoolExecutor.java:624)
	at org.apache.tomcat.util.threads.TaskThread$WrappingRunnable.run(TaskThread.java:61)
	at java.lang.Thread.run(Thread.java:748)

Nov 13, 2017 12:07:29 PM org.apache.catalina.core.ApplicationContext log
INFO: No state saving method defined, assuming default server state saving
Nov 13, 2017 12:07:39 PM org.apache.catalina.core.StandardWrapperValve invoke
SEVERE: Servlet.service() for servlet [Faces Servlet] in context with path [] threw exception [Component with id::commentList not found] with root cause
javax.faces.FacesException: Component with id::commentList not found
	at org.apache.myfaces.renderkit.html.HtmlAjaxBehaviorRenderer.getComponentId(HtmlAjaxBehaviorRenderer.java:411)
	at org.apache.myfaces.renderkit.html.HtmlAjaxBehaviorRenderer.build(HtmlAjaxBehaviorRenderer.java:384)
	at org.apache.myfaces.renderkit.html.HtmlAjaxBehaviorRenderer.mapToString(HtmlAjaxBehaviorRenderer.java:356)
	at org.apache.myfaces.renderkit.html.HtmlAjaxBehaviorRenderer.makeAjax(HtmlAjaxBehaviorRenderer.java:157)
	at org.apache.myfaces.renderkit.html.HtmlAjaxBehaviorRenderer.getScript(HtmlAjaxBehaviorRenderer.java:101)
	at javax.faces.component.behavior.ClientBehaviorBase.getScript(ClientBehaviorBase.java:99)
	at org.apache.myfaces.shared.renderkit.html.HtmlRendererUtils._appendClientBehaviourScript(HtmlRendererUtils.java:2005)
	at org.apache.myfaces.shared.renderkit.html.HtmlRendererUtils.getClientBehaviorScript(HtmlRendererUtils.java:1984)
	at org.apache.myfaces.shared.renderkit.html.HtmlRendererUtils.buildBehaviorChain(HtmlRendererUtils.java:2157)
	at org.apache.myfaces.shared.renderkit.html.HtmlRendererUtils.buildBehaviorChain(HtmlRendererUtils.java:2122)
	at org.apache.myfaces.shared.renderkit.html.HtmlLinkRendererBase.renderBehaviorizedJavaScriptAnchorStart(HtmlLinkRendererBase.java:565)
	at org.apache.myfaces.shared.renderkit.html.HtmlLinkRendererBase.renderCommandLinkStart(HtmlLinkRendererBase.java:312)
	at org.apache.myfaces.shared.renderkit.html.HtmlLinkRendererBase.encodeBegin(HtmlLinkRendererBase.java:138)
	at javax.faces.component.UIComponentBase.encodeBegin(UIComponentBase.java:587)
	at javax.faces.component.UIComponentBase.encodeAll(UIComponentBase.java:517)
	at org.apache.myfaces.shared.renderkit.RendererUtils.renderChildren(RendererUtils.java:693)
	at org.apache.myfaces.shared.renderkit.html.HtmlGroupRendererBase.encodeEnd(HtmlGroupRendererBase.java:115)
	at javax.faces.component.UIComponentBase.encodeEnd(UIComponentBase.java:665)
	at javax.faces.component.UIComponentBase.encodeAll(UIComponentBase.java:545)
	at javax.faces.component.UIComponentBase.encodeAll(UIComponentBase.java:541)
	at org.apache.myfaces.view.facelets.component.RepeatRenderer.encodeChildren(RepeatRenderer.java:78)
	at org.apache.myfaces.view.facelets.component.UIRepeat.process(UIRepeat.java:909)
	at org.apache.myfaces.view.facelets.component.UIRepeat.encodeChildren(UIRepeat.java:1587)
	at javax.faces.component.UIComponentBase.encodeAll(UIComponentBase.java:532)
	at org.apache.myfaces.shared.renderkit.RendererUtils.renderChildren(RendererUtils.java:693)
	at org.apache.myfaces.shared.renderkit.html.HtmlGroupRendererBase.encodeEnd(HtmlGroupRendererBase.java:115)
	at javax.faces.component.UIComponentBase.encodeEnd(UIComponentBase.java:665)
	at javax.faces.component.UIComponentBase.encodeAll(UIComponentBase.java:545)
	at org.apache.myfaces.shared.renderkit.RendererUtils.renderChildren(RendererUtils.java:693)
	at org.apache.myfaces.shared.renderkit.html.HtmlGroupRendererBase.encodeEnd(HtmlGroupRendererBase.java:115)
	at javax.faces.component.UIComponentBase.encodeEnd(UIComponentBase.java:665)
	at javax.faces.component.UIComponentBase.encodeAll(UIComponentBase.java:545)
	at javax.faces.component.UIComponentBase.encodeAll(UIComponentBase.java:541)
	at javax.faces.component.UIComponentBase.encodeAll(UIComponentBase.java:541)
	at org.apache.myfaces.view.facelets.FaceletViewDeclarationLanguage.renderView(FaceletViewDeclarationLanguage.java:1981)
	at org.apache.myfaces.application.ViewHandlerImpl.renderView(ViewHandlerImpl.java:305)
	at javax.faces.application.ViewHandlerWrapper.renderView(ViewHandlerWrapper.java:59)
	at org.apache.myfaces.lifecycle.RenderResponseExecutor.execute(RenderResponseExecutor.java:116)
	at org.apache.myfaces.lifecycle.LifecycleImpl.render(LifecycleImpl.java:241)
	at javax.faces.webapp.FacesServlet.service(FacesServlet.java:199)
	at org.apache.catalina.core.ApplicationFilterChain.internalDoFilter(ApplicationFilterChain.java:303)
	at org.apache.catalina.core.ApplicationFilterChain.doFilter(ApplicationFilterChain.java:208)
	at org.apache.tomcat.websocket.server.WsFilter.doFilter(WsFilter.java:52)
	at org.apache.catalina.core.ApplicationFilterChain.internalDoFilter(ApplicationFilterChain.java:241)
	at org.apache.catalina.core.ApplicationFilterChain.doFilter(ApplicationFilterChain.java:208)
	at org.apache.catalina.core.StandardWrapperValve.invoke(StandardWrapperValve.java:220)
	at org.apache.catalina.core.StandardContextValve.invoke(StandardContextValve.java:122)
	at org.apache.tomee.catalina.OpenEJBValve.invoke(OpenEJBValve.java:44)
	at org.apache.catalina.authenticator.AuthenticatorBase.invoke(AuthenticatorBase.java:501)
	at org.apache.catalina.core.StandardHostValve.invoke(StandardHostValve.java:171)
	at org.apache.catalina.valves.ErrorReportValve.invoke(ErrorReportValve.java:103)
	at org.apache.catalina.valves.AccessLogValve.invoke(AccessLogValve.java:950)
	at org.apache.catalina.core.StandardEngineValve.invoke(StandardEngineValve.java:116)
	at org.apache.catalina.connector.CoyoteAdapter.service(CoyoteAdapter.java:408)
	at org.apache.coyote.http11.AbstractHttp11Processor.process(AbstractHttp11Processor.java:1070)
	at org.apache.coyote.AbstractProtocol$AbstractConnectionHandler.process(AbstractProtocol.java:611)
	at org.apache.tomcat.util.net.JIoEndpoint$SocketProcessor.run(JIoEndpoint.java:316)
	at java.util.concurrent.ThreadPoolExecutor.runWorker(ThreadPoolExecutor.java:1149)
	at java.util.concurrent.ThreadPoolExecutor$Worker.run(ThreadPoolExecutor.java:624)
	at org.apache.tomcat.util.threads.TaskThread$WrappingRunnable.run(TaskThread.java:61)
	at java.lang.Thread.run(Thread.java:748)

Nov 13, 2017 12:12:28 PM org.apache.catalina.core.ApplicationContext log
INFO: No state saving method defined, assuming default server state saving
Nov 13, 2017 12:12:35 PM org.apache.catalina.core.StandardWrapperValve invoke
SEVERE: Servlet.service() for servlet [Faces Servlet] in context with path [] threw exception [Component with id::commentList not found] with root cause
javax.faces.FacesException: Component with id::commentList not found
	at org.apache.myfaces.renderkit.html.HtmlAjaxBehaviorRenderer.getComponentId(HtmlAjaxBehaviorRenderer.java:411)
	at org.apache.myfaces.renderkit.html.HtmlAjaxBehaviorRenderer.build(HtmlAjaxBehaviorRenderer.java:384)
	at org.apache.myfaces.renderkit.html.HtmlAjaxBehaviorRenderer.mapToString(HtmlAjaxBehaviorRenderer.java:356)
	at org.apache.myfaces.renderkit.html.HtmlAjaxBehaviorRenderer.makeAjax(HtmlAjaxBehaviorRenderer.java:157)
	at org.apache.myfaces.renderkit.html.HtmlAjaxBehaviorRenderer.getScript(HtmlAjaxBehaviorRenderer.java:101)
	at javax.faces.component.behavior.ClientBehaviorBase.getScript(ClientBehaviorBase.java:99)
	at org.apache.myfaces.shared.renderkit.html.HtmlRendererUtils._appendClientBehaviourScript(HtmlRendererUtils.java:2005)
	at org.apache.myfaces.shared.renderkit.html.HtmlRendererUtils.getClientBehaviorScript(HtmlRendererUtils.java:1984)
	at org.apache.myfaces.shared.renderkit.html.HtmlRendererUtils.buildBehaviorChain(HtmlRendererUtils.java:2157)
	at org.apache.myfaces.shared.renderkit.html.HtmlRendererUtils.buildBehaviorChain(HtmlRendererUtils.java:2122)
	at org.apache.myfaces.shared.renderkit.html.HtmlLinkRendererBase.renderBehaviorizedJavaScriptAnchorStart(HtmlLinkRendererBase.java:565)
	at org.apache.myfaces.shared.renderkit.html.HtmlLinkRendererBase.renderCommandLinkStart(HtmlLinkRendererBase.java:312)
	at org.apache.myfaces.shared.renderkit.html.HtmlLinkRendererBase.encodeBegin(HtmlLinkRendererBase.java:138)
	at javax.faces.component.UIComponentBase.encodeBegin(UIComponentBase.java:587)
	at javax.faces.component.UIComponentBase.encodeAll(UIComponentBase.java:517)
	at org.apache.myfaces.shared.renderkit.RendererUtils.renderChildren(RendererUtils.java:693)
	at org.apache.myfaces.shared.renderkit.html.HtmlGroupRendererBase.encodeEnd(HtmlGroupRendererBase.java:115)
	at javax.faces.component.UIComponentBase.encodeEnd(UIComponentBase.java:665)
	at javax.faces.component.UIComponentBase.encodeAll(UIComponentBase.java:545)
	at javax.faces.component.UIComponentBase.encodeAll(UIComponentBase.java:541)
	at org.apache.myfaces.view.facelets.component.RepeatRenderer.encodeChildren(RepeatRenderer.java:78)
	at org.apache.myfaces.view.facelets.component.UIRepeat.process(UIRepeat.java:909)
	at org.apache.myfaces.view.facelets.component.UIRepeat.encodeChildren(UIRepeat.java:1587)
	at javax.faces.component.UIComponentBase.encodeAll(UIComponentBase.java:532)
	at org.apache.myfaces.shared.renderkit.RendererUtils.renderChildren(RendererUtils.java:693)
	at org.apache.myfaces.shared.renderkit.html.HtmlGroupRendererBase.encodeEnd(HtmlGroupRendererBase.java:115)
	at javax.faces.component.UIComponentBase.encodeEnd(UIComponentBase.java:665)
	at javax.faces.component.UIComponentBase.encodeAll(UIComponentBase.java:545)
	at org.apache.myfaces.shared.renderkit.RendererUtils.renderChildren(RendererUtils.java:693)
	at org.apache.myfaces.shared.renderkit.html.HtmlGroupRendererBase.encodeEnd(HtmlGroupRendererBase.java:115)
	at javax.faces.component.UIComponentBase.encodeEnd(UIComponentBase.java:665)
	at javax.faces.component.UIComponentBase.encodeAll(UIComponentBase.java:545)
	at javax.faces.component.UIComponentBase.encodeAll(UIComponentBase.java:541)
	at javax.faces.component.UIComponentBase.encodeAll(UIComponentBase.java:541)
	at org.apache.myfaces.view.facelets.FaceletViewDeclarationLanguage.renderView(FaceletViewDeclarationLanguage.java:1981)
	at org.apache.myfaces.application.ViewHandlerImpl.renderView(ViewHandlerImpl.java:305)
	at javax.faces.application.ViewHandlerWrapper.renderView(ViewHandlerWrapper.java:59)
	at org.apache.myfaces.lifecycle.RenderResponseExecutor.execute(RenderResponseExecutor.java:116)
	at org.apache.myfaces.lifecycle.LifecycleImpl.render(LifecycleImpl.java:241)
	at javax.faces.webapp.FacesServlet.service(FacesServlet.java:199)
	at org.apache.catalina.core.ApplicationFilterChain.internalDoFilter(ApplicationFilterChain.java:303)
	at org.apache.catalina.core.ApplicationFilterChain.doFilter(ApplicationFilterChain.java:208)
	at org.apache.tomcat.websocket.server.WsFilter.doFilter(WsFilter.java:52)
	at org.apache.catalina.core.ApplicationFilterChain.internalDoFilter(ApplicationFilterChain.java:241)
	at org.apache.catalina.core.ApplicationFilterChain.doFilter(ApplicationFilterChain.java:208)
	at org.apache.catalina.core.StandardWrapperValve.invoke(StandardWrapperValve.java:220)
	at org.apache.catalina.core.StandardContextValve.invoke(StandardContextValve.java:122)
	at org.apache.tomee.catalina.OpenEJBValve.invoke(OpenEJBValve.java:44)
	at org.apache.catalina.authenticator.AuthenticatorBase.invoke(AuthenticatorBase.java:501)
	at org.apache.catalina.core.StandardHostValve.invoke(StandardHostValve.java:171)
	at org.apache.catalina.valves.ErrorReportValve.invoke(ErrorReportValve.java:103)
	at org.apache.catalina.valves.AccessLogValve.invoke(AccessLogValve.java:950)
	at org.apache.catalina.core.StandardEngineValve.invoke(StandardEngineValve.java:116)
	at org.apache.catalina.connector.CoyoteAdapter.service(CoyoteAdapter.java:408)
	at org.apache.coyote.http11.AbstractHttp11Processor.process(AbstractHttp11Processor.java:1070)
	at org.apache.coyote.AbstractProtocol$AbstractConnectionHandler.process(AbstractProtocol.java:611)
	at org.apache.tomcat.util.net.JIoEndpoint$SocketProcessor.run(JIoEndpoint.java:316)
	at java.util.concurrent.ThreadPoolExecutor.runWorker(ThreadPoolExecutor.java:1149)
	at java.util.concurrent.ThreadPoolExecutor$Worker.run(ThreadPoolExecutor.java:624)
	at org.apache.tomcat.util.threads.TaskThread$WrappingRunnable.run(TaskThread.java:61)
	at java.lang.Thread.run(Thread.java:748)

Nov 13, 2017 12:16:15 PM org.apache.catalina.core.ApplicationContext log
INFO: No state saving method defined, assuming default server state saving
Nov 13, 2017 12:16:23 PM org.apache.catalina.core.StandardWrapperValve invoke
SEVERE: Servlet.service() for servlet [Faces Servlet] in context with path [] threw exception [Component with id::commentList not found] with root cause
javax.faces.FacesException: Component with id::commentList not found
	at org.apache.myfaces.renderkit.html.HtmlAjaxBehaviorRenderer.getComponentId(HtmlAjaxBehaviorRenderer.java:411)
	at org.apache.myfaces.renderkit.html.HtmlAjaxBehaviorRenderer.build(HtmlAjaxBehaviorRenderer.java:384)
	at org.apache.myfaces.renderkit.html.HtmlAjaxBehaviorRenderer.mapToString(HtmlAjaxBehaviorRenderer.java:356)
	at org.apache.myfaces.renderkit.html.HtmlAjaxBehaviorRenderer.makeAjax(HtmlAjaxBehaviorRenderer.java:157)
	at org.apache.myfaces.renderkit.html.HtmlAjaxBehaviorRenderer.getScript(HtmlAjaxBehaviorRenderer.java:101)
	at javax.faces.component.behavior.ClientBehaviorBase.getScript(ClientBehaviorBase.java:99)
	at org.apache.myfaces.shared.renderkit.html.HtmlRendererUtils._appendClientBehaviourScript(HtmlRendererUtils.java:2005)
	at org.apache.myfaces.shared.renderkit.html.HtmlRendererUtils.getClientBehaviorScript(HtmlRendererUtils.java:1984)
	at org.apache.myfaces.shared.renderkit.html.HtmlRendererUtils.buildBehaviorChain(HtmlRendererUtils.java:2157)
	at org.apache.myfaces.shared.renderkit.html.HtmlRendererUtils.buildBehaviorChain(HtmlRendererUtils.java:2122)
	at org.apache.myfaces.shared.renderkit.html.HtmlLinkRendererBase.renderBehaviorizedJavaScriptAnchorStart(HtmlLinkRendererBase.java:565)
	at org.apache.myfaces.shared.renderkit.html.HtmlLinkRendererBase.renderCommandLinkStart(HtmlLinkRendererBase.java:312)
	at org.apache.myfaces.shared.renderkit.html.HtmlLinkRendererBase.encodeBegin(HtmlLinkRendererBase.java:138)
	at javax.faces.component.UIComponentBase.encodeBegin(UIComponentBase.java:587)
	at javax.faces.component.UIComponentBase.encodeAll(UIComponentBase.java:517)
	at org.apache.myfaces.shared.renderkit.RendererUtils.renderChildren(RendererUtils.java:693)
	at org.apache.myfaces.shared.renderkit.html.HtmlGroupRendererBase.encodeEnd(HtmlGroupRendererBase.java:115)
	at javax.faces.component.UIComponentBase.encodeEnd(UIComponentBase.java:665)
	at javax.faces.component.UIComponentBase.encodeAll(UIComponentBase.java:545)
	at javax.faces.component.UIComponentBase.encodeAll(UIComponentBase.java:541)
	at org.apache.myfaces.view.facelets.component.RepeatRenderer.encodeChildren(RepeatRenderer.java:78)
	at org.apache.myfaces.view.facelets.component.UIRepeat.process(UIRepeat.java:909)
	at org.apache.myfaces.view.facelets.component.UIRepeat.encodeChildren(UIRepeat.java:1587)
	at javax.faces.component.UIComponentBase.encodeAll(UIComponentBase.java:532)
	at org.apache.myfaces.shared.renderkit.RendererUtils.renderChildren(RendererUtils.java:693)
	at org.apache.myfaces.shared.renderkit.html.HtmlGroupRendererBase.encodeEnd(HtmlGroupRendererBase.java:115)
	at javax.faces.component.UIComponentBase.encodeEnd(UIComponentBase.java:665)
	at javax.faces.component.UIComponentBase.encodeAll(UIComponentBase.java:545)
	at org.apache.myfaces.shared.renderkit.RendererUtils.renderChildren(RendererUtils.java:693)
	at org.apache.myfaces.shared.renderkit.html.HtmlGroupRendererBase.encodeEnd(HtmlGroupRendererBase.java:115)
	at javax.faces.component.UIComponentBase.encodeEnd(UIComponentBase.java:665)
	at javax.faces.component.UIComponentBase.encodeAll(UIComponentBase.java:545)
	at javax.faces.component.UIComponentBase.encodeAll(UIComponentBase.java:541)
	at javax.faces.component.UIComponentBase.encodeAll(UIComponentBase.java:541)
	at org.apache.myfaces.view.facelets.FaceletViewDeclarationLanguage.renderView(FaceletViewDeclarationLanguage.java:1981)
	at org.apache.myfaces.application.ViewHandlerImpl.renderView(ViewHandlerImpl.java:305)
	at javax.faces.application.ViewHandlerWrapper.renderView(ViewHandlerWrapper.java:59)
	at org.apache.myfaces.lifecycle.RenderResponseExecutor.execute(RenderResponseExecutor.java:116)
	at org.apache.myfaces.lifecycle.LifecycleImpl.render(LifecycleImpl.java:241)
	at javax.faces.webapp.FacesServlet.service(FacesServlet.java:199)
	at org.apache.catalina.core.ApplicationFilterChain.internalDoFilter(ApplicationFilterChain.java:303)
	at org.apache.catalina.core.ApplicationFilterChain.doFilter(ApplicationFilterChain.java:208)
	at org.apache.tomcat.websocket.server.WsFilter.doFilter(WsFilter.java:52)
	at org.apache.catalina.core.ApplicationFilterChain.internalDoFilter(ApplicationFilterChain.java:241)
	at org.apache.catalina.core.ApplicationFilterChain.doFilter(ApplicationFilterChain.java:208)
	at org.apache.catalina.core.StandardWrapperValve.invoke(StandardWrapperValve.java:220)
	at org.apache.catalina.core.StandardContextValve.invoke(StandardContextValve.java:122)
	at org.apache.tomee.catalina.OpenEJBValve.invoke(OpenEJBValve.java:44)
	at org.apache.catalina.authenticator.AuthenticatorBase.invoke(AuthenticatorBase.java:501)
	at org.apache.catalina.core.StandardHostValve.invoke(StandardHostValve.java:171)
	at org.apache.catalina.valves.ErrorReportValve.invoke(ErrorReportValve.java:103)
	at org.apache.catalina.valves.AccessLogValve.invoke(AccessLogValve.java:950)
	at org.apache.catalina.core.StandardEngineValve.invoke(StandardEngineValve.java:116)
	at org.apache.catalina.connector.CoyoteAdapter.service(CoyoteAdapter.java:408)
	at org.apache.coyote.http11.AbstractHttp11Processor.process(AbstractHttp11Processor.java:1070)
	at org.apache.coyote.AbstractProtocol$AbstractConnectionHandler.process(AbstractProtocol.java:611)
	at org.apache.tomcat.util.net.JIoEndpoint$SocketProcessor.run(JIoEndpoint.java:316)
	at java.util.concurrent.ThreadPoolExecutor.runWorker(ThreadPoolExecutor.java:1149)
	at java.util.concurrent.ThreadPoolExecutor$Worker.run(ThreadPoolExecutor.java:624)
	at org.apache.tomcat.util.threads.TaskThread$WrappingRunnable.run(TaskThread.java:61)
	at java.lang.Thread.run(Thread.java:748)

Nov 13, 2017 12:18:59 PM org.apache.catalina.core.ApplicationContext log
INFO: No state saving method defined, assuming default server state saving
Nov 13, 2017 12:19:08 PM org.apache.catalina.core.StandardWrapperValve invoke
SEVERE: Servlet.service() for servlet [Faces Servlet] in context with path [] threw exception [Component with id::commentList not found] with root cause
javax.faces.FacesException: Component with id::commentList not found
	at org.apache.myfaces.renderkit.html.HtmlAjaxBehaviorRenderer.getComponentId(HtmlAjaxBehaviorRenderer.java:411)
	at org.apache.myfaces.renderkit.html.HtmlAjaxBehaviorRenderer.build(HtmlAjaxBehaviorRenderer.java:384)
	at org.apache.myfaces.renderkit.html.HtmlAjaxBehaviorRenderer.mapToString(HtmlAjaxBehaviorRenderer.java:356)
	at org.apache.myfaces.renderkit.html.HtmlAjaxBehaviorRenderer.makeAjax(HtmlAjaxBehaviorRenderer.java:157)
	at org.apache.myfaces.renderkit.html.HtmlAjaxBehaviorRenderer.getScript(HtmlAjaxBehaviorRenderer.java:101)
	at javax.faces.component.behavior.ClientBehaviorBase.getScript(ClientBehaviorBase.java:99)
	at org.apache.myfaces.shared.renderkit.html.HtmlRendererUtils._appendClientBehaviourScript(HtmlRendererUtils.java:2005)
	at org.apache.myfaces.shared.renderkit.html.HtmlRendererUtils.getClientBehaviorScript(HtmlRendererUtils.java:1984)
	at org.apache.myfaces.shared.renderkit.html.HtmlRendererUtils.buildBehaviorChain(HtmlRendererUtils.java:2157)
	at org.apache.myfaces.shared.renderkit.html.HtmlRendererUtils.buildBehaviorChain(HtmlRendererUtils.java:2122)
	at org.apache.myfaces.shared.renderkit.html.HtmlLinkRendererBase.renderBehaviorizedJavaScriptAnchorStart(HtmlLinkRendererBase.java:565)
	at org.apache.myfaces.shared.renderkit.html.HtmlLinkRendererBase.renderCommandLinkStart(HtmlLinkRendererBase.java:312)
	at org.apache.myfaces.shared.renderkit.html.HtmlLinkRendererBase.encodeBegin(HtmlLinkRendererBase.java:138)
	at javax.faces.component.UIComponentBase.encodeBegin(UIComponentBase.java:587)
	at javax.faces.component.UIComponentBase.encodeAll(UIComponentBase.java:517)
	at org.apache.myfaces.shared.renderkit.RendererUtils.renderChildren(RendererUtils.java:693)
	at org.apache.myfaces.shared.renderkit.html.HtmlGroupRendererBase.encodeEnd(HtmlGroupRendererBase.java:115)
	at javax.faces.component.UIComponentBase.encodeEnd(UIComponentBase.java:665)
	at javax.faces.component.UIComponentBase.encodeAll(UIComponentBase.java:545)
	at javax.faces.component.UIComponentBase.encodeAll(UIComponentBase.java:541)
	at org.apache.myfaces.shared.renderkit.RendererUtils.renderChildren(RendererUtils.java:693)
	at org.apache.myfaces.shared.renderkit.html.HtmlGroupRendererBase.encodeEnd(HtmlGroupRendererBase.java:115)
	at javax.faces.component.UIComponentBase.encodeEnd(UIComponentBase.java:665)
	at javax.faces.component.UIComponentBase.encodeAll(UIComponentBase.java:545)
	at org.apache.myfaces.view.facelets.component.RepeatRenderer.encodeChildren(RepeatRenderer.java:78)
	at org.apache.myfaces.view.facelets.component.UIRepeat.process(UIRepeat.java:909)
	at org.apache.myfaces.view.facelets.component.UIRepeat.encodeChildren(UIRepeat.java:1587)
	at javax.faces.component.UIComponentBase.encodeAll(UIComponentBase.java:532)
	at org.apache.myfaces.shared.renderkit.RendererUtils.renderChildren(RendererUtils.java:693)
	at org.apache.myfaces.shared.renderkit.html.HtmlGroupRendererBase.encodeEnd(HtmlGroupRendererBase.java:115)
	at javax.faces.component.UIComponentBase.encodeEnd(UIComponentBase.java:665)
	at javax.faces.component.UIComponentBase.encodeAll(UIComponentBase.java:545)
	at org.apache.myfaces.shared.renderkit.RendererUtils.renderChildren(RendererUtils.java:693)
	at org.apache.myfaces.shared.renderkit.html.HtmlGroupRendererBase.encodeEnd(HtmlGroupRendererBase.java:115)
	at javax.faces.component.UIComponentBase.encodeEnd(UIComponentBase.java:665)
	at javax.faces.component.UIComponentBase.encodeAll(UIComponentBase.java:545)
	at javax.faces.component.UIComponentBase.encodeAll(UIComponentBase.java:541)
	at javax.faces.component.UIComponentBase.encodeAll(UIComponentBase.java:541)
	at org.apache.myfaces.view.facelets.FaceletViewDeclarationLanguage.renderView(FaceletViewDeclarationLanguage.java:1981)
	at org.apache.myfaces.application.ViewHandlerImpl.renderView(ViewHandlerImpl.java:305)
	at javax.faces.application.ViewHandlerWrapper.renderView(ViewHandlerWrapper.java:59)
	at org.apache.myfaces.lifecycle.RenderResponseExecutor.execute(RenderResponseExecutor.java:116)
	at org.apache.myfaces.lifecycle.LifecycleImpl.render(LifecycleImpl.java:241)
	at javax.faces.webapp.FacesServlet.service(FacesServlet.java:199)
	at org.apache.catalina.core.ApplicationFilterChain.internalDoFilter(ApplicationFilterChain.java:303)
	at org.apache.catalina.core.ApplicationFilterChain.doFilter(ApplicationFilterChain.java:208)
	at org.apache.tomcat.websocket.server.WsFilter.doFilter(WsFilter.java:52)
	at org.apache.catalina.core.ApplicationFilterChain.internalDoFilter(ApplicationFilterChain.java:241)
	at org.apache.catalina.core.ApplicationFilterChain.doFilter(ApplicationFilterChain.java:208)
	at org.apache.catalina.core.StandardWrapperValve.invoke(StandardWrapperValve.java:220)
	at org.apache.catalina.core.StandardContextValve.invoke(StandardContextValve.java:122)
	at org.apache.tomee.catalina.OpenEJBValve.invoke(OpenEJBValve.java:44)
	at org.apache.catalina.authenticator.AuthenticatorBase.invoke(AuthenticatorBase.java:501)
	at org.apache.catalina.core.StandardHostValve.invoke(StandardHostValve.java:171)
	at org.apache.catalina.valves.ErrorReportValve.invoke(ErrorReportValve.java:103)
	at org.apache.catalina.valves.AccessLogValve.invoke(AccessLogValve.java:950)
	at org.apache.catalina.core.StandardEngineValve.invoke(StandardEngineValve.java:116)
	at org.apache.catalina.connector.CoyoteAdapter.service(CoyoteAdapter.java:408)
	at org.apache.coyote.http11.AbstractHttp11Processor.process(AbstractHttp11Processor.java:1070)
	at org.apache.coyote.AbstractProtocol$AbstractConnectionHandler.process(AbstractProtocol.java:611)
	at org.apache.tomcat.util.net.JIoEndpoint$SocketProcessor.run(JIoEndpoint.java:316)
	at java.util.concurrent.ThreadPoolExecutor.runWorker(ThreadPoolExecutor.java:1149)
	at java.util.concurrent.ThreadPoolExecutor$Worker.run(ThreadPoolExecutor.java:624)
	at org.apache.tomcat.util.threads.TaskThread$WrappingRunnable.run(TaskThread.java:61)
	at java.lang.Thread.run(Thread.java:748)

Nov 13, 2017 12:21:03 PM org.apache.catalina.core.ApplicationContext log
INFO: No state saving method defined, assuming default server state saving
Nov 13, 2017 12:21:10 PM org.apache.catalina.core.StandardWrapperValve invoke
SEVERE: Servlet.service() for servlet [Faces Servlet] in context with path [] threw exception [Component with id::commentForm not found] with root cause
javax.faces.FacesException: Component with id::commentForm not found
	at org.apache.myfaces.renderkit.html.HtmlAjaxBehaviorRenderer.getComponentId(HtmlAjaxBehaviorRenderer.java:411)
	at org.apache.myfaces.renderkit.html.HtmlAjaxBehaviorRenderer.build(HtmlAjaxBehaviorRenderer.java:384)
	at org.apache.myfaces.renderkit.html.HtmlAjaxBehaviorRenderer.mapToString(HtmlAjaxBehaviorRenderer.java:356)
	at org.apache.myfaces.renderkit.html.HtmlAjaxBehaviorRenderer.makeAjax(HtmlAjaxBehaviorRenderer.java:156)
	at org.apache.myfaces.renderkit.html.HtmlAjaxBehaviorRenderer.getScript(HtmlAjaxBehaviorRenderer.java:101)
	at javax.faces.component.behavior.ClientBehaviorBase.getScript(ClientBehaviorBase.java:99)
	at org.apache.myfaces.shared.renderkit.html.HtmlRendererUtils._appendClientBehaviourScript(HtmlRendererUtils.java:2005)
	at org.apache.myfaces.shared.renderkit.html.HtmlRendererUtils.getClientBehaviorScript(HtmlRendererUtils.java:1984)
	at org.apache.myfaces.shared.renderkit.html.HtmlRendererUtils.buildBehaviorChain(HtmlRendererUtils.java:2157)
	at org.apache.myfaces.shared.renderkit.html.HtmlRendererUtils.buildBehaviorChain(HtmlRendererUtils.java:2122)
	at org.apache.myfaces.shared.renderkit.html.HtmlLinkRendererBase.renderBehaviorizedJavaScriptAnchorStart(HtmlLinkRendererBase.java:565)
	at org.apache.myfaces.shared.renderkit.html.HtmlLinkRendererBase.renderCommandLinkStart(HtmlLinkRendererBase.java:312)
	at org.apache.myfaces.shared.renderkit.html.HtmlLinkRendererBase.encodeBegin(HtmlLinkRendererBase.java:138)
	at javax.faces.component.UIComponentBase.encodeBegin(UIComponentBase.java:587)
	at javax.faces.component.UIComponentBase.encodeAll(UIComponentBase.java:517)
	at org.apache.myfaces.shared.renderkit.RendererUtils.renderChildren(RendererUtils.java:693)
	at org.apache.myfaces.shared.renderkit.html.HtmlGroupRendererBase.encodeEnd(HtmlGroupRendererBase.java:115)
	at javax.faces.component.UIComponentBase.encodeEnd(UIComponentBase.java:665)
	at javax.faces.component.UIComponentBase.encodeAll(UIComponentBase.java:545)
	at javax.faces.component.UIComponentBase.encodeAll(UIComponentBase.java:541)
	at org.apache.myfaces.shared.renderkit.RendererUtils.renderChildren(RendererUtils.java:693)
	at org.apache.myfaces.shared.renderkit.html.HtmlGroupRendererBase.encodeEnd(HtmlGroupRendererBase.java:115)
	at javax.faces.component.UIComponentBase.encodeEnd(UIComponentBase.java:665)
	at javax.faces.component.UIComponentBase.encodeAll(UIComponentBase.java:545)
	at org.apache.myfaces.view.facelets.component.RepeatRenderer.encodeChildren(RepeatRenderer.java:78)
	at org.apache.myfaces.view.facelets.component.UIRepeat.process(UIRepeat.java:909)
	at org.apache.myfaces.view.facelets.component.UIRepeat.encodeChildren(UIRepeat.java:1587)
	at javax.faces.component.UIComponentBase.encodeAll(UIComponentBase.java:532)
	at org.apache.myfaces.shared.renderkit.RendererUtils.renderChildren(RendererUtils.java:693)
	at org.apache.myfaces.shared.renderkit.html.HtmlGroupRendererBase.encodeEnd(HtmlGroupRendererBase.java:115)
	at javax.faces.component.UIComponentBase.encodeEnd(UIComponentBase.java:665)
	at javax.faces.component.UIComponentBase.encodeAll(UIComponentBase.java:545)
	at org.apache.myfaces.shared.renderkit.RendererUtils.renderChildren(RendererUtils.java:693)
	at org.apache.myfaces.shared.renderkit.html.HtmlGroupRendererBase.encodeEnd(HtmlGroupRendererBase.java:115)
	at javax.faces.component.UIComponentBase.encodeEnd(UIComponentBase.java:665)
	at javax.faces.component.UIComponentBase.encodeAll(UIComponentBase.java:545)
	at javax.faces.component.UIComponentBase.encodeAll(UIComponentBase.java:541)
	at javax.faces.component.UIComponentBase.encodeAll(UIComponentBase.java:541)
	at org.apache.myfaces.view.facelets.FaceletViewDeclarationLanguage.renderView(FaceletViewDeclarationLanguage.java:1981)
	at org.apache.myfaces.application.ViewHandlerImpl.renderView(ViewHandlerImpl.java:305)
	at javax.faces.application.ViewHandlerWrapper.renderView(ViewHandlerWrapper.java:59)
	at org.apache.myfaces.lifecycle.RenderResponseExecutor.execute(RenderResponseExecutor.java:116)
	at org.apache.myfaces.lifecycle.LifecycleImpl.render(LifecycleImpl.java:241)
	at javax.faces.webapp.FacesServlet.service(FacesServlet.java:199)
	at org.apache.catalina.core.ApplicationFilterChain.internalDoFilter(ApplicationFilterChain.java:303)
	at org.apache.catalina.core.ApplicationFilterChain.doFilter(ApplicationFilterChain.java:208)
	at org.apache.tomcat.websocket.server.WsFilter.doFilter(WsFilter.java:52)
	at org.apache.catalina.core.ApplicationFilterChain.internalDoFilter(ApplicationFilterChain.java:241)
	at org.apache.catalina.core.ApplicationFilterChain.doFilter(ApplicationFilterChain.java:208)
	at org.apache.catalina.core.StandardWrapperValve.invoke(StandardWrapperValve.java:220)
	at org.apache.catalina.core.StandardContextValve.invoke(StandardContextValve.java:122)
	at org.apache.tomee.catalina.OpenEJBValve.invoke(OpenEJBValve.java:44)
	at org.apache.catalina.authenticator.AuthenticatorBase.invoke(AuthenticatorBase.java:501)
	at org.apache.catalina.core.StandardHostValve.invoke(StandardHostValve.java:171)
	at org.apache.catalina.valves.ErrorReportValve.invoke(ErrorReportValve.java:103)
	at org.apache.catalina.valves.AccessLogValve.invoke(AccessLogValve.java:950)
	at org.apache.catalina.core.StandardEngineValve.invoke(StandardEngineValve.java:116)
	at org.apache.catalina.connector.CoyoteAdapter.service(CoyoteAdapter.java:408)
	at org.apache.coyote.http11.AbstractHttp11Processor.process(AbstractHttp11Processor.java:1070)
	at org.apache.coyote.AbstractProtocol$AbstractConnectionHandler.process(AbstractProtocol.java:611)
	at org.apache.tomcat.util.net.JIoEndpoint$SocketProcessor.run(JIoEndpoint.java:316)
	at java.util.concurrent.ThreadPoolExecutor.runWorker(ThreadPoolExecutor.java:1149)
	at java.util.concurrent.ThreadPoolExecutor$Worker.run(ThreadPoolExecutor.java:624)
	at org.apache.tomcat.util.threads.TaskThread$WrappingRunnable.run(TaskThread.java:61)
	at java.lang.Thread.run(Thread.java:748)

Nov 13, 2017 12:21:13 PM org.apache.catalina.core.StandardWrapperValve invoke
SEVERE: Servlet.service() for servlet [Faces Servlet] in context with path [] threw exception [/index.xhtmlNo saved view state could be found for the view identifier: /index.xhtml] with root cause
javax.faces.application.ViewExpiredException: /index.xhtmlNo saved view state could be found for the view identifier: /index.xhtml
	at org.apache.myfaces.lifecycle.RestoreViewExecutor.execute(RestoreViewExecutor.java:171)
	at org.apache.myfaces.lifecycle.LifecycleImpl.executePhase(LifecycleImpl.java:170)
	at org.apache.myfaces.lifecycle.LifecycleImpl.execute(LifecycleImpl.java:117)
	at javax.faces.webapp.FacesServlet.service(FacesServlet.java:197)
	at org.apache.catalina.core.ApplicationFilterChain.internalDoFilter(ApplicationFilterChain.java:303)
	at org.apache.catalina.core.ApplicationFilterChain.doFilter(ApplicationFilterChain.java:208)
	at org.apache.tomcat.websocket.server.WsFilter.doFilter(WsFilter.java:52)
	at org.apache.catalina.core.ApplicationFilterChain.internalDoFilter(ApplicationFilterChain.java:241)
	at org.apache.catalina.core.ApplicationFilterChain.doFilter(ApplicationFilterChain.java:208)
	at org.apache.catalina.core.StandardWrapperValve.invoke(StandardWrapperValve.java:220)
	at org.apache.catalina.core.StandardContextValve.invoke(StandardContextValve.java:122)
	at org.apache.tomee.catalina.OpenEJBValve.invoke(OpenEJBValve.java:44)
	at org.apache.catalina.authenticator.AuthenticatorBase.invoke(AuthenticatorBase.java:501)
	at org.apache.catalina.core.StandardHostValve.invoke(StandardHostValve.java:171)
	at org.apache.catalina.valves.ErrorReportValve.invoke(ErrorReportValve.java:103)
	at org.apache.catalina.valves.AccessLogValve.invoke(AccessLogValve.java:950)
	at org.apache.catalina.core.StandardEngineValve.invoke(StandardEngineValve.java:116)
	at org.apache.catalina.connector.CoyoteAdapter.service(CoyoteAdapter.java:408)
	at org.apache.coyote.http11.AbstractHttp11Processor.process(AbstractHttp11Processor.java:1070)
	at org.apache.coyote.AbstractProtocol$AbstractConnectionHandler.process(AbstractProtocol.java:611)
	at org.apache.tomcat.util.net.JIoEndpoint$SocketProcessor.run(JIoEndpoint.java:314)
	at java.util.concurrent.ThreadPoolExecutor.runWorker(ThreadPoolExecutor.java:1149)
	at java.util.concurrent.ThreadPoolExecutor$Worker.run(ThreadPoolExecutor.java:624)
	at org.apache.tomcat.util.threads.TaskThread$WrappingRunnable.run(TaskThread.java:61)
	at java.lang.Thread.run(Thread.java:748)

Nov 13, 2017 12:22:44 PM org.apache.catalina.core.ApplicationContext log
INFO: No state saving method defined, assuming default server state saving
Nov 13, 2017 12:23:11 PM org.apache.catalina.core.StandardWrapperValve invoke
SEVERE: Servlet.service() for servlet [Faces Servlet] in context with path [] threw exception [javax.el.ELException: javax.ejb.EJBException: The bean encountered a non-application exception; nested exception is: 
	javax.validation.ConstraintViolationException: A validation constraint failure occurred for class "model.Comment".] with root cause
javax.validation.ConstraintViolationException: A validation constraint failure occurred for class "model.Comment".
	at org.apache.openjpa.persistence.validation.ValidatorImpl.validate(ValidatorImpl.java:282)
	at org.apache.openjpa.validation.ValidatingLifecycleEventManager.fireEvent(ValidatingLifecycleEventManager.java:123)
	at org.apache.openjpa.kernel.BrokerImpl.fireLifecycleEvent(BrokerImpl.java:814)
	at org.apache.openjpa.kernel.BrokerImpl.persistInternal(BrokerImpl.java:2668)
	at org.apache.openjpa.kernel.BrokerImpl.persist(BrokerImpl.java:2604)
	at org.apache.openjpa.kernel.BrokerImpl.persist(BrokerImpl.java:2587)
	at org.apache.openjpa.kernel.BrokerImpl.persist(BrokerImpl.java:2491)
	at org.apache.openjpa.kernel.DelegatingBroker.persist(DelegatingBroker.java:1077)
	at org.apache.openjpa.persistence.EntityManagerImpl.persist(EntityManagerImpl.java:716)
	at org.apache.openejb.persistence.JtaEntityManager.persist(JtaEntityManager.java:144)
	at controller.CommentController.create(CommentController.java:28)
	at sun.reflect.NativeMethodAccessorImpl.invoke0(Native Method)
	at sun.reflect.NativeMethodAccessorImpl.invoke(NativeMethodAccessorImpl.java:62)
	at sun.reflect.DelegatingMethodAccessorImpl.invoke(DelegatingMethodAccessorImpl.java:43)
	at java.lang.reflect.Method.invoke(Method.java:498)
	at org.apache.openejb.core.interceptor.ReflectionInvocationContext$Invocation.invoke(ReflectionInvocationContext.java:192)
	at org.apache.openejb.core.interceptor.ReflectionInvocationContext.proceed(ReflectionInvocationContext.java:173)
	at org.apache.openejb.monitoring.StatsInterceptor.record(StatsInterceptor.java:181)
	at org.apache.openejb.monitoring.StatsInterceptor.invoke(StatsInterceptor.java:100)
	at sun.reflect.GeneratedMethodAccessor59.invoke(Unknown Source)
	at sun.reflect.DelegatingMethodAccessorImpl.invoke(DelegatingMethodAccessorImpl.java:43)
	at java.lang.reflect.Method.invoke(Method.java:498)
	at org.apache.openejb.core.interceptor.ReflectionInvocationContext$Invocation.invoke(ReflectionInvocationContext.java:192)
	at org.apache.openejb.core.interceptor.ReflectionInvocationContext.proceed(ReflectionInvocationContext.java:173)
	at org.apache.openejb.core.interceptor.InterceptorStack.invoke(InterceptorStack.java:85)
	at org.apache.openejb.core.stateless.StatelessContainer._invoke(StatelessContainer.java:227)
	at org.apache.openejb.core.stateless.StatelessContainer.invoke(StatelessContainer.java:194)
	at org.apache.openejb.core.ivm.EjbObjectProxyHandler.synchronizedBusinessMethod(EjbObjectProxyHandler.java:308)
	at org.apache.openejb.core.ivm.EjbObjectProxyHandler.businessMethod(EjbObjectProxyHandler.java:303)
	at org.apache.openejb.core.ivm.EjbObjectProxyHandler._invoke(EjbObjectProxyHandler.java:92)
	at org.apache.openejb.core.ivm.BaseEjbProxyHandler.invoke(BaseEjbProxyHandler.java:308)
	at controller.CommentController$$LocalBeanProxy.create(controller/CommentController.java)
	at view.CommentMb.create(CommentMb.java:33)
	at sun.reflect.NativeMethodAccessorImpl.invoke0(Native Method)
	at sun.reflect.NativeMethodAccessorImpl.invoke(NativeMethodAccessorImpl.java:62)
	at sun.reflect.DelegatingMethodAccessorImpl.invoke(DelegatingMethodAccessorImpl.java:43)
	at java.lang.reflect.Method.invoke(Method.java:498)
	at org.apache.el.parser.AstValue.invoke(AstValue.java:278)
	at org.apache.el.MethodExpressionImpl.invoke(MethodExpressionImpl.java:273)
	at org.apache.myfaces.view.facelets.el.ContextAwareTagMethodExpression.invoke(ContextAwareTagMethodExpression.java:96)
	at org.apache.myfaces.application.ActionListenerImpl.processAction(ActionListenerImpl.java:68)
	at javax.faces.component.UICommand.broadcast(UICommand.java:120)
	at org.apache.myfaces.view.facelets.component.UIRepeat.broadcast(UIRepeat.java:1461)
	at javax.faces.component.UIViewRoot._broadcastAll(UIViewRoot.java:1041)
	at javax.faces.component.UIViewRoot.broadcastEvents(UIViewRoot.java:289)
	at javax.faces.component.UIViewRoot._process(UIViewRoot.java:1415)
	at javax.faces.component.UIViewRoot.processApplication(UIViewRoot.java:765)
	at org.apache.myfaces.lifecycle.InvokeApplicationExecutor.execute(InvokeApplicationExecutor.java:38)
	at org.apache.myfaces.lifecycle.LifecycleImpl.executePhase(LifecycleImpl.java:170)
	at org.apache.myfaces.lifecycle.LifecycleImpl.execute(LifecycleImpl.java:117)
	at javax.faces.webapp.FacesServlet.service(FacesServlet.java:197)
	at org.apache.catalina.core.ApplicationFilterChain.internalDoFilter(ApplicationFilterChain.java:303)
	at org.apache.catalina.core.ApplicationFilterChain.doFilter(ApplicationFilterChain.java:208)
	at org.apache.tomcat.websocket.server.WsFilter.doFilter(WsFilter.java:52)
	at org.apache.catalina.core.ApplicationFilterChain.internalDoFilter(ApplicationFilterChain.java:241)
	at org.apache.catalina.core.ApplicationFilterChain.doFilter(ApplicationFilterChain.java:208)
	at org.apache.catalina.core.StandardWrapperValve.invoke(StandardWrapperValve.java:220)
	at org.apache.catalina.core.StandardContextValve.invoke(StandardContextValve.java:122)
	at org.apache.tomee.catalina.OpenEJBValve.invoke(OpenEJBValve.java:44)
	at org.apache.catalina.authenticator.AuthenticatorBase.invoke(AuthenticatorBase.java:501)
	at org.apache.catalina.core.StandardHostValve.invoke(StandardHostValve.java:171)
	at org.apache.catalina.valves.ErrorReportValve.invoke(ErrorReportValve.java:103)
	at org.apache.catalina.valves.AccessLogValve.invoke(AccessLogValve.java:950)
	at org.apache.catalina.core.StandardEngineValve.invoke(StandardEngineValve.java:116)
	at org.apache.catalina.connector.CoyoteAdapter.service(CoyoteAdapter.java:408)
	at org.apache.coyote.http11.AbstractHttp11Processor.process(AbstractHttp11Processor.java:1070)
	at org.apache.coyote.AbstractProtocol$AbstractConnectionHandler.process(AbstractProtocol.java:611)
	at org.apache.tomcat.util.net.JIoEndpoint$SocketProcessor.run(JIoEndpoint.java:314)
	at java.util.concurrent.ThreadPoolExecutor.runWorker(ThreadPoolExecutor.java:1149)
	at java.util.concurrent.ThreadPoolExecutor$Worker.run(ThreadPoolExecutor.java:624)
	at org.apache.tomcat.util.threads.TaskThread$WrappingRunnable.run(TaskThread.java:61)
	at java.lang.Thread.run(Thread.java:748)

Nov 13, 2017 12:26:53 PM org.apache.catalina.core.ApplicationContext log
INFO: No state saving method defined, assuming default server state saving
